[2022-11-16 23:08:49,558] DEBUG - creating thumbnail..
[2022-11-16 23:09:00,022] DEBUG - STREAM b'IHDR' 16 13
[2022-11-16 23:09:00,023] DEBUG - STREAM b'gAMA' 41 4
[2022-11-16 23:09:00,023] DEBUG - STREAM b'cHRM' 57 32
[2022-11-16 23:09:00,023] DEBUG - STREAM b'bKGD' 101 6
[2022-11-16 23:09:00,023] DEBUG - b'bKGD' 101 6 (unknown)
[2022-11-16 23:09:00,023] DEBUG - STREAM b'IDAT' 119 11861
[2022-11-16 23:09:00,024] DEBUG - STREAM b'tEXt' 11992 37
[2022-11-16 23:09:00,024] DEBUG - STREAM b'tEXt' 12041 37
[2022-11-16 23:09:00,024] DEBUG - STREAM b'tEXt' 12090 40
[2022-11-16 23:09:00,024] DEBUG - STREAM b'tEXt' 12142 27
[2022-11-16 23:09:00,026] DEBUG - transcribing audio file in path scripts\V2h5IEFsZ29yaXRobXMgTWF0dGVyIGluIE1hY2hpbmUgTGVhcm5pbmc\audio\audio-1.wav
[2022-11-16 23:09:03,431] DEBUG - start, 0.0, end, 3.84, text,  An algorithm is a set of instructions for performing a task.
[2022-11-16 23:09:03,431] DEBUG - start, 3.84, end, 10.84, text,  In computer science, algorithms are used for everything from sorting data to solving complex mathematical problems.
[2022-11-16 23:09:03,525] DEBUG - STREAM b'IHDR' 16 13
[2022-11-16 23:09:03,525] DEBUG - STREAM b'gAMA' 41 4
[2022-11-16 23:09:03,525] DEBUG - STREAM b'cHRM' 57 32
[2022-11-16 23:09:03,525] DEBUG - STREAM b'bKGD' 101 6
[2022-11-16 23:09:03,525] DEBUG - b'bKGD' 101 6 (unknown)
[2022-11-16 23:09:03,525] DEBUG - STREAM b'IDAT' 119 19218
[2022-11-16 23:09:03,527] DEBUG - STREAM b'tEXt' 19349 37
[2022-11-16 23:09:03,527] DEBUG - STREAM b'tEXt' 19398 37
[2022-11-16 23:09:03,527] DEBUG - STREAM b'tEXt' 19447 40
[2022-11-16 23:09:03,527] DEBUG - STREAM b'tEXt' 19499 66
[2022-11-16 23:09:03,649] DEBUG - STREAM b'IHDR' 16 13
[2022-11-16 23:09:03,649] DEBUG - STREAM b'gAMA' 41 4
[2022-11-16 23:09:03,649] DEBUG - STREAM b'cHRM' 57 32
[2022-11-16 23:09:03,649] DEBUG - STREAM b'bKGD' 101 6
[2022-11-16 23:09:03,649] DEBUG - b'bKGD' 101 6 (unknown)
[2022-11-16 23:09:03,649] DEBUG - STREAM b'IDAT' 119 32768
[2022-11-16 23:09:03,651] DEBUG - STREAM b'tEXt' 38550 37
[2022-11-16 23:09:03,651] DEBUG - STREAM b'tEXt' 38599 37
[2022-11-16 23:09:03,651] DEBUG - STREAM b'tEXt' 38648 40
[2022-11-16 23:09:03,651] DEBUG - STREAM b'tEXt' 38700 121
[2022-11-16 23:09:04,377] DEBUG - STREAM b'IHDR' 16 13
[2022-11-16 23:09:04,377] DEBUG - STREAM b'gAMA' 41 4
[2022-11-16 23:09:04,377] DEBUG - STREAM b'cHRM' 57 32
[2022-11-16 23:09:04,377] DEBUG - STREAM b'bKGD' 101 6
[2022-11-16 23:09:04,378] DEBUG - b'bKGD' 101 6 (unknown)
[2022-11-16 23:09:04,378] DEBUG - STREAM b'IDAT' 119 16679
[2022-11-16 23:09:04,378] DEBUG - STREAM b'tEXt' 16810 37
[2022-11-16 23:09:04,379] DEBUG - STREAM b'tEXt' 16859 37
[2022-11-16 23:09:04,379] DEBUG - STREAM b'tEXt' 16908 40
[2022-11-16 23:09:04,379] DEBUG - STREAM b'tEXt' 16960 39
[2022-11-16 23:09:04,380] DEBUG - transcribing audio file in path scripts\V2h5IEFsZ29yaXRobXMgTWF0dGVyIGluIE1hY2hpbmUgTGVhcm5pbmc\audio\audio-3.wav
[2022-11-16 23:09:04,915] DEBUG - start, 0.0, end, 5.4, text,  There are many different types of algorithms, but some of the most common include sorting,
[2022-11-16 23:09:04,915] DEBUG - start, 5.4, end, 32.4, text,  and pattern matching algorithms.
[2022-11-16 23:09:05,027] DEBUG - STREAM b'IHDR' 16 13
[2022-11-16 23:09:05,027] DEBUG - STREAM b'gAMA' 41 4
[2022-11-16 23:09:05,027] DEBUG - STREAM b'cHRM' 57 32
[2022-11-16 23:09:05,027] DEBUG - STREAM b'bKGD' 101 6
[2022-11-16 23:09:05,027] DEBUG - b'bKGD' 101 6 (unknown)
[2022-11-16 23:09:05,027] DEBUG - STREAM b'IDAT' 119 27980
[2022-11-16 23:09:05,029] DEBUG - STREAM b'tEXt' 28111 37
[2022-11-16 23:09:05,029] DEBUG - STREAM b'tEXt' 28160 37
[2022-11-16 23:09:05,029] DEBUG - STREAM b'tEXt' 28209 40
[2022-11-16 23:09:05,029] DEBUG - STREAM b'tEXt' 28261 96
[2022-11-16 23:09:05,122] DEBUG - STREAM b'IHDR' 16 13
[2022-11-16 23:09:05,122] DEBUG - STREAM b'gAMA' 41 4
[2022-11-16 23:09:05,122] DEBUG - STREAM b'cHRM' 57 32
[2022-11-16 23:09:05,123] DEBUG - STREAM b'bKGD' 101 6
[2022-11-16 23:09:05,123] DEBUG - b'bKGD' 101 6 (unknown)
[2022-11-16 23:09:05,123] DEBUG - STREAM b'IDAT' 119 10697
[2022-11-16 23:09:05,124] DEBUG - STREAM b'tEXt' 10828 37
[2022-11-16 23:09:05,124] DEBUG - STREAM b'tEXt' 10877 37
[2022-11-16 23:09:05,124] DEBUG - STREAM b'tEXt' 10926 40
[2022-11-16 23:09:05,124] DEBUG - STREAM b'tEXt' 10978 38
[2022-11-16 23:09:05,844] DEBUG - STREAM b'IHDR' 16 13
[2022-11-16 23:09:05,844] DEBUG - STREAM b'gAMA' 41 4
[2022-11-16 23:09:05,844] DEBUG - STREAM b'cHRM' 57 32
[2022-11-16 23:09:05,844] DEBUG - STREAM b'bKGD' 101 6
[2022-11-16 23:09:05,844] DEBUG - b'bKGD' 101 6 (unknown)
[2022-11-16 23:09:05,844] DEBUG - STREAM b'IDAT' 119 16139
[2022-11-16 23:09:05,845] DEBUG - STREAM b'tEXt' 16270 37
[2022-11-16 23:09:05,845] DEBUG - STREAM b'tEXt' 16319 37
[2022-11-16 23:09:05,845] DEBUG - STREAM b'tEXt' 16368 40
[2022-11-16 23:09:05,845] DEBUG - STREAM b'tEXt' 16420 29
[2022-11-16 23:09:05,847] DEBUG - transcribing audio file in path scripts\V2h5IEFsZ29yaXRobXMgTWF0dGVyIGluIE1hY2hpbmUgTGVhcm5pbmc\audio\audio-5.wav
[2022-11-16 23:09:07,022] DEBUG - start, 0.0, end, 5.68, text,  Algorithms work by taking some input, performing a series of operations on that input.
[2022-11-16 23:09:07,022] DEBUG - start, 5.68, end, 7.6000000000000005, text,  And then outputting a result.
[2022-11-16 23:09:07,023] DEBUG - start, 7.6000000000000005, end, 13.72, text,  The specific operations that an algorithm performs will depend on the type of algorithm it is.
[2022-11-16 23:09:07,024] DEBUG - start, 13.72, end, 18.56, text,  For example, a sorting algorithm will take a list of numbers as input and output,
[2022-11-16 23:09:07,024] DEBUG - start, 18.56, end, 48.519999999999996, text,  a new list with the numbers sorted in ascending or descending order.
[2022-11-16 23:09:07,265] DEBUG - STREAM b'IHDR' 16 13
[2022-11-16 23:09:07,265] DEBUG - STREAM b'gAMA' 41 4
[2022-11-16 23:09:07,265] DEBUG - STREAM b'cHRM' 57 32
[2022-11-16 23:09:07,265] DEBUG - STREAM b'bKGD' 101 6
[2022-11-16 23:09:07,265] DEBUG - b'bKGD' 101 6 (unknown)
[2022-11-16 23:09:07,265] DEBUG - STREAM b'IDAT' 119 28187
[2022-11-16 23:09:07,268] DEBUG - STREAM b'tEXt' 28318 37
[2022-11-16 23:09:07,269] DEBUG - STREAM b'tEXt' 28367 37
[2022-11-16 23:09:07,269] DEBUG - STREAM b'tEXt' 28416 40
[2022-11-16 23:09:07,269] DEBUG - STREAM b'tEXt' 28468 92
[2022-11-16 23:09:07,413] DEBUG - STREAM b'IHDR' 16 13
[2022-11-16 23:09:07,413] DEBUG - STREAM b'gAMA' 41 4
[2022-11-16 23:09:07,413] DEBUG - STREAM b'cHRM' 57 32
[2022-11-16 23:09:07,413] DEBUG - STREAM b'bKGD' 101 6
[2022-11-16 23:09:07,413] DEBUG - b'bKGD' 101 6 (unknown)
[2022-11-16 23:09:07,413] DEBUG - STREAM b'IDAT' 119 8633
[2022-11-16 23:09:07,414] DEBUG - STREAM b'tEXt' 8764 37
[2022-11-16 23:09:07,414] DEBUG - STREAM b'tEXt' 8813 37
[2022-11-16 23:09:07,414] DEBUG - STREAM b'tEXt' 8862 40
[2022-11-16 23:09:07,414] DEBUG - STREAM b'tEXt' 8914 35
[2022-11-16 23:09:07,546] DEBUG - STREAM b'IHDR' 16 13
[2022-11-16 23:09:07,546] DEBUG - STREAM b'gAMA' 41 4
[2022-11-16 23:09:07,546] DEBUG - STREAM b'cHRM' 57 32
[2022-11-16 23:09:07,546] DEBUG - STREAM b'bKGD' 101 6
[2022-11-16 23:09:07,546] DEBUG - b'bKGD' 101 6 (unknown)
[2022-11-16 23:09:07,546] DEBUG - STREAM b'IDAT' 119 29028
[2022-11-16 23:09:07,548] DEBUG - STREAM b'tEXt' 29159 37
[2022-11-16 23:09:07,548] DEBUG - STREAM b'tEXt' 29208 37
[2022-11-16 23:09:07,548] DEBUG - STREAM b'tEXt' 29257 40
[2022-11-16 23:09:07,548] DEBUG - STREAM b'tEXt' 29309 100
[2022-11-16 23:09:07,652] DEBUG - STREAM b'IHDR' 16 13
[2022-11-16 23:09:07,652] DEBUG - STREAM b'gAMA' 41 4
[2022-11-16 23:09:07,652] DEBUG - STREAM b'cHRM' 57 32
[2022-11-16 23:09:07,652] DEBUG - STREAM b'bKGD' 101 6
[2022-11-16 23:09:07,652] DEBUG - b'bKGD' 101 6 (unknown)
[2022-11-16 23:09:07,653] DEBUG - STREAM b'IDAT' 119 25208
[2022-11-16 23:09:07,654] DEBUG - STREAM b'tEXt' 25339 37
[2022-11-16 23:09:07,654] DEBUG - STREAM b'tEXt' 25388 37
[2022-11-16 23:09:07,654] DEBUG - STREAM b'tEXt' 25437 40
[2022-11-16 23:09:07,654] DEBUG - STREAM b'tEXt' 25489 87
[2022-11-16 23:09:07,751] DEBUG - STREAM b'IHDR' 16 13
[2022-11-16 23:09:07,751] DEBUG - STREAM b'gAMA' 41 4
[2022-11-16 23:09:07,751] DEBUG - STREAM b'cHRM' 57 32
[2022-11-16 23:09:07,751] DEBUG - STREAM b'bKGD' 101 6
[2022-11-16 23:09:07,751] DEBUG - b'bKGD' 101 6 (unknown)
[2022-11-16 23:09:07,751] DEBUG - STREAM b'IDAT' 119 22632
[2022-11-16 23:09:07,752] DEBUG - STREAM b'tEXt' 22763 37
[2022-11-16 23:09:07,752] DEBUG - STREAM b'tEXt' 22812 37
[2022-11-16 23:09:07,752] DEBUG - STREAM b'tEXt' 22861 40
[2022-11-16 23:09:07,752] DEBUG - STREAM b'tEXt' 22913 74
[2022-11-16 23:09:08,559] DEBUG - STREAM b'IHDR' 16 13
[2022-11-16 23:09:08,559] DEBUG - STREAM b'gAMA' 41 4
[2022-11-16 23:09:08,559] DEBUG - STREAM b'cHRM' 57 32
[2022-11-16 23:09:08,559] DEBUG - STREAM b'bKGD' 101 6
[2022-11-16 23:09:08,559] DEBUG - b'bKGD' 101 6 (unknown)
[2022-11-16 23:09:08,559] DEBUG - STREAM b'IDAT' 119 21115
[2022-11-16 23:09:08,560] DEBUG - STREAM b'tEXt' 21246 37
[2022-11-16 23:09:08,560] DEBUG - STREAM b'tEXt' 21295 37
[2022-11-16 23:09:08,560] DEBUG - STREAM b'tEXt' 21344 40
[2022-11-16 23:09:08,560] DEBUG - STREAM b'tEXt' 21396 48
[2022-11-16 23:09:08,563] DEBUG - transcribing audio file in path scripts\V2h5IEFsZ29yaXRobXMgTWF0dGVyIGluIE1hY2hpbmUgTGVhcm5pbmc\audio\audio-7.wav
[2022-11-16 23:09:09,675] DEBUG - start, 0.0, end, 4.64, text,  Algorithms can be used to solve problems more efficiently than traditional methods.
[2022-11-16 23:09:09,675] DEBUG - start, 4.64, end, 10.24, text,  For example, a sorting algorithm can sort a large list of numbers much faster than a person
[2022-11-16 23:09:09,676] DEBUG - start, 10.24, end, 11.24, text,  could.
[2022-11-16 23:09:09,677] DEBUG - start, 11.24, end, 15.76, text,  In addition, algorithms can be used to solve problems that are too difficult for humans
[2022-11-16 23:09:09,677] DEBUG - start, 15.76, end, 45.6, text,  to solve, such as finding the shortest path between two points.
[2022-11-16 23:09:09,769] DEBUG - STREAM b'IHDR' 16 13
[2022-11-16 23:09:09,769] DEBUG - STREAM b'gAMA' 41 4
[2022-11-16 23:09:09,769] DEBUG - STREAM b'cHRM' 57 32
[2022-11-16 23:09:09,769] DEBUG - STREAM b'bKGD' 101 6
[2022-11-16 23:09:09,769] DEBUG - b'bKGD' 101 6 (unknown)
[2022-11-16 23:09:09,769] DEBUG - STREAM b'IDAT' 119 27388
[2022-11-16 23:09:09,770] DEBUG - STREAM b'tEXt' 27519 37
[2022-11-16 23:09:09,771] DEBUG - STREAM b'tEXt' 27568 37
[2022-11-16 23:09:09,771] DEBUG - STREAM b'tEXt' 27617 40
[2022-11-16 23:09:09,771] DEBUG - STREAM b'tEXt' 27669 89
[2022-11-16 23:09:09,868] DEBUG - STREAM b'IHDR' 16 13
[2022-11-16 23:09:09,868] DEBUG - STREAM b'gAMA' 41 4
[2022-11-16 23:09:09,868] DEBUG - STREAM b'cHRM' 57 32
[2022-11-16 23:09:09,868] DEBUG - STREAM b'bKGD' 101 6
[2022-11-16 23:09:09,868] DEBUG - b'bKGD' 101 6 (unknown)
[2022-11-16 23:09:09,868] DEBUG - STREAM b'IDAT' 119 28352
[2022-11-16 23:09:09,869] DEBUG - STREAM b'tEXt' 28483 37
[2022-11-16 23:09:09,869] DEBUG - STREAM b'tEXt' 28532 37
[2022-11-16 23:09:09,870] DEBUG - STREAM b'tEXt' 28581 40
[2022-11-16 23:09:09,870] DEBUG - STREAM b'tEXt' 28633 97
[2022-11-16 23:09:09,943] DEBUG - STREAM b'IHDR' 16 13
[2022-11-16 23:09:09,943] DEBUG - STREAM b'gAMA' 41 4
[2022-11-16 23:09:09,943] DEBUG - STREAM b'cHRM' 57 32
[2022-11-16 23:09:09,943] DEBUG - STREAM b'bKGD' 101 6
[2022-11-16 23:09:09,943] DEBUG - b'bKGD' 101 6 (unknown)
[2022-11-16 23:09:09,943] DEBUG - STREAM b'IDAT' 119 2104
[2022-11-16 23:09:09,943] DEBUG - STREAM b'tEXt' 2235 37
[2022-11-16 23:09:09,943] DEBUG - STREAM b'tEXt' 2284 37
[2022-11-16 23:09:09,943] DEBUG - STREAM b'tEXt' 2333 40
[2022-11-16 23:09:09,943] DEBUG - STREAM b'tEXt' 2385 12
[2022-11-16 23:09:10,042] DEBUG - STREAM b'IHDR' 16 13
[2022-11-16 23:09:10,043] DEBUG - STREAM b'gAMA' 41 4
[2022-11-16 23:09:10,043] DEBUG - STREAM b'cHRM' 57 32
[2022-11-16 23:09:10,043] DEBUG - STREAM b'bKGD' 101 6
[2022-11-16 23:09:10,043] DEBUG - b'bKGD' 101 6 (unknown)
[2022-11-16 23:09:10,043] DEBUG - STREAM b'IDAT' 119 27299
[2022-11-16 23:09:10,044] DEBUG - STREAM b'tEXt' 27430 37
[2022-11-16 23:09:10,044] DEBUG - STREAM b'tEXt' 27479 37
[2022-11-16 23:09:10,044] DEBUG - STREAM b'tEXt' 27528 40
[2022-11-16 23:09:10,045] DEBUG - STREAM b'tEXt' 27580 93
[2022-11-16 23:09:10,150] DEBUG - STREAM b'IHDR' 16 13
[2022-11-16 23:09:10,151] DEBUG - STREAM b'gAMA' 41 4
[2022-11-16 23:09:10,151] DEBUG - STREAM b'cHRM' 57 32
[2022-11-16 23:09:10,151] DEBUG - STREAM b'bKGD' 101 6
[2022-11-16 23:09:10,151] DEBUG - b'bKGD' 101 6 (unknown)
[2022-11-16 23:09:10,151] DEBUG - STREAM b'IDAT' 119 21552
[2022-11-16 23:09:10,152] DEBUG - STREAM b'tEXt' 21683 37
[2022-11-16 23:09:10,152] DEBUG - STREAM b'tEXt' 21732 37
[2022-11-16 23:09:10,152] DEBUG - STREAM b'tEXt' 21781 40
[2022-11-16 23:09:10,152] DEBUG - STREAM b'tEXt' 21833 69
[2022-11-16 23:09:10,977] DEBUG - STREAM b'IHDR' 16 13
[2022-11-16 23:09:10,977] DEBUG - STREAM b'gAMA' 41 4
[2022-11-16 23:09:10,977] DEBUG - STREAM b'cHRM' 57 32
[2022-11-16 23:09:10,977] DEBUG - STREAM b'bKGD' 101 6
[2022-11-16 23:09:10,977] DEBUG - b'bKGD' 101 6 (unknown)
[2022-11-16 23:09:10,977] DEBUG - STREAM b'IDAT' 119 27338
[2022-11-16 23:09:10,979] DEBUG - STREAM b'tEXt' 27469 37
[2022-11-16 23:09:10,979] DEBUG - STREAM b'tEXt' 27518 37
[2022-11-16 23:09:10,979] DEBUG - STREAM b'tEXt' 27567 40
[2022-11-16 23:09:10,979] DEBUG - STREAM b'tEXt' 27619 53
[2022-11-16 23:09:10,982] DEBUG - transcribing audio file in path scripts\V2h5IEFsZ29yaXRobXMgTWF0dGVyIGluIE1hY2hpbmUgTGVhcm5pbmc\audio\audio-9.wav
[2022-11-16 23:09:12,202] DEBUG - start, 0.0, end, 4.0, text,  There are a few potential disadvantages of using algorithms.
[2022-11-16 23:09:12,202] DEBUG - start, 4.0, end, 10.0, text,  First, if an algorithm is not designed properly, it may not produce the desired results.
[2022-11-16 23:09:12,203] DEBUG - start, 10.0, end, 17.0, text,  Second, some algorithms can be very complex, making them difficult to understand and debug.
[2022-11-16 23:09:12,203] DEBUG - start, 17.0, end, 24.0, text,  Finally, algorithms can be computationally expensive, meaning they may require a lot of time and resources to run.
[2022-11-16 23:09:12,293] DEBUG - STREAM b'IHDR' 16 13
[2022-11-16 23:09:12,293] DEBUG - STREAM b'gAMA' 41 4
[2022-11-16 23:09:12,293] DEBUG - STREAM b'cHRM' 57 32
[2022-11-16 23:09:12,293] DEBUG - STREAM b'bKGD' 101 6
[2022-11-16 23:09:12,293] DEBUG - b'bKGD' 101 6 (unknown)
[2022-11-16 23:09:12,293] DEBUG - STREAM b'IDAT' 119 21635
[2022-11-16 23:09:12,294] DEBUG - STREAM b'tEXt' 21766 37
[2022-11-16 23:09:12,294] DEBUG - STREAM b'tEXt' 21815 37
[2022-11-16 23:09:12,294] DEBUG - STREAM b'tEXt' 21864 40
[2022-11-16 23:09:12,294] DEBUG - STREAM b'tEXt' 21916 66
[2022-11-16 23:09:12,394] DEBUG - STREAM b'IHDR' 16 13
[2022-11-16 23:09:12,394] DEBUG - STREAM b'gAMA' 41 4
[2022-11-16 23:09:12,394] DEBUG - STREAM b'cHRM' 57 32
[2022-11-16 23:09:12,394] DEBUG - STREAM b'bKGD' 101 6
[2022-11-16 23:09:12,394] DEBUG - b'bKGD' 101 6 (unknown)
[2022-11-16 23:09:12,395] DEBUG - STREAM b'IDAT' 119 26918
[2022-11-16 23:09:12,395] DEBUG - STREAM b'tEXt' 27049 37
[2022-11-16 23:09:12,395] DEBUG - STREAM b'tEXt' 27098 37
[2022-11-16 23:09:12,395] DEBUG - STREAM b'tEXt' 27147 40
[2022-11-16 23:09:12,395] DEBUG - STREAM b'tEXt' 27199 94
[2022-11-16 23:09:12,499] DEBUG - STREAM b'IHDR' 16 13
[2022-11-16 23:09:12,499] DEBUG - STREAM b'gAMA' 41 4
[2022-11-16 23:09:12,499] DEBUG - STREAM b'cHRM' 57 32
[2022-11-16 23:09:12,499] DEBUG - STREAM b'bKGD' 101 6
[2022-11-16 23:09:12,499] DEBUG - b'bKGD' 101 6 (unknown)
[2022-11-16 23:09:12,499] DEBUG - STREAM b'IDAT' 119 30709
[2022-11-16 23:09:12,499] DEBUG - STREAM b'tEXt' 30840 37
[2022-11-16 23:09:12,499] DEBUG - STREAM b'tEXt' 30889 37
[2022-11-16 23:09:12,499] DEBUG - STREAM b'tEXt' 30938 40
[2022-11-16 23:09:12,499] DEBUG - STREAM b'tEXt' 30990 97
[2022-11-16 23:09:12,613] DEBUG - STREAM b'IHDR' 16 13
[2022-11-16 23:09:12,613] DEBUG - STREAM b'gAMA' 41 4
[2022-11-16 23:09:12,613] DEBUG - STREAM b'cHRM' 57 32
[2022-11-16 23:09:12,613] DEBUG - STREAM b'bKGD' 101 6
[2022-11-16 23:09:12,613] DEBUG - b'bKGD' 101 6 (unknown)
[2022-11-16 23:09:12,614] DEBUG - STREAM b'IDAT' 119 32768
[2022-11-16 23:09:12,615] DEBUG - STREAM b'tEXt' 37588 37
[2022-11-16 23:09:12,615] DEBUG - STREAM b'tEXt' 37637 37
[2022-11-16 23:09:12,615] DEBUG - STREAM b'tEXt' 37686 40
[2022-11-16 23:09:12,615] DEBUG - STREAM b'tEXt' 37738 120
[2022-11-16 23:09:13,412] DEBUG - STREAM b'IHDR' 16 13
[2022-11-16 23:09:13,412] DEBUG - STREAM b'gAMA' 41 4
[2022-11-16 23:09:13,412] DEBUG - STREAM b'cHRM' 57 32
[2022-11-16 23:09:13,412] DEBUG - STREAM b'bKGD' 101 6
[2022-11-16 23:09:13,412] DEBUG - b'bKGD' 101 6 (unknown)
[2022-11-16 23:09:13,412] DEBUG - STREAM b'IDAT' 119 29356
[2022-11-16 23:09:13,414] DEBUG - STREAM b'tEXt' 29487 37
[2022-11-16 23:09:13,414] DEBUG - STREAM b'tEXt' 29536 37
[2022-11-16 23:09:13,414] DEBUG - STREAM b'tEXt' 29585 40
[2022-11-16 23:09:13,414] DEBUG - STREAM b'tEXt' 29637 55
[2022-11-16 23:09:13,418] DEBUG - transcribing audio file in path scripts\V2h5IEFsZ29yaXRobXMgTWF0dGVyIGluIE1hY2hpbmUgTGVhcm5pbmc\audio\audio-11.wav
[2022-11-16 23:09:14,166] DEBUG - start, 0.0, end, 4.5, text,  There are many different techniques that can be used to design algorithms.
[2022-11-16 23:09:14,166] DEBUG - start, 4.5, end, 11.5, text,  But some of the most common include greedy algorithms, dynamic programming, and divide and conquer.
[2022-11-16 23:09:14,363] DEBUG - STREAM b'IHDR' 16 13
[2022-11-16 23:09:14,363] DEBUG - STREAM b'gAMA' 41 4
[2022-11-16 23:09:14,363] DEBUG - STREAM b'cHRM' 57 32
[2022-11-16 23:09:14,363] DEBUG - STREAM b'bKGD' 101 6
[2022-11-16 23:09:14,363] DEBUG - b'bKGD' 101 6 (unknown)
[2022-11-16 23:09:14,363] DEBUG - STREAM b'IDAT' 119 24708
[2022-11-16 23:09:14,364] DEBUG - STREAM b'tEXt' 24839 37
[2022-11-16 23:09:14,364] DEBUG - STREAM b'tEXt' 24888 37
[2022-11-16 23:09:14,364] DEBUG - STREAM b'tEXt' 24937 40
[2022-11-16 23:09:14,364] DEBUG - STREAM b'tEXt' 24989 80
[2022-11-16 23:09:14,471] DEBUG - STREAM b'IHDR' 16 13
[2022-11-16 23:09:14,471] DEBUG - STREAM b'gAMA' 41 4
[2022-11-16 23:09:14,471] DEBUG - STREAM b'cHRM' 57 32
[2022-11-16 23:09:14,471] DEBUG - STREAM b'bKGD' 101 6
[2022-11-16 23:09:14,472] DEBUG - b'bKGD' 101 6 (unknown)
[2022-11-16 23:09:14,472] DEBUG - STREAM b'IDAT' 119 32591
[2022-11-16 23:09:14,473] DEBUG - STREAM b'tEXt' 32722 37
[2022-11-16 23:09:14,473] DEBUG - STREAM b'tEXt' 32771 37
[2022-11-16 23:09:14,473] DEBUG - STREAM b'tEXt' 32820 40
[2022-11-16 23:09:14,473] DEBUG - STREAM b'tEXt' 32872 105
[2022-11-16 23:09:15,268] DEBUG - STREAM b'IHDR' 16 13
[2022-11-16 23:09:15,269] DEBUG - STREAM b'gAMA' 41 4
[2022-11-16 23:09:15,269] DEBUG - STREAM b'cHRM' 57 32
[2022-11-16 23:09:15,269] DEBUG - STREAM b'bKGD' 101 6
[2022-11-16 23:09:15,269] DEBUG - b'bKGD' 101 6 (unknown)
[2022-11-16 23:09:15,269] DEBUG - STREAM b'IDAT' 119 25746
[2022-11-16 23:09:15,271] DEBUG - STREAM b'tEXt' 25877 37
[2022-11-16 23:09:15,271] DEBUG - STREAM b'tEXt' 25926 37
[2022-11-16 23:09:15,271] DEBUG - STREAM b'tEXt' 25975 40
[2022-11-16 23:09:15,271] DEBUG - STREAM b'tEXt' 26027 51
[2022-11-16 23:09:15,274] DEBUG - transcribing audio file in path scripts\V2h5IEFsZ29yaXRobXMgTWF0dGVyIGluIE1hY2hpbmUgTGVhcm5pbmc\audio\audio-13.wav
[2022-11-16 23:09:16,065] DEBUG - start, 0.0, end, 5.3, text,  There are many optimization techniques that can be used to improve the performance of algorithms.
[2022-11-16 23:09:16,065] DEBUG - start, 5.3, end, 11.6, text,  Some common techniques include data-catching, resource-prefetching, and parallelization.
[2022-11-16 23:09:16,273] DEBUG - STREAM b'IHDR' 16 13
[2022-11-16 23:09:16,273] DEBUG - STREAM b'gAMA' 41 4
[2022-11-16 23:09:16,274] DEBUG - STREAM b'cHRM' 57 32
[2022-11-16 23:09:16,274] DEBUG - STREAM b'bKGD' 101 6
[2022-11-16 23:09:16,274] DEBUG - b'bKGD' 101 6 (unknown)
[2022-11-16 23:09:16,274] DEBUG - STREAM b'IDAT' 119 31936
[2022-11-16 23:09:16,275] DEBUG - STREAM b'tEXt' 32067 37
[2022-11-16 23:09:16,275] DEBUG - STREAM b'tEXt' 32116 37
[2022-11-16 23:09:16,275] DEBUG - STREAM b'tEXt' 32165 40
[2022-11-16 23:09:16,275] DEBUG - STREAM b'tEXt' 32217 103
[2022-11-16 23:09:16,382] DEBUG - STREAM b'IHDR' 16 13
[2022-11-16 23:09:16,382] DEBUG - STREAM b'gAMA' 41 4
[2022-11-16 23:09:16,382] DEBUG - STREAM b'cHRM' 57 32
[2022-11-16 23:09:16,382] DEBUG - STREAM b'bKGD' 101 6
[2022-11-16 23:09:16,382] DEBUG - b'bKGD' 101 6 (unknown)
[2022-11-16 23:09:16,382] DEBUG - STREAM b'IDAT' 119 29749
[2022-11-16 23:09:16,383] DEBUG - STREAM b'tEXt' 29880 37
[2022-11-16 23:09:16,383] DEBUG - STREAM b'tEXt' 29929 37
[2022-11-16 23:09:16,383] DEBUG - STREAM b'tEXt' 29978 40
[2022-11-16 23:09:16,383] DEBUG - STREAM b'tEXt' 30030 94
[2022-11-16 23:09:17,194] DEBUG - STREAM b'IHDR' 16 13
[2022-11-16 23:09:17,194] DEBUG - STREAM b'gAMA' 41 4
[2022-11-16 23:09:17,194] DEBUG - STREAM b'cHRM' 57 32
[2022-11-16 23:09:17,194] DEBUG - STREAM b'bKGD' 101 6
[2022-11-16 23:09:17,194] DEBUG - b'bKGD' 101 6 (unknown)
[2022-11-16 23:09:17,194] DEBUG - STREAM b'IDAT' 119 30269
[2022-11-16 23:09:17,195] DEBUG - STREAM b'tEXt' 30400 37
[2022-11-16 23:09:17,195] DEBUG - STREAM b'tEXt' 30449 37
[2022-11-16 23:09:17,195] DEBUG - STREAM b'tEXt' 30498 40
[2022-11-16 23:09:17,195] DEBUG - STREAM b'tEXt' 30550 58
[2022-11-16 23:09:17,199] DEBUG - transcribing audio file in path scripts\V2h5IEFsZ29yaXRobXMgTWF0dGVyIGluIE1hY2hpbmUgTGVhcm5pbmc\audio\audio-15.wav
[2022-11-16 23:09:17,875] DEBUG - start, 0.0, end, 5.42, text,  Algorithms can be parallelized in many different ways, but some of the most common methods
[2022-11-16 23:09:17,875] DEBUG - start, 5.42, end, 32.42, text,  include multi-processing, multi-threading, and GPU computing.
[2022-11-16 23:09:17,965] DEBUG - STREAM b'IHDR' 16 13
[2022-11-16 23:09:17,965] DEBUG - STREAM b'gAMA' 41 4
[2022-11-16 23:09:17,965] DEBUG - STREAM b'cHRM' 57 32
[2022-11-16 23:09:17,965] DEBUG - STREAM b'bKGD' 101 6
[2022-11-16 23:09:17,966] DEBUG - b'bKGD' 101 6 (unknown)
[2022-11-16 23:09:17,966] DEBUG - STREAM b'IDAT' 119 30070
[2022-11-16 23:09:17,967] DEBUG - STREAM b'tEXt' 30201 37
[2022-11-16 23:09:17,967] DEBUG - STREAM b'tEXt' 30250 37
[2022-11-16 23:09:17,968] DEBUG - STREAM b'tEXt' 30299 40
[2022-11-16 23:09:17,968] DEBUG - STREAM b'tEXt' 30351 96
[2022-11-16 23:09:18,065] DEBUG - STREAM b'IHDR' 16 13
[2022-11-16 23:09:18,065] DEBUG - STREAM b'gAMA' 41 4
[2022-11-16 23:09:18,065] DEBUG - STREAM b'cHRM' 57 32
[2022-11-16 23:09:18,065] DEBUG - STREAM b'bKGD' 101 6
[2022-11-16 23:09:18,065] DEBUG - b'bKGD' 101 6 (unknown)
[2022-11-16 23:09:18,065] DEBUG - STREAM b'IDAT' 119 19118
[2022-11-16 23:09:18,067] DEBUG - STREAM b'tEXt' 19249 37
[2022-11-16 23:09:18,067] DEBUG - STREAM b'tEXt' 19298 37
[2022-11-16 23:09:18,067] DEBUG - STREAM b'tEXt' 19347 40
[2022-11-16 23:09:18,067] DEBUG - STREAM b'tEXt' 19399 67
[2022-11-16 23:09:18,840] DEBUG - STREAM b'IHDR' 16 13
[2022-11-16 23:09:18,840] DEBUG - STREAM b'gAMA' 41 4
[2022-11-16 23:09:18,840] DEBUG - STREAM b'cHRM' 57 32
[2022-11-16 23:09:18,840] DEBUG - STREAM b'bKGD' 101 6
[2022-11-16 23:09:18,840] DEBUG - b'bKGD' 101 6 (unknown)
[2022-11-16 23:09:18,840] DEBUG - STREAM b'IDAT' 119 27525
[2022-11-16 23:09:18,841] DEBUG - STREAM b'tEXt' 27656 37
[2022-11-16 23:09:18,841] DEBUG - STREAM b'tEXt' 27705 37
[2022-11-16 23:09:18,841] DEBUG - STREAM b'tEXt' 27754 40
[2022-11-16 23:09:18,841] DEBUG - STREAM b'tEXt' 27806 50
[2022-11-16 23:09:18,844] DEBUG - transcribing audio file in path scripts\V2h5IEFsZ29yaXRobXMgTWF0dGVyIGluIE1hY2hpbmUgTGVhcm5pbmc\audio\audio-17.wav
[2022-11-16 23:09:20,110] DEBUG - start, 0.0, end, 3.2800000000000002, text,  There are a few common issues that can arise with algorithms.
[2022-11-16 23:09:20,110] DEBUG - start, 3.2800000000000002, end, 6.8, text,  First, some algorithms can be very sensitive to input,
[2022-11-16 23:09:20,111] DEBUG - start, 6.8, end, 11.68, text,  meaning small changes in the input can result in large changes in the output.
[2022-11-16 23:09:20,111] DEBUG - start, 11.68, end, 15.36, text,  Second, some algorithms can be slow to converge,
[2022-11-16 23:09:20,111] DEBUG - start, 15.36, end, 18.64, text,  meaning they may take a long time to produce a result.
[2022-11-16 23:09:20,112] DEBUG - start, 18.64, end, 21.76, text,  Finally, some algorithms can be unstable,
[2022-11-16 23:09:20,112] DEBUG - start, 21.76, end, 31.76, text,  meaning they may produce different results each time they are run.
[2022-11-16 23:09:20,204] DEBUG - STREAM b'IHDR' 16 13
[2022-11-16 23:09:20,204] DEBUG - STREAM b'gAMA' 41 4
[2022-11-16 23:09:20,204] DEBUG - STREAM b'cHRM' 57 32
[2022-11-16 23:09:20,204] DEBUG - STREAM b'bKGD' 101 6
[2022-11-16 23:09:20,204] DEBUG - b'bKGD' 101 6 (unknown)
[2022-11-16 23:09:20,204] DEBUG - STREAM b'IDAT' 119 20632
[2022-11-16 23:09:20,205] DEBUG - STREAM b'tEXt' 20763 37
[2022-11-16 23:09:20,205] DEBUG - STREAM b'tEXt' 20812 37
[2022-11-16 23:09:20,205] DEBUG - STREAM b'tEXt' 20861 40
[2022-11-16 23:09:20,205] DEBUG - STREAM b'tEXt' 20913 67
[2022-11-16 23:09:20,298] DEBUG - STREAM b'IHDR' 16 13
[2022-11-16 23:09:20,298] DEBUG - STREAM b'gAMA' 41 4
[2022-11-16 23:09:20,298] DEBUG - STREAM b'cHRM' 57 32
[2022-11-16 23:09:20,298] DEBUG - STREAM b'bKGD' 101 6
[2022-11-16 23:09:20,298] DEBUG - b'bKGD' 101 6 (unknown)
[2022-11-16 23:09:20,298] DEBUG - STREAM b'IDAT' 119 16978
[2022-11-16 23:09:20,300] DEBUG - STREAM b'tEXt' 17109 37
[2022-11-16 23:09:20,300] DEBUG - STREAM b'tEXt' 17158 37
[2022-11-16 23:09:20,300] DEBUG - STREAM b'tEXt' 17207 40
[2022-11-16 23:09:20,300] DEBUG - STREAM b'tEXt' 17259 60
[2022-11-16 23:09:20,402] DEBUG - STREAM b'IHDR' 16 13
[2022-11-16 23:09:20,402] DEBUG - STREAM b'gAMA' 41 4
[2022-11-16 23:09:20,402] DEBUG - STREAM b'cHRM' 57 32
[2022-11-16 23:09:20,403] DEBUG - STREAM b'bKGD' 101 6
[2022-11-16 23:09:20,403] DEBUG - b'bKGD' 101 6 (unknown)
[2022-11-16 23:09:20,403] DEBUG - STREAM b'IDAT' 119 24290
[2022-11-16 23:09:20,404] DEBUG - STREAM b'tEXt' 24421 37
[2022-11-16 23:09:20,404] DEBUG - STREAM b'tEXt' 24470 37
[2022-11-16 23:09:20,404] DEBUG - STREAM b'tEXt' 24519 40
[2022-11-16 23:09:20,405] DEBUG - STREAM b'tEXt' 24571 83
[2022-11-16 23:09:20,489] DEBUG - STREAM b'IHDR' 16 13
[2022-11-16 23:09:20,489] DEBUG - STREAM b'gAMA' 41 4
[2022-11-16 23:09:20,489] DEBUG - STREAM b'cHRM' 57 32
[2022-11-16 23:09:20,489] DEBUG - STREAM b'bKGD' 101 6
[2022-11-16 23:09:20,489] DEBUG - b'bKGD' 101 6 (unknown)
[2022-11-16 23:09:20,489] DEBUG - STREAM b'IDAT' 119 17134
[2022-11-16 23:09:20,490] DEBUG - STREAM b'tEXt' 17265 37
[2022-11-16 23:09:20,491] DEBUG - STREAM b'tEXt' 17314 37
[2022-11-16 23:09:20,491] DEBUG - STREAM b'tEXt' 17363 40
[2022-11-16 23:09:20,491] DEBUG - STREAM b'tEXt' 17415 54
[2022-11-16 23:09:20,572] DEBUG - STREAM b'IHDR' 16 13
[2022-11-16 23:09:20,572] DEBUG - STREAM b'gAMA' 41 4
[2022-11-16 23:09:20,572] DEBUG - STREAM b'cHRM' 57 32
[2022-11-16 23:09:20,572] DEBUG - STREAM b'bKGD' 101 6
[2022-11-16 23:09:20,572] DEBUG - b'bKGD' 101 6 (unknown)
[2022-11-16 23:09:20,572] DEBUG - STREAM b'IDAT' 119 17570
[2022-11-16 23:09:20,573] DEBUG - STREAM b'tEXt' 17701 37
[2022-11-16 23:09:20,573] DEBUG - STREAM b'tEXt' 17750 37
[2022-11-16 23:09:20,573] DEBUG - STREAM b'tEXt' 17799 40
[2022-11-16 23:09:20,573] DEBUG - STREAM b'tEXt' 17851 60
[2022-11-16 23:09:20,654] DEBUG - STREAM b'IHDR' 16 13
[2022-11-16 23:09:20,654] DEBUG - STREAM b'gAMA' 41 4
[2022-11-16 23:09:20,654] DEBUG - STREAM b'cHRM' 57 32
[2022-11-16 23:09:20,654] DEBUG - STREAM b'bKGD' 101 6
[2022-11-16 23:09:20,654] DEBUG - b'bKGD' 101 6 (unknown)
[2022-11-16 23:09:20,654] DEBUG - STREAM b'IDAT' 119 13029
[2022-11-16 23:09:20,654] DEBUG - STREAM b'tEXt' 13160 37
[2022-11-16 23:09:20,654] DEBUG - STREAM b'tEXt' 13209 37
[2022-11-16 23:09:20,655] DEBUG - STREAM b'tEXt' 13258 40
[2022-11-16 23:09:20,655] DEBUG - STREAM b'tEXt' 13310 47
[2022-11-16 23:09:20,752] DEBUG - STREAM b'IHDR' 16 13
[2022-11-16 23:09:20,752] DEBUG - STREAM b'gAMA' 41 4
[2022-11-16 23:09:20,752] DEBUG - STREAM b'cHRM' 57 32
[2022-11-16 23:09:20,752] DEBUG - STREAM b'bKGD' 101 6
[2022-11-16 23:09:20,752] DEBUG - b'bKGD' 101 6 (unknown)
[2022-11-16 23:09:20,752] DEBUG - STREAM b'IDAT' 119 21690
[2022-11-16 23:09:20,753] DEBUG - STREAM b'tEXt' 21821 37
[2022-11-16 23:09:20,754] DEBUG - STREAM b'tEXt' 21870 37
[2022-11-16 23:09:20,754] DEBUG - STREAM b'tEXt' 21919 40
[2022-11-16 23:09:20,754] DEBUG - STREAM b'tEXt' 21971 72
[2022-11-16 23:09:21,489] DEBUG - STREAM b'IHDR' 16 13
[2022-11-16 23:09:21,489] DEBUG - STREAM b'gAMA' 41 4
[2022-11-16 23:09:21,489] DEBUG - STREAM b'cHRM' 57 32
[2022-11-16 23:09:21,489] DEBUG - STREAM b'bKGD' 101 6
[2022-11-16 23:09:21,489] DEBUG - b'bKGD' 101 6 (unknown)
[2022-11-16 23:09:21,489] DEBUG - STREAM b'IDAT' 119 22912
[2022-11-16 23:09:21,490] DEBUG - STREAM b'tEXt' 23043 37
[2022-11-16 23:09:21,490] DEBUG - STREAM b'tEXt' 23092 37
[2022-11-16 23:09:21,490] DEBUG - STREAM b'tEXt' 23141 40
[2022-11-16 23:09:21,490] DEBUG - STREAM b'tEXt' 23193 44
[2022-11-16 23:09:21,493] DEBUG - transcribing audio file in path scripts\V2h5IEFsZ29yaXRobXMgTWF0dGVyIGluIE1hY2hpbmUgTGVhcm5pbmc\audio\audio-19.wav
[2022-11-16 23:09:22,229] DEBUG - start, 0.0, end, 4.18, text,  There are many resources available for those who want to learn more about algorithms.
[2022-11-16 23:09:22,229] DEBUG - start, 4.18, end, 31.18, text,  Some of the best resources include books, online tutorials, and online courses.
[2022-11-16 23:09:22,319] DEBUG - STREAM b'IHDR' 16 13
[2022-11-16 23:09:22,319] DEBUG - STREAM b'gAMA' 41 4
[2022-11-16 23:09:22,319] DEBUG - STREAM b'cHRM' 57 32
[2022-11-16 23:09:22,320] DEBUG - STREAM b'bKGD' 101 6
[2022-11-16 23:09:22,320] DEBUG - b'bKGD' 101 6 (unknown)
[2022-11-16 23:09:22,320] DEBUG - STREAM b'IDAT' 119 28496
[2022-11-16 23:09:22,321] DEBUG - STREAM b'tEXt' 28627 37
[2022-11-16 23:09:22,321] DEBUG - STREAM b'tEXt' 28676 37
[2022-11-16 23:09:22,321] DEBUG - STREAM b'tEXt' 28725 40
[2022-11-16 23:09:22,321] DEBUG - STREAM b'tEXt' 28777 91
[2022-11-16 23:09:22,417] DEBUG - STREAM b'IHDR' 16 13
[2022-11-16 23:09:22,417] DEBUG - STREAM b'gAMA' 41 4
[2022-11-16 23:09:22,417] DEBUG - STREAM b'cHRM' 57 32
[2022-11-16 23:09:22,417] DEBUG - STREAM b'bKGD' 101 6
[2022-11-16 23:09:22,417] DEBUG - b'bKGD' 101 6 (unknown)
[2022-11-16 23:09:22,417] DEBUG - STREAM b'IDAT' 119 25844
[2022-11-16 23:09:22,418] DEBUG - STREAM b'tEXt' 25975 37
[2022-11-16 23:09:22,418] DEBUG - STREAM b'tEXt' 26024 37
[2022-11-16 23:09:22,419] DEBUG - STREAM b'tEXt' 26073 40
[2022-11-16 23:09:22,419] DEBUG - STREAM b'tEXt' 26125 85
