[2022-11-19 15:35:24,460] CRITICAL - GPU detected
[2022-11-19 15:35:34,072] DEBUG - STREAM b'IHDR' 16 13
[2022-11-19 15:35:34,072] DEBUG - STREAM b'gAMA' 41 4
[2022-11-19 15:35:34,072] DEBUG - STREAM b'cHRM' 57 32
[2022-11-19 15:35:34,072] DEBUG - STREAM b'bKGD' 101 6
[2022-11-19 15:35:34,072] DEBUG - b'bKGD' 101 6 (unknown)
[2022-11-19 15:35:34,072] DEBUG - STREAM b'IDAT' 119 32768
[2022-11-19 15:35:34,074] DEBUG - STREAM b'tEXt' 33836 37
[2022-11-19 15:35:34,074] DEBUG - STREAM b'tEXt' 33885 37
[2022-11-19 15:35:34,074] DEBUG - STREAM b'tEXt' 33934 40
[2022-11-19 15:35:34,074] DEBUG - STREAM b'tEXt' 33986 66
[2022-11-19 15:35:34,077] DEBUG - transcribing audio file in path scripts\SG93IHRvIG1ha2UgeW91ciBBSSBwcm9ncmFtIHRhbGsgdG8gaHVtYW5z\audio\audio-1.wav
[2022-11-19 15:35:42,864] DEBUG - start, 0.0, end, 5.04, text,  The first step in designing an AI program that can communicate with humans is to create
[2022-11-19 15:35:42,864] DEBUG - start, 5.04, end, 7.16, text,  a Communication program.
[2022-11-19 15:35:42,865] DEBUG - start, 7.16, end, 12.44, text,  This program will allow the AI program to communicate with human users through text, or
[2022-11-19 15:35:42,865] DEBUG - start, 12.44, end, 13.68, text,  voice.
[2022-11-19 15:35:42,865] DEBUG - start, 13.68, end, 19.0, text,  Another step in designing an AI program that can communicate with humans is to create a user
[2022-11-19 15:35:42,865] DEBUG - start, 19.0, end, 20.16, text,  interface.
[2022-11-19 15:35:42,865] DEBUG - start, 20.16, end, 25.66, text,  This user interface will allow the AI program to interact with human users through a touch
[2022-11-19 15:35:42,865] DEBUG - start, 25.66, end, 27.64, text,  screen, or keyboard.
[2022-11-19 15:35:42,865] DEBUG - start, 27.64, end, 32.64, text,  The final step in designing an AI program that can communicate with humans is to create
[2022-11-19 15:35:42,865] DEBUG - start, 32.64, end, 34.44, text,  a learning algorithm.
[2022-11-19 15:35:42,865] DEBUG - start, 34.44, end, 38.72, text,  This learning algorithm will help the AI program learn how to speak and understand human
[2022-11-19 15:35:42,865] DEBUG - start, 38.72, end, 65.72, text,  language.
[2022-11-19 15:35:42,964] DEBUG - STREAM b'IHDR' 16 13
[2022-11-19 15:35:42,964] DEBUG - STREAM b'gAMA' 41 4
[2022-11-19 15:35:42,964] DEBUG - STREAM b'cHRM' 57 32
[2022-11-19 15:35:42,964] DEBUG - STREAM b'bKGD' 101 6
[2022-11-19 15:35:42,964] DEBUG - b'bKGD' 101 6 (unknown)
[2022-11-19 15:35:42,964] DEBUG - STREAM b'IDAT' 119 27069
[2022-11-19 15:35:42,966] DEBUG - STREAM b'tEXt' 27200 37
[2022-11-19 15:35:42,966] DEBUG - STREAM b'tEXt' 27249 37
[2022-11-19 15:35:42,966] DEBUG - STREAM b'tEXt' 27298 40
[2022-11-19 15:35:42,966] DEBUG - STREAM b'tEXt' 27350 93
[2022-11-19 15:35:43,039] DEBUG - STREAM b'IHDR' 16 13
[2022-11-19 15:35:43,039] DEBUG - STREAM b'gAMA' 41 4
[2022-11-19 15:35:43,039] DEBUG - STREAM b'cHRM' 57 32
[2022-11-19 15:35:43,039] DEBUG - STREAM b'bKGD' 101 6
[2022-11-19 15:35:43,039] DEBUG - b'bKGD' 101 6 (unknown)
[2022-11-19 15:35:43,039] DEBUG - STREAM b'IDAT' 119 8877
[2022-11-19 15:35:43,040] DEBUG - STREAM b'tEXt' 9008 37
[2022-11-19 15:35:43,040] DEBUG - STREAM b'tEXt' 9057 37
[2022-11-19 15:35:43,040] DEBUG - STREAM b'tEXt' 9106 40
[2022-11-19 15:35:43,040] DEBUG - STREAM b'tEXt' 9158 30
[2022-11-19 15:35:43,136] DEBUG - STREAM b'IHDR' 16 13
[2022-11-19 15:35:43,136] DEBUG - STREAM b'gAMA' 41 4
[2022-11-19 15:35:43,136] DEBUG - STREAM b'cHRM' 57 32
[2022-11-19 15:35:43,136] DEBUG - STREAM b'bKGD' 101 6
[2022-11-19 15:35:43,137] DEBUG - b'bKGD' 101 6 (unknown)
[2022-11-19 15:35:43,137] DEBUG - STREAM b'IDAT' 119 27673
[2022-11-19 15:35:43,138] DEBUG - STREAM b'tEXt' 27804 37
[2022-11-19 15:35:43,138] DEBUG - STREAM b'tEXt' 27853 37
[2022-11-19 15:35:43,138] DEBUG - STREAM b'tEXt' 27902 40
[2022-11-19 15:35:43,138] DEBUG - STREAM b'tEXt' 27954 93
[2022-11-19 15:35:43,209] DEBUG - STREAM b'IHDR' 16 13
[2022-11-19 15:35:43,209] DEBUG - STREAM b'gAMA' 41 4
[2022-11-19 15:35:43,209] DEBUG - STREAM b'cHRM' 57 32
[2022-11-19 15:35:43,209] DEBUG - STREAM b'bKGD' 101 6
[2022-11-19 15:35:43,209] DEBUG - b'bKGD' 101 6 (unknown)
[2022-11-19 15:35:43,209] DEBUG - STREAM b'IDAT' 119 2288
[2022-11-19 15:35:43,209] DEBUG - STREAM b'tEXt' 2419 37
[2022-11-19 15:35:43,209] DEBUG - STREAM b'tEXt' 2468 37
[2022-11-19 15:35:43,209] DEBUG - STREAM b'tEXt' 2517 40
[2022-11-19 15:35:43,209] DEBUG - STREAM b'tEXt' 2569 12
[2022-11-19 15:35:43,306] DEBUG - STREAM b'IHDR' 16 13
[2022-11-19 15:35:43,306] DEBUG - STREAM b'gAMA' 41 4
[2022-11-19 15:35:43,306] DEBUG - STREAM b'cHRM' 57 32
[2022-11-19 15:35:43,306] DEBUG - STREAM b'bKGD' 101 6
[2022-11-19 15:35:43,306] DEBUG - b'bKGD' 101 6 (unknown)
[2022-11-19 15:35:43,306] DEBUG - STREAM b'IDAT' 119 29741
[2022-11-19 15:35:43,307] DEBUG - STREAM b'tEXt' 29872 37
[2022-11-19 15:35:43,307] DEBUG - STREAM b'tEXt' 29921 37
[2022-11-19 15:35:43,307] DEBUG - STREAM b'tEXt' 29970 40
[2022-11-19 15:35:43,307] DEBUG - STREAM b'tEXt' 30022 98
[2022-11-19 15:35:43,375] DEBUG - STREAM b'IHDR' 16 13
[2022-11-19 15:35:43,376] DEBUG - STREAM b'gAMA' 41 4
[2022-11-19 15:35:43,376] DEBUG - STREAM b'cHRM' 57 32
[2022-11-19 15:35:43,376] DEBUG - STREAM b'bKGD' 101 6
[2022-11-19 15:35:43,376] DEBUG - b'bKGD' 101 6 (unknown)
[2022-11-19 15:35:43,376] DEBUG - STREAM b'IDAT' 119 3393
[2022-11-19 15:35:43,376] DEBUG - STREAM b'tEXt' 3524 37
[2022-11-19 15:35:43,376] DEBUG - STREAM b'tEXt' 3573 37
[2022-11-19 15:35:43,377] DEBUG - STREAM b'tEXt' 3622 40
[2022-11-19 15:35:43,377] DEBUG - STREAM b'tEXt' 3674 16
[2022-11-19 15:35:43,473] DEBUG - STREAM b'IHDR' 16 13
[2022-11-19 15:35:43,473] DEBUG - STREAM b'gAMA' 41 4
[2022-11-19 15:35:43,473] DEBUG - STREAM b'cHRM' 57 32
[2022-11-19 15:35:43,473] DEBUG - STREAM b'bKGD' 101 6
[2022-11-19 15:35:43,473] DEBUG - b'bKGD' 101 6 (unknown)
[2022-11-19 15:35:43,473] DEBUG - STREAM b'IDAT' 119 27383
[2022-11-19 15:35:43,474] DEBUG - STREAM b'tEXt' 27514 37
[2022-11-19 15:35:43,474] DEBUG - STREAM b'tEXt' 27563 37
[2022-11-19 15:35:43,474] DEBUG - STREAM b'tEXt' 27612 40
[2022-11-19 15:35:43,474] DEBUG - STREAM b'tEXt' 27664 96
[2022-11-19 15:35:43,549] DEBUG - STREAM b'IHDR' 16 13
[2022-11-19 15:35:43,549] DEBUG - STREAM b'gAMA' 41 4
[2022-11-19 15:35:43,549] DEBUG - STREAM b'cHRM' 57 32
[2022-11-19 15:35:43,549] DEBUG - STREAM b'bKGD' 101 6
[2022-11-19 15:35:43,549] DEBUG - b'bKGD' 101 6 (unknown)
[2022-11-19 15:35:43,549] DEBUG - STREAM b'IDAT' 119 7509
[2022-11-19 15:35:43,549] DEBUG - STREAM b'tEXt' 7640 37
[2022-11-19 15:35:43,549] DEBUG - STREAM b'tEXt' 7689 37
[2022-11-19 15:35:43,549] DEBUG - STREAM b'tEXt' 7738 40
[2022-11-19 15:35:43,549] DEBUG - STREAM b'tEXt' 7790 26
[2022-11-19 15:35:43,645] DEBUG - STREAM b'IHDR' 16 13
[2022-11-19 15:35:43,645] DEBUG - STREAM b'gAMA' 41 4
[2022-11-19 15:35:43,645] DEBUG - STREAM b'cHRM' 57 32
[2022-11-19 15:35:43,646] DEBUG - STREAM b'bKGD' 101 6
[2022-11-19 15:35:43,646] DEBUG - b'bKGD' 101 6 (unknown)
[2022-11-19 15:35:43,646] DEBUG - STREAM b'IDAT' 119 26416
[2022-11-19 15:35:43,647] DEBUG - STREAM b'tEXt' 26547 37
[2022-11-19 15:35:43,647] DEBUG - STREAM b'tEXt' 26596 37
[2022-11-19 15:35:43,647] DEBUG - STREAM b'tEXt' 26645 40
[2022-11-19 15:35:43,647] DEBUG - STREAM b'tEXt' 26697 93
[2022-11-19 15:35:43,830] DEBUG - STREAM b'IHDR' 16 13
[2022-11-19 15:35:43,830] DEBUG - STREAM b'gAMA' 41 4
[2022-11-19 15:35:43,830] DEBUG - STREAM b'cHRM' 57 32
[2022-11-19 15:35:43,830] DEBUG - STREAM b'bKGD' 101 6
[2022-11-19 15:35:43,830] DEBUG - b'bKGD' 101 6 (unknown)
[2022-11-19 15:35:43,830] DEBUG - STREAM b'IDAT' 119 6613
[2022-11-19 15:35:43,830] DEBUG - STREAM b'tEXt' 6744 37
[2022-11-19 15:35:43,830] DEBUG - STREAM b'tEXt' 6793 37
[2022-11-19 15:35:43,830] DEBUG - STREAM b'tEXt' 6842 40
[2022-11-19 15:35:43,830] DEBUG - STREAM b'tEXt' 6894 27
[2022-11-19 15:35:43,930] DEBUG - STREAM b'IHDR' 16 13
[2022-11-19 15:35:43,930] DEBUG - STREAM b'gAMA' 41 4
[2022-11-19 15:35:43,930] DEBUG - STREAM b'cHRM' 57 32
[2022-11-19 15:35:43,930] DEBUG - STREAM b'bKGD' 101 6
[2022-11-19 15:35:43,930] DEBUG - b'bKGD' 101 6 (unknown)
[2022-11-19 15:35:43,930] DEBUG - STREAM b'IDAT' 119 27228
[2022-11-19 15:35:43,931] DEBUG - STREAM b'tEXt' 27359 37
[2022-11-19 15:35:43,931] DEBUG - STREAM b'tEXt' 27408 37
[2022-11-19 15:35:43,931] DEBUG - STREAM b'tEXt' 27457 40
[2022-11-19 15:35:43,931] DEBUG - STREAM b'tEXt' 27509 94
[2022-11-19 15:35:44,015] DEBUG - STREAM b'IHDR' 16 13
[2022-11-19 15:35:44,015] DEBUG - STREAM b'gAMA' 41 4
[2022-11-19 15:35:44,016] DEBUG - STREAM b'cHRM' 57 32
[2022-11-19 15:35:44,016] DEBUG - STREAM b'bKGD' 101 6
[2022-11-19 15:35:44,016] DEBUG - b'bKGD' 101 6 (unknown)
[2022-11-19 15:35:44,016] DEBUG - STREAM b'IDAT' 119 4065
[2022-11-19 15:35:44,016] DEBUG - STREAM b'tEXt' 4196 37
[2022-11-19 15:35:44,016] DEBUG - STREAM b'tEXt' 4245 37
[2022-11-19 15:35:44,016] DEBUG - STREAM b'tEXt' 4294 40
[2022-11-19 15:35:44,017] DEBUG - STREAM b'tEXt' 4346 15
[2022-11-19 15:35:44,770] DEBUG - STREAM b'IHDR' 16 13
[2022-11-19 15:35:44,770] DEBUG - STREAM b'gAMA' 41 4
[2022-11-19 15:35:44,770] DEBUG - STREAM b'cHRM' 57 32
[2022-11-19 15:35:44,770] DEBUG - STREAM b'bKGD' 101 6
[2022-11-19 15:35:44,770] DEBUG - b'bKGD' 101 6 (unknown)
[2022-11-19 15:35:44,771] DEBUG - STREAM b'IDAT' 119 30339
[2022-11-19 15:35:44,771] DEBUG - STREAM b'tEXt' 30470 37
[2022-11-19 15:35:44,772] DEBUG - STREAM b'tEXt' 30519 37
[2022-11-19 15:35:44,772] DEBUG - STREAM b'tEXt' 30568 40
[2022-11-19 15:35:44,772] DEBUG - STREAM b'tEXt' 30620 61
[2022-11-19 15:35:44,774] DEBUG - transcribing audio file in path scripts\SG93IHRvIG1ha2UgeW91ciBBSSBwcm9ncmFtIHRhbGsgdG8gaHVtYW5z\audio\audio-3.wav
[2022-11-19 15:35:52,689] DEBUG - start, 0.0, end, 4.16, text,  The second step in training your AI program to communicate with humans
[2022-11-19 15:35:52,689] DEBUG - start, 4.14, end, 6.44, text,  is to create a training data set.
[2022-11-19 15:35:52,689] DEBUG - start, 6.44, end, 9.18, text,  This training data set will help they AI program learn
[2022-11-19 15:35:52,689] DEBUG - start, 9.18, end, 11.66, text,  how to speak and understand human language.
[2022-11-19 15:35:52,689] DEBUG - start, 11.66, end, 13.86, text,  The next step in training your AI program
[2022-11-19 15:35:52,689] DEBUG - start, 13.86, end, 16.7, text,  to communicate with humans is to create a training.
[2022-11-19 15:35:52,689] DEBUG - start, 16.7, end, 19.02, text,  Algorithm, this training algorithm
[2022-11-19 15:35:52,689] DEBUG - start, 19.02, end, 21.54, text,  will help the AI program learn how to speak
[2022-11-19 15:35:52,689] DEBUG - start, 21.54, end, 23.54, text,  and understand human language.
[2022-11-19 15:35:52,689] DEBUG - start, 23.54, end, 25.76, text,  The final step in training your AI program
[2022-11-19 15:35:52,689] DEBUG - start, 25.76, end, 27.54, text,  to communicate with humans is
[2022-11-19 15:35:52,689] DEBUG - start, 27.54, end, 33.36, text,  to test the AI program. This testing will help the AI program learn how to speak and understand
[2022-11-19 15:35:52,689] DEBUG - start, 33.36, end, 40.36, text,  human language. The AI program will be able to speak and understand human language.
[2022-11-19 15:35:52,778] DEBUG - STREAM b'IHDR' 16 13
[2022-11-19 15:35:52,779] DEBUG - STREAM b'gAMA' 41 4
[2022-11-19 15:35:52,779] DEBUG - STREAM b'cHRM' 57 32
[2022-11-19 15:35:52,779] DEBUG - STREAM b'bKGD' 101 6
[2022-11-19 15:35:52,779] DEBUG - b'bKGD' 101 6 (unknown)
[2022-11-19 15:35:52,779] DEBUG - STREAM b'IDAT' 119 23033
[2022-11-19 15:35:52,780] DEBUG - STREAM b'tEXt' 23164 37
[2022-11-19 15:35:52,780] DEBUG - STREAM b'tEXt' 23213 37
[2022-11-19 15:35:52,780] DEBUG - STREAM b'tEXt' 23262 40
[2022-11-19 15:35:52,780] DEBUG - STREAM b'tEXt' 23314 76
[2022-11-19 15:35:52,853] DEBUG - STREAM b'IHDR' 16 13
[2022-11-19 15:35:52,853] DEBUG - STREAM b'gAMA' 41 4
[2022-11-19 15:35:52,853] DEBUG - STREAM b'cHRM' 57 32
[2022-11-19 15:35:52,853] DEBUG - STREAM b'bKGD' 101 6
[2022-11-19 15:35:52,853] DEBUG - b'bKGD' 101 6 (unknown)
[2022-11-19 15:35:52,853] DEBUG - STREAM b'IDAT' 119 9810
[2022-11-19 15:35:52,853] DEBUG - STREAM b'tEXt' 9941 37
[2022-11-19 15:35:52,854] DEBUG - STREAM b'tEXt' 9990 37
[2022-11-19 15:35:52,854] DEBUG - STREAM b'tEXt' 10039 40
[2022-11-19 15:35:52,854] DEBUG - STREAM b'tEXt' 10091 39
[2022-11-19 15:35:53,044] DEBUG - STREAM b'IHDR' 16 13
[2022-11-19 15:35:53,045] DEBUG - STREAM b'gAMA' 41 4
[2022-11-19 15:35:53,045] DEBUG - STREAM b'cHRM' 57 32
[2022-11-19 15:35:53,045] DEBUG - STREAM b'bKGD' 101 6
[2022-11-19 15:35:53,045] DEBUG - b'bKGD' 101 6 (unknown)
[2022-11-19 15:35:53,045] DEBUG - STREAM b'IDAT' 119 17425
[2022-11-19 15:35:53,046] DEBUG - STREAM b'tEXt' 17556 37
[2022-11-19 15:35:53,046] DEBUG - STREAM b'tEXt' 17605 37
[2022-11-19 15:35:53,046] DEBUG - STREAM b'tEXt' 17654 40
[2022-11-19 15:35:53,046] DEBUG - STREAM b'tEXt' 17706 60
[2022-11-19 15:35:53,236] DEBUG - STREAM b'IHDR' 16 13
[2022-11-19 15:35:53,236] DEBUG - STREAM b'gAMA' 41 4
[2022-11-19 15:35:53,237] DEBUG - STREAM b'cHRM' 57 32
[2022-11-19 15:35:53,237] DEBUG - STREAM b'bKGD' 101 6
[2022-11-19 15:35:53,237] DEBUG - b'bKGD' 101 6 (unknown)
[2022-11-19 15:35:53,237] DEBUG - STREAM b'IDAT' 119 15266
[2022-11-19 15:35:53,237] DEBUG - STREAM b'tEXt' 15397 37
[2022-11-19 15:35:53,238] DEBUG - STREAM b'tEXt' 15446 37
[2022-11-19 15:35:53,238] DEBUG - STREAM b'tEXt' 15495 40
[2022-11-19 15:35:53,238] DEBUG - STREAM b'tEXt' 15547 49
[2022-11-19 15:35:53,315] DEBUG - STREAM b'IHDR' 16 13
[2022-11-19 15:35:53,315] DEBUG - STREAM b'gAMA' 41 4
[2022-11-19 15:35:53,315] DEBUG - STREAM b'cHRM' 57 32
[2022-11-19 15:35:53,315] DEBUG - STREAM b'bKGD' 101 6
[2022-11-19 15:35:53,315] DEBUG - b'bKGD' 101 6 (unknown)
[2022-11-19 15:35:53,315] DEBUG - STREAM b'IDAT' 119 12176
[2022-11-19 15:35:53,316] DEBUG - STREAM b'tEXt' 12307 37
[2022-11-19 15:35:53,316] DEBUG - STREAM b'tEXt' 12356 37
[2022-11-19 15:35:53,316] DEBUG - STREAM b'tEXt' 12405 40
[2022-11-19 15:35:53,316] DEBUG - STREAM b'tEXt' 12457 47
[2022-11-19 15:35:53,503] DEBUG - STREAM b'IHDR' 16 13
[2022-11-19 15:35:53,503] DEBUG - STREAM b'gAMA' 41 4
[2022-11-19 15:35:53,503] DEBUG - STREAM b'cHRM' 57 32
[2022-11-19 15:35:53,503] DEBUG - STREAM b'bKGD' 101 6
[2022-11-19 15:35:53,503] DEBUG - b'bKGD' 101 6 (unknown)
[2022-11-19 15:35:53,503] DEBUG - STREAM b'IDAT' 119 15479
[2022-11-19 15:35:53,504] DEBUG - STREAM b'tEXt' 15610 37
[2022-11-19 15:35:53,504] DEBUG - STREAM b'tEXt' 15659 37
[2022-11-19 15:35:53,504] DEBUG - STREAM b'tEXt' 15708 40
[2022-11-19 15:35:53,504] DEBUG - STREAM b'tEXt' 15760 57
[2022-11-19 15:35:53,583] DEBUG - STREAM b'IHDR' 16 13
[2022-11-19 15:35:53,583] DEBUG - STREAM b'gAMA' 41 4
[2022-11-19 15:35:53,583] DEBUG - STREAM b'cHRM' 57 32
[2022-11-19 15:35:53,583] DEBUG - STREAM b'bKGD' 101 6
[2022-11-19 15:35:53,584] DEBUG - b'bKGD' 101 6 (unknown)
[2022-11-19 15:35:53,584] DEBUG - STREAM b'IDAT' 119 9981
[2022-11-19 15:35:53,584] DEBUG - STREAM b'tEXt' 10112 37
[2022-11-19 15:35:53,584] DEBUG - STREAM b'tEXt' 10161 37
[2022-11-19 15:35:53,584] DEBUG - STREAM b'tEXt' 10210 40
[2022-11-19 15:35:53,584] DEBUG - STREAM b'tEXt' 10262 40
[2022-11-19 15:35:53,670] DEBUG - STREAM b'IHDR' 16 13
[2022-11-19 15:35:53,670] DEBUG - STREAM b'gAMA' 41 4
[2022-11-19 15:35:53,670] DEBUG - STREAM b'cHRM' 57 32
[2022-11-19 15:35:53,670] DEBUG - STREAM b'bKGD' 101 6
[2022-11-19 15:35:53,670] DEBUG - b'bKGD' 101 6 (unknown)
[2022-11-19 15:35:53,670] DEBUG - STREAM b'IDAT' 119 14166
[2022-11-19 15:35:53,671] DEBUG - STREAM b'tEXt' 14297 37
[2022-11-19 15:35:53,671] DEBUG - STREAM b'tEXt' 14346 37
[2022-11-19 15:35:53,671] DEBUG - STREAM b'tEXt' 14395 40
[2022-11-19 15:35:53,671] DEBUG - STREAM b'tEXt' 14447 49
[2022-11-19 15:35:53,744] DEBUG - STREAM b'IHDR' 16 13
[2022-11-19 15:35:53,745] DEBUG - STREAM b'gAMA' 41 4
[2022-11-19 15:35:53,745] DEBUG - STREAM b'cHRM' 57 32
[2022-11-19 15:35:53,745] DEBUG - STREAM b'bKGD' 101 6
[2022-11-19 15:35:53,745] DEBUG - b'bKGD' 101 6 (unknown)
[2022-11-19 15:35:53,745] DEBUG - STREAM b'IDAT' 119 10416
[2022-11-19 15:35:53,745] DEBUG - STREAM b'tEXt' 10547 37
[2022-11-19 15:35:53,745] DEBUG - STREAM b'tEXt' 10596 37
[2022-11-19 15:35:53,746] DEBUG - STREAM b'tEXt' 10645 40
[2022-11-19 15:35:53,746] DEBUG - STREAM b'tEXt' 10697 36
[2022-11-19 15:35:53,821] DEBUG - STREAM b'IHDR' 16 13
[2022-11-19 15:35:53,821] DEBUG - STREAM b'gAMA' 41 4
[2022-11-19 15:35:53,821] DEBUG - STREAM b'cHRM' 57 32
[2022-11-19 15:35:53,821] DEBUG - STREAM b'bKGD' 101 6
[2022-11-19 15:35:53,821] DEBUG - b'bKGD' 101 6 (unknown)
[2022-11-19 15:35:53,821] DEBUG - STREAM b'IDAT' 119 11799
[2022-11-19 15:35:53,821] DEBUG - STREAM b'tEXt' 11930 37
[2022-11-19 15:35:53,821] DEBUG - STREAM b'tEXt' 11979 37
[2022-11-19 15:35:53,821] DEBUG - STREAM b'tEXt' 12028 40
[2022-11-19 15:35:53,821] DEBUG - STREAM b'tEXt' 12080 48
[2022-11-19 15:35:53,898] DEBUG - STREAM b'IHDR' 16 13
[2022-11-19 15:35:53,898] DEBUG - STREAM b'gAMA' 41 4
[2022-11-19 15:35:53,898] DEBUG - STREAM b'cHRM' 57 32
[2022-11-19 15:35:53,898] DEBUG - STREAM b'bKGD' 101 6
[2022-11-19 15:35:53,899] DEBUG - b'bKGD' 101 6 (unknown)
[2022-11-19 15:35:53,899] DEBUG - STREAM b'IDAT' 119 9252
[2022-11-19 15:35:53,899] DEBUG - STREAM b'tEXt' 9383 37
[2022-11-19 15:35:53,899] DEBUG - STREAM b'tEXt' 9432 37
[2022-11-19 15:35:53,899] DEBUG - STREAM b'tEXt' 9481 40
[2022-11-19 15:35:53,899] DEBUG - STREAM b'tEXt' 9533 35
[2022-11-19 15:35:53,993] DEBUG - STREAM b'IHDR' 16 13
[2022-11-19 15:35:53,994] DEBUG - STREAM b'gAMA' 41 4
[2022-11-19 15:35:53,994] DEBUG - STREAM b'cHRM' 57 32
[2022-11-19 15:35:53,994] DEBUG - STREAM b'bKGD' 101 6
[2022-11-19 15:35:53,994] DEBUG - b'bKGD' 101 6 (unknown)
[2022-11-19 15:35:53,994] DEBUG - STREAM b'IDAT' 119 30668
[2022-11-19 15:35:53,995] DEBUG - STREAM b'tEXt' 30799 37
[2022-11-19 15:35:53,995] DEBUG - STREAM b'tEXt' 30848 37
[2022-11-19 15:35:53,995] DEBUG - STREAM b'tEXt' 30897 40
[2022-11-19 15:35:53,995] DEBUG - STREAM b'tEXt' 30949 101
[2022-11-19 15:35:54,097] DEBUG - STREAM b'IHDR' 16 13
[2022-11-19 15:35:54,097] DEBUG - STREAM b'gAMA' 41 4
[2022-11-19 15:35:54,097] DEBUG - STREAM b'cHRM' 57 32
[2022-11-19 15:35:54,097] DEBUG - STREAM b'bKGD' 101 6
[2022-11-19 15:35:54,097] DEBUG - b'bKGD' 101 6 (unknown)
[2022-11-19 15:35:54,097] DEBUG - STREAM b'IDAT' 119 28056
[2022-11-19 15:35:54,098] DEBUG - STREAM b'tEXt' 28187 37
[2022-11-19 15:35:54,098] DEBUG - STREAM b'tEXt' 28236 37
[2022-11-19 15:35:54,098] DEBUG - STREAM b'tEXt' 28285 40
[2022-11-19 15:35:54,098] DEBUG - STREAM b'tEXt' 28337 89
[2022-11-19 15:35:54,921] DEBUG - STREAM b'IHDR' 16 13
[2022-11-19 15:35:54,921] DEBUG - STREAM b'gAMA' 41 4
[2022-11-19 15:35:54,922] DEBUG - STREAM b'cHRM' 57 32
[2022-11-19 15:35:54,922] DEBUG - STREAM b'bKGD' 101 6
[2022-11-19 15:35:54,922] DEBUG - b'bKGD' 101 6 (unknown)
[2022-11-19 15:35:54,922] DEBUG - STREAM b'IDAT' 119 32768
[2022-11-19 15:35:54,924] DEBUG - STREAM b'tEXt' 37342 37
[2022-11-19 15:35:54,924] DEBUG - STREAM b'tEXt' 37391 37
[2022-11-19 15:35:54,924] DEBUG - STREAM b'tEXt' 37440 40
[2022-11-19 15:35:54,924] DEBUG - STREAM b'tEXt' 37492 74
[2022-11-19 15:35:54,927] DEBUG - transcribing audio file in path scripts\SG93IHRvIG1ha2UgeW91ciBBSSBwcm9ncmFtIHRhbGsgdG8gaHVtYW5z\audio\audio-5.wav
[2022-11-19 15:35:56,095] DEBUG - start, 0.0, end, 6.6000000000000005, text,  The final step in evaluating your AI program's ability to communicate with humans is to test the AI program.
[2022-11-19 15:35:56,095] DEBUG - start, 6.6000000000000005, end, 11.96, text,  This testing will help the AI program learn how to speak and understand human language.
[2022-11-19 15:35:56,095] DEBUG - start, 11.96, end, 16.0, text,  The AI program will be able to speak and understand human language.
[2022-11-19 15:35:56,095] DEBUG - start, 16.0, end, 23.0, text,  The AI program will be able to speak and understand human language.
[2022-11-19 15:35:56,306] DEBUG - STREAM b'IHDR' 16 13
[2022-11-19 15:35:56,306] DEBUG - STREAM b'gAMA' 41 4
[2022-11-19 15:35:56,306] DEBUG - STREAM b'cHRM' 57 32
[2022-11-19 15:35:56,306] DEBUG - STREAM b'bKGD' 101 6
[2022-11-19 15:35:56,306] DEBUG - b'bKGD' 101 6 (unknown)
[2022-11-19 15:35:56,306] DEBUG - STREAM b'IDAT' 119 32768
[2022-11-19 15:35:56,307] DEBUG - STREAM b'tEXt' 34373 37
[2022-11-19 15:35:56,307] DEBUG - STREAM b'tEXt' 34422 37
[2022-11-19 15:35:56,307] DEBUG - STREAM b'tEXt' 34471 40
[2022-11-19 15:35:56,308] DEBUG - STREAM b'tEXt' 34523 114
[2022-11-19 15:35:56,405] DEBUG - STREAM b'IHDR' 16 13
[2022-11-19 15:35:56,405] DEBUG - STREAM b'gAMA' 41 4
[2022-11-19 15:35:56,405] DEBUG - STREAM b'cHRM' 57 32
[2022-11-19 15:35:56,405] DEBUG - STREAM b'bKGD' 101 6
[2022-11-19 15:35:56,405] DEBUG - b'bKGD' 101 6 (unknown)
[2022-11-19 15:35:56,405] DEBUG - STREAM b'IDAT' 119 28323
[2022-11-19 15:35:56,406] DEBUG - STREAM b'tEXt' 28454 37
[2022-11-19 15:35:56,407] DEBUG - STREAM b'tEXt' 28503 37
[2022-11-19 15:35:56,407] DEBUG - STREAM b'tEXt' 28552 40
[2022-11-19 15:35:56,407] DEBUG - STREAM b'tEXt' 28604 93
[2022-11-19 15:35:56,496] DEBUG - STREAM b'IHDR' 16 13
[2022-11-19 15:35:56,496] DEBUG - STREAM b'gAMA' 41 4
[2022-11-19 15:35:56,496] DEBUG - STREAM b'cHRM' 57 32
[2022-11-19 15:35:56,496] DEBUG - STREAM b'bKGD' 101 6
[2022-11-19 15:35:56,497] DEBUG - b'bKGD' 101 6 (unknown)
[2022-11-19 15:35:56,497] DEBUG - STREAM b'IDAT' 119 23825
[2022-11-19 15:35:56,498] DEBUG - STREAM b'tEXt' 23956 37
[2022-11-19 15:35:56,498] DEBUG - STREAM b'tEXt' 24005 37
[2022-11-19 15:35:56,498] DEBUG - STREAM b'tEXt' 24054 40
[2022-11-19 15:35:56,498] DEBUG - STREAM b'tEXt' 24106 73
[2022-11-19 15:35:56,704] DEBUG - STREAM b'IHDR' 16 13
[2022-11-19 15:35:56,704] DEBUG - STREAM b'gAMA' 41 4
[2022-11-19 15:35:56,704] DEBUG - STREAM b'cHRM' 57 32
[2022-11-19 15:35:56,704] DEBUG - STREAM b'bKGD' 101 6
[2022-11-19 15:35:56,704] DEBUG - b'bKGD' 101 6 (unknown)
[2022-11-19 15:35:56,704] DEBUG - STREAM b'IDAT' 119 23825
[2022-11-19 15:35:56,705] DEBUG - STREAM b'tEXt' 23956 37
[2022-11-19 15:35:56,705] DEBUG - STREAM b'tEXt' 24005 37
[2022-11-19 15:35:56,706] DEBUG - STREAM b'tEXt' 24054 40
[2022-11-19 15:35:56,706] DEBUG - STREAM b'tEXt' 24106 73
[2022-11-19 15:35:57,515] DEBUG - STREAM b'IHDR' 16 13
[2022-11-19 15:35:57,515] DEBUG - STREAM b'gAMA' 41 4
[2022-11-19 15:35:57,515] DEBUG - STREAM b'cHRM' 57 32
[2022-11-19 15:35:57,515] DEBUG - STREAM b'bKGD' 101 6
[2022-11-19 15:35:57,515] DEBUG - b'bKGD' 101 6 (unknown)
[2022-11-19 15:35:57,515] DEBUG - STREAM b'IDAT' 119 32768
[2022-11-19 15:35:57,517] DEBUG - STREAM b'tEXt' 37930 37
[2022-11-19 15:35:57,517] DEBUG - STREAM b'tEXt' 37979 37
[2022-11-19 15:35:57,517] DEBUG - STREAM b'tEXt' 38028 40
[2022-11-19 15:35:57,517] DEBUG - STREAM b'tEXt' 38080 73
[2022-11-19 15:35:57,519] DEBUG - transcribing audio file in path scripts\SG93IHRvIG1ha2UgeW91ciBBSSBwcm9ncmFtIHRhbGsgdG8gaHVtYW5z\audio\audio-7.wav
[2022-11-19 15:35:58,356] DEBUG - start, 0.0, end, 6.640000000000001, text,  The final step in improving your AI program's ability to communicate with humans is to test the AI program.
[2022-11-19 15:35:58,357] DEBUG - start, 6.640000000000001, end, 12.0, text,  This testing will help the AI program learn how to speak and understand human language.
[2022-11-19 15:35:58,357] DEBUG - start, 12.0, end, 24.0, text,  The AI program will be able to speak and understand human language.
[2022-11-19 15:35:58,457] DEBUG - STREAM b'IHDR' 16 13
[2022-11-19 15:35:58,457] DEBUG - STREAM b'gAMA' 41 4
[2022-11-19 15:35:58,457] DEBUG - STREAM b'cHRM' 57 32
[2022-11-19 15:35:58,457] DEBUG - STREAM b'bKGD' 101 6
[2022-11-19 15:35:58,457] DEBUG - b'bKGD' 101 6 (unknown)
[2022-11-19 15:35:58,457] DEBUG - STREAM b'IDAT' 119 32768
[2022-11-19 15:35:58,458] DEBUG - STREAM b'tEXt' 33025 37
[2022-11-19 15:35:58,459] DEBUG - STREAM b'tEXt' 33074 37
[2022-11-19 15:35:58,459] DEBUG - STREAM b'tEXt' 33123 40
[2022-11-19 15:35:58,459] DEBUG - STREAM b'tEXt' 33175 113
[2022-11-19 15:35:58,559] DEBUG - STREAM b'IHDR' 16 13
[2022-11-19 15:35:58,560] DEBUG - STREAM b'gAMA' 41 4
[2022-11-19 15:35:58,560] DEBUG - STREAM b'cHRM' 57 32
[2022-11-19 15:35:58,560] DEBUG - STREAM b'bKGD' 101 6
[2022-11-19 15:35:58,560] DEBUG - b'bKGD' 101 6 (unknown)
[2022-11-19 15:35:58,560] DEBUG - STREAM b'IDAT' 119 28323
[2022-11-19 15:35:58,562] DEBUG - STREAM b'tEXt' 28454 37
[2022-11-19 15:35:58,562] DEBUG - STREAM b'tEXt' 28503 37
[2022-11-19 15:35:58,562] DEBUG - STREAM b'tEXt' 28552 40
[2022-11-19 15:35:58,562] DEBUG - STREAM b'tEXt' 28604 93
[2022-11-19 15:35:58,659] DEBUG - STREAM b'IHDR' 16 13
[2022-11-19 15:35:58,659] DEBUG - STREAM b'gAMA' 41 4
[2022-11-19 15:35:58,659] DEBUG - STREAM b'cHRM' 57 32
[2022-11-19 15:35:58,659] DEBUG - STREAM b'bKGD' 101 6
[2022-11-19 15:35:58,659] DEBUG - b'bKGD' 101 6 (unknown)
[2022-11-19 15:35:58,659] DEBUG - STREAM b'IDAT' 119 23825
[2022-11-19 15:35:58,660] DEBUG - STREAM b'tEXt' 23956 37
[2022-11-19 15:35:58,660] DEBUG - STREAM b'tEXt' 24005 37
[2022-11-19 15:35:58,660] DEBUG - STREAM b'tEXt' 24054 40
[2022-11-19 15:35:58,660] DEBUG - STREAM b'tEXt' 24106 73
