[2022-11-20 02:39:48,333] CRITICAL - GPU detected
[2022-11-20 02:40:05,778] DEBUG - STREAM b'IHDR' 16 13
[2022-11-20 02:40:05,778] DEBUG - STREAM b'gAMA' 41 4
[2022-11-20 02:40:05,778] DEBUG - STREAM b'cHRM' 57 32
[2022-11-20 02:40:05,778] DEBUG - STREAM b'bKGD' 101 6
[2022-11-20 02:40:05,778] DEBUG - b'bKGD' 101 6 (unknown)
[2022-11-20 02:40:05,778] DEBUG - STREAM b'IDAT' 119 13632
[2022-11-20 02:40:05,779] DEBUG - STREAM b'tEXt' 13763 37
[2022-11-20 02:40:05,779] DEBUG - STREAM b'tEXt' 13812 37
[2022-11-20 02:40:05,779] DEBUG - STREAM b'tEXt' 13861 40
[2022-11-20 02:40:05,779] DEBUG - STREAM b'tEXt' 13913 31
[2022-11-20 02:40:05,781] DEBUG - transcribing audio file in path .\scripts\VGhlb3J5IGJlaGluZCBEYXRhIHN0cnVjdHVyZXM6IEFuIGV4cGxvcmF0aW9u\audio\audio-1.wav
[2022-11-20 02:40:10,179] DEBUG - start, 0.0, end, 3.52, text,  A data structure is a way to organize information in a computer.
[2022-11-20 02:40:10,180] DEBUG - start, 3.52, end, 8.24, text,  There are a lot of different data structures, and each one is good for a different purpose.
[2022-11-20 02:40:10,180] DEBUG - start, 8.24, end, 10.96, text,  One common data structure is the stack.
[2022-11-20 02:40:10,180] DEBUG - start, 10.96, end, 14.120000000000001, text,  A stack is a way to keep a list of things in memory.
[2022-11-20 02:40:10,180] DEBUG - start, 14.120000000000001, end, 16.88, text,  You can think of it kind of like a pile of books.
[2022-11-20 02:40:10,180] DEBUG - start, 16.88, end, 20.88, text,  When you want to take a book off the top of the pile, you need to push it down the backside
[2022-11-20 02:40:10,180] DEBUG - start, 20.88, end, 22.04, text,  of the pile.
[2022-11-20 02:40:10,180] DEBUG - start, 22.04, end, 25.52, text,  When you want to add a book to the top of the pile, you need to push it up the backside
[2022-11-20 02:40:10,180] DEBUG - start, 25.52, end, 26.76, text,  of the pile.
[2022-11-20 02:40:10,180] DEBUG - start, 26.76, end, 30.560000000000002, text,  One way to think about a stack is that it is a list of things that you can only add
[2022-11-20 02:40:10,180] DEBUG - start, 30.56, end, 60.4, text,  to or remove from the top.
[2022-11-20 02:40:10,267] DEBUG - STREAM b'IHDR' 16 13
[2022-11-20 02:40:10,267] DEBUG - STREAM b'gAMA' 41 4
[2022-11-20 02:40:10,267] DEBUG - STREAM b'cHRM' 57 32
[2022-11-20 02:40:10,267] DEBUG - STREAM b'bKGD' 101 6
[2022-11-20 02:40:10,268] DEBUG - b'bKGD' 101 6 (unknown)
[2022-11-20 02:40:10,268] DEBUG - STREAM b'IDAT' 119 21064
[2022-11-20 02:40:10,269] DEBUG - STREAM b'tEXt' 21195 37
[2022-11-20 02:40:10,269] DEBUG - STREAM b'tEXt' 21244 37
[2022-11-20 02:40:10,269] DEBUG - STREAM b'tEXt' 21293 40
[2022-11-20 02:40:10,269] DEBUG - STREAM b'tEXt' 21345 70
[2022-11-20 02:40:10,357] DEBUG - STREAM b'IHDR' 16 13
[2022-11-20 02:40:10,357] DEBUG - STREAM b'gAMA' 41 4
[2022-11-20 02:40:10,357] DEBUG - STREAM b'cHRM' 57 32
[2022-11-20 02:40:10,357] DEBUG - STREAM b'bKGD' 101 6
[2022-11-20 02:40:10,357] DEBUG - b'bKGD' 101 6 (unknown)
[2022-11-20 02:40:10,357] DEBUG - STREAM b'IDAT' 119 27830
[2022-11-20 02:40:10,358] DEBUG - STREAM b'tEXt' 27961 37
[2022-11-20 02:40:10,358] DEBUG - STREAM b'tEXt' 28010 37
[2022-11-20 02:40:10,358] DEBUG - STREAM b'tEXt' 28059 40
[2022-11-20 02:40:10,358] DEBUG - STREAM b'tEXt' 28111 97
[2022-11-20 02:40:10,429] DEBUG - STREAM b'IHDR' 16 13
[2022-11-20 02:40:10,429] DEBUG - STREAM b'gAMA' 41 4
[2022-11-20 02:40:10,429] DEBUG - STREAM b'cHRM' 57 32
[2022-11-20 02:40:10,429] DEBUG - STREAM b'bKGD' 101 6
[2022-11-20 02:40:10,429] DEBUG - b'bKGD' 101 6 (unknown)
[2022-11-20 02:40:10,429] DEBUG - STREAM b'IDAT' 119 12911
[2022-11-20 02:40:10,430] DEBUG - STREAM b'tEXt' 13042 37
[2022-11-20 02:40:10,430] DEBUG - STREAM b'tEXt' 13091 37
[2022-11-20 02:40:10,430] DEBUG - STREAM b'tEXt' 13140 40
[2022-11-20 02:40:10,430] DEBUG - STREAM b'tEXt' 13192 45
[2022-11-20 02:40:10,501] DEBUG - STREAM b'IHDR' 16 13
[2022-11-20 02:40:10,502] DEBUG - STREAM b'gAMA' 41 4
[2022-11-20 02:40:10,502] DEBUG - STREAM b'cHRM' 57 32
[2022-11-20 02:40:10,502] DEBUG - STREAM b'bKGD' 101 6
[2022-11-20 02:40:10,502] DEBUG - b'bKGD' 101 6 (unknown)
[2022-11-20 02:40:10,502] DEBUG - STREAM b'IDAT' 119 17123
[2022-11-20 02:40:10,503] DEBUG - STREAM b'tEXt' 17254 37
[2022-11-20 02:40:10,503] DEBUG - STREAM b'tEXt' 17303 37
[2022-11-20 02:40:10,503] DEBUG - STREAM b'tEXt' 17352 40
[2022-11-20 02:40:10,503] DEBUG - STREAM b'tEXt' 17404 58
[2022-11-20 02:40:10,580] DEBUG - STREAM b'IHDR' 16 13
[2022-11-20 02:40:10,580] DEBUG - STREAM b'gAMA' 41 4
[2022-11-20 02:40:10,580] DEBUG - STREAM b'cHRM' 57 32
[2022-11-20 02:40:10,580] DEBUG - STREAM b'bKGD' 101 6
[2022-11-20 02:40:10,580] DEBUG - b'bKGD' 101 6 (unknown)
[2022-11-20 02:40:10,580] DEBUG - STREAM b'IDAT' 119 13336
[2022-11-20 02:40:10,581] DEBUG - STREAM b'tEXt' 13467 37
[2022-11-20 02:40:10,581] DEBUG - STREAM b'tEXt' 13516 37
[2022-11-20 02:40:10,581] DEBUG - STREAM b'tEXt' 13565 40
[2022-11-20 02:40:10,581] DEBUG - STREAM b'tEXt' 13617 55
[2022-11-20 02:40:10,692] DEBUG - STREAM b'IHDR' 16 13
[2022-11-20 02:40:10,692] DEBUG - STREAM b'gAMA' 41 4
[2022-11-20 02:40:10,692] DEBUG - STREAM b'cHRM' 57 32
[2022-11-20 02:40:10,692] DEBUG - STREAM b'bKGD' 101 6
[2022-11-20 02:40:10,692] DEBUG - b'bKGD' 101 6 (unknown)
[2022-11-20 02:40:10,692] DEBUG - STREAM b'IDAT' 119 29573
[2022-11-20 02:40:10,693] DEBUG - STREAM b'tEXt' 29704 37
[2022-11-20 02:40:10,693] DEBUG - STREAM b'tEXt' 29753 37
[2022-11-20 02:40:10,693] DEBUG - STREAM b'tEXt' 29802 40
[2022-11-20 02:40:10,693] DEBUG - STREAM b'tEXt' 29854 97
[2022-11-20 02:40:10,759] DEBUG - STREAM b'IHDR' 16 13
[2022-11-20 02:40:10,759] DEBUG - STREAM b'gAMA' 41 4
[2022-11-20 02:40:10,759] DEBUG - STREAM b'cHRM' 57 32
[2022-11-20 02:40:10,759] DEBUG - STREAM b'bKGD' 101 6
[2022-11-20 02:40:10,759] DEBUG - b'bKGD' 101 6 (unknown)
[2022-11-20 02:40:10,759] DEBUG - STREAM b'IDAT' 119 3200
[2022-11-20 02:40:10,760] DEBUG - STREAM b'tEXt' 3331 37
[2022-11-20 02:40:10,760] DEBUG - STREAM b'tEXt' 3380 37
[2022-11-20 02:40:10,760] DEBUG - STREAM b'tEXt' 3429 40
[2022-11-20 02:40:10,760] DEBUG - STREAM b'tEXt' 3481 18
[2022-11-20 02:40:10,848] DEBUG - STREAM b'IHDR' 16 13
[2022-11-20 02:40:10,848] DEBUG - STREAM b'gAMA' 41 4
[2022-11-20 02:40:10,848] DEBUG - STREAM b'cHRM' 57 32
[2022-11-20 02:40:10,848] DEBUG - STREAM b'bKGD' 101 6
[2022-11-20 02:40:10,848] DEBUG - b'bKGD' 101 6 (unknown)
[2022-11-20 02:40:10,848] DEBUG - STREAM b'IDAT' 119 28126
[2022-11-20 02:40:10,851] DEBUG - STREAM b'tEXt' 28257 37
[2022-11-20 02:40:10,851] DEBUG - STREAM b'tEXt' 28306 37
[2022-11-20 02:40:10,851] DEBUG - STREAM b'tEXt' 28355 40
[2022-11-20 02:40:10,851] DEBUG - STREAM b'tEXt' 28407 93
[2022-11-20 02:40:10,916] DEBUG - STREAM b'IHDR' 16 13
[2022-11-20 02:40:10,916] DEBUG - STREAM b'gAMA' 41 4
[2022-11-20 02:40:10,916] DEBUG - STREAM b'cHRM' 57 32
[2022-11-20 02:40:10,916] DEBUG - STREAM b'bKGD' 101 6
[2022-11-20 02:40:10,916] DEBUG - b'bKGD' 101 6 (unknown)
[2022-11-20 02:40:10,916] DEBUG - STREAM b'IDAT' 119 3200
[2022-11-20 02:40:10,917] DEBUG - STREAM b'tEXt' 3331 37
[2022-11-20 02:40:10,917] DEBUG - STREAM b'tEXt' 3380 37
[2022-11-20 02:40:10,917] DEBUG - STREAM b'tEXt' 3429 40
[2022-11-20 02:40:10,917] DEBUG - STREAM b'tEXt' 3481 18
[2022-11-20 02:40:11,109] DEBUG - STREAM b'IHDR' 16 13
[2022-11-20 02:40:11,110] DEBUG - STREAM b'gAMA' 41 4
[2022-11-20 02:40:11,110] DEBUG - STREAM b'cHRM' 57 32
[2022-11-20 02:40:11,110] DEBUG - STREAM b'bKGD' 101 6
[2022-11-20 02:40:11,110] DEBUG - b'bKGD' 101 6 (unknown)
[2022-11-20 02:40:11,110] DEBUG - STREAM b'IDAT' 119 25620
[2022-11-20 02:40:11,111] DEBUG - STREAM b'tEXt' 25751 37
[2022-11-20 02:40:11,111] DEBUG - STREAM b'tEXt' 25800 37
[2022-11-20 02:40:11,111] DEBUG - STREAM b'tEXt' 25849 40
[2022-11-20 02:40:11,112] DEBUG - STREAM b'tEXt' 25901 89
[2022-11-20 02:40:11,183] DEBUG - STREAM b'IHDR' 16 13
[2022-11-20 02:40:11,184] DEBUG - STREAM b'gAMA' 41 4
[2022-11-20 02:40:11,184] DEBUG - STREAM b'cHRM' 57 32
[2022-11-20 02:40:11,184] DEBUG - STREAM b'bKGD' 101 6
[2022-11-20 02:40:11,184] DEBUG - b'bKGD' 101 6 (unknown)
[2022-11-20 02:40:11,184] DEBUG - STREAM b'IDAT' 119 7870
[2022-11-20 02:40:11,184] DEBUG - STREAM b'tEXt' 8001 37
[2022-11-20 02:40:11,184] DEBUG - STREAM b'tEXt' 8050 37
[2022-11-20 02:40:11,184] DEBUG - STREAM b'tEXt' 8099 40
[2022-11-20 02:40:11,184] DEBUG - STREAM b'tEXt' 8151 32
[2022-11-20 02:40:11,894] DEBUG - STREAM b'IHDR' 16 13
[2022-11-20 02:40:11,894] DEBUG - STREAM b'gAMA' 41 4
[2022-11-20 02:40:11,894] DEBUG - STREAM b'cHRM' 57 32
[2022-11-20 02:40:11,894] DEBUG - STREAM b'bKGD' 101 6
[2022-11-20 02:40:11,894] DEBUG - b'bKGD' 101 6 (unknown)
[2022-11-20 02:40:11,894] DEBUG - STREAM b'IDAT' 119 24508
[2022-11-20 02:40:11,895] DEBUG - STREAM b'tEXt' 24639 37
[2022-11-20 02:40:11,895] DEBUG - STREAM b'tEXt' 24688 37
[2022-11-20 02:40:11,895] DEBUG - STREAM b'tEXt' 24737 40
[2022-11-20 02:40:11,895] DEBUG - STREAM b'tEXt' 24789 47
[2022-11-20 02:40:11,898] DEBUG - transcribing audio file in path .\scripts\VGhlb3J5IGJlaGluZCBEYXRhIHN0cnVjdHVyZXM6IEFuIGV4cGxvcmF0aW9u\audio\audio-3.wav
[2022-11-20 02:40:12,293] DEBUG - start, 0.0, end, 4.0, text,  The most common data structures are the list, the stack, and the tree.
[2022-11-20 02:40:12,377] DEBUG - STREAM b'IHDR' 16 13
[2022-11-20 02:40:12,377] DEBUG - STREAM b'gAMA' 41 4
[2022-11-20 02:40:12,378] DEBUG - STREAM b'cHRM' 57 32
[2022-11-20 02:40:12,378] DEBUG - STREAM b'bKGD' 101 6
[2022-11-20 02:40:12,378] DEBUG - b'bKGD' 101 6 (unknown)
[2022-11-20 02:40:12,378] DEBUG - STREAM b'IDAT' 119 22378
[2022-11-20 02:40:12,379] DEBUG - STREAM b'tEXt' 22509 37
[2022-11-20 02:40:12,379] DEBUG - STREAM b'tEXt' 22558 37
[2022-11-20 02:40:12,379] DEBUG - STREAM b'tEXt' 22607 40
[2022-11-20 02:40:12,379] DEBUG - STREAM b'tEXt' 22659 76
[2022-11-20 02:40:13,186] DEBUG - STREAM b'IHDR' 16 13
[2022-11-20 02:40:13,186] DEBUG - STREAM b'gAMA' 41 4
[2022-11-20 02:40:13,186] DEBUG - STREAM b'cHRM' 57 32
[2022-11-20 02:40:13,186] DEBUG - STREAM b'bKGD' 101 6
[2022-11-20 02:40:13,186] DEBUG - b'bKGD' 101 6 (unknown)
[2022-11-20 02:40:13,186] DEBUG - STREAM b'IDAT' 119 31388
[2022-11-20 02:40:13,188] DEBUG - STREAM b'tEXt' 31519 37
[2022-11-20 02:40:13,188] DEBUG - STREAM b'tEXt' 31568 37
[2022-11-20 02:40:13,188] DEBUG - STREAM b'tEXt' 31617 40
[2022-11-20 02:40:13,188] DEBUG - STREAM b'tEXt' 31669 71
[2022-11-20 02:40:13,192] DEBUG - transcribing audio file in path .\scripts\VGhlb3J5IGJlaGluZCBEYXRhIHN0cnVjdHVyZXM6IEFuIGV4cGxvcmF0aW9u\audio\audio-5.wav
[2022-11-20 02:40:14,024] DEBUG - start, 0.0, end, 3.48, text,  A data structure is a way to organize information in a computer.
[2022-11-20 02:40:14,025] DEBUG - start, 3.48, end, 7.96, text,  An algorithm is a set of instructions that tell the computer how to do something.
[2022-11-20 02:40:14,025] DEBUG - start, 7.96, end, 12.0, text,  For example, the algorithm for adding two numbers is,
[2022-11-20 02:40:14,025] DEBUG - start, 12.0, end, 27.0, text,  add the first number to the second number.
[2022-11-20 02:40:14,118] DEBUG - STREAM b'IHDR' 16 13
[2022-11-20 02:40:14,118] DEBUG - STREAM b'gAMA' 41 4
[2022-11-20 02:40:14,118] DEBUG - STREAM b'cHRM' 57 32
[2022-11-20 02:40:14,118] DEBUG - STREAM b'bKGD' 101 6
[2022-11-20 02:40:14,118] DEBUG - b'bKGD' 101 6 (unknown)
[2022-11-20 02:40:14,119] DEBUG - STREAM b'IDAT' 119 21064
[2022-11-20 02:40:14,120] DEBUG - STREAM b'tEXt' 21195 37
[2022-11-20 02:40:14,120] DEBUG - STREAM b'tEXt' 21244 37
[2022-11-20 02:40:14,120] DEBUG - STREAM b'tEXt' 21293 40
[2022-11-20 02:40:14,120] DEBUG - STREAM b'tEXt' 21345 70
[2022-11-20 02:40:14,203] DEBUG - STREAM b'IHDR' 16 13
[2022-11-20 02:40:14,203] DEBUG - STREAM b'gAMA' 41 4
[2022-11-20 02:40:14,204] DEBUG - STREAM b'cHRM' 57 32
[2022-11-20 02:40:14,204] DEBUG - STREAM b'bKGD' 101 6
[2022-11-20 02:40:14,204] DEBUG - b'bKGD' 101 6 (unknown)
[2022-11-20 02:40:14,204] DEBUG - STREAM b'IDAT' 119 24767
[2022-11-20 02:40:14,205] DEBUG - STREAM b'tEXt' 24898 37
[2022-11-20 02:40:14,205] DEBUG - STREAM b'tEXt' 24947 37
[2022-11-20 02:40:14,205] DEBUG - STREAM b'tEXt' 24996 40
[2022-11-20 02:40:14,205] DEBUG - STREAM b'tEXt' 25048 87
[2022-11-20 02:40:14,289] DEBUG - STREAM b'IHDR' 16 13
[2022-11-20 02:40:14,289] DEBUG - STREAM b'gAMA' 41 4
[2022-11-20 02:40:14,289] DEBUG - STREAM b'cHRM' 57 32
[2022-11-20 02:40:14,289] DEBUG - STREAM b'bKGD' 101 6
[2022-11-20 02:40:14,289] DEBUG - b'bKGD' 101 6 (unknown)
[2022-11-20 02:40:14,289] DEBUG - STREAM b'IDAT' 119 17960
[2022-11-20 02:40:14,290] DEBUG - STREAM b'tEXt' 18091 37
[2022-11-20 02:40:14,291] DEBUG - STREAM b'tEXt' 18140 37
[2022-11-20 02:40:14,291] DEBUG - STREAM b'tEXt' 18189 40
[2022-11-20 02:40:14,291] DEBUG - STREAM b'tEXt' 18241 59
[2022-11-20 02:40:14,365] DEBUG - STREAM b'IHDR' 16 13
[2022-11-20 02:40:14,365] DEBUG - STREAM b'gAMA' 41 4
[2022-11-20 02:40:14,365] DEBUG - STREAM b'cHRM' 57 32
[2022-11-20 02:40:14,365] DEBUG - STREAM b'bKGD' 101 6
[2022-11-20 02:40:14,365] DEBUG - b'bKGD' 101 6 (unknown)
[2022-11-20 02:40:14,365] DEBUG - STREAM b'IDAT' 119 12947
[2022-11-20 02:40:14,366] DEBUG - STREAM b'tEXt' 13078 37
[2022-11-20 02:40:14,366] DEBUG - STREAM b'tEXt' 13127 37
[2022-11-20 02:40:14,366] DEBUG - STREAM b'tEXt' 13176 40
[2022-11-20 02:40:14,366] DEBUG - STREAM b'tEXt' 13228 48
[2022-11-20 02:40:15,089] DEBUG - STREAM b'IHDR' 16 13
[2022-11-20 02:40:15,089] DEBUG - STREAM b'gAMA' 41 4
[2022-11-20 02:40:15,089] DEBUG - STREAM b'cHRM' 57 32
[2022-11-20 02:40:15,089] DEBUG - STREAM b'bKGD' 101 6
[2022-11-20 02:40:15,089] DEBUG - b'bKGD' 101 6 (unknown)
[2022-11-20 02:40:15,089] DEBUG - STREAM b'IDAT' 119 23202
[2022-11-20 02:40:15,090] DEBUG - STREAM b'tEXt' 23333 37
[2022-11-20 02:40:15,090] DEBUG - STREAM b'tEXt' 23382 37
[2022-11-20 02:40:15,091] DEBUG - STREAM b'tEXt' 23431 40
[2022-11-20 02:40:15,091] DEBUG - STREAM b'tEXt' 23483 54
[2022-11-20 02:40:15,093] DEBUG - transcribing audio file in path .\scripts\VGhlb3J5IGJlaGluZCBEYXRhIHN0cnVjdHVyZXM6IEFuIGV4cGxvcmF0aW9u\audio\audio-7.wav
[2022-11-20 02:40:16,071] DEBUG - start, 0.0, end, 5.4, text,  The time complexity of a data structure is the number of operations it takes to build the data structure.
[2022-11-20 02:40:16,072] DEBUG - start, 5.4, end, 10.4, text,  For example, the time complexity of a stack is two operations, push and pop.
[2022-11-20 02:40:16,072] DEBUG - start, 10.4, end, 17.4, text,  The time complexity of a tree is O, E where N is the number of nodes in the tree.
[2022-11-20 02:40:16,174] DEBUG - STREAM b'IHDR' 16 13
[2022-11-20 02:40:16,174] DEBUG - STREAM b'gAMA' 41 4
[2022-11-20 02:40:16,174] DEBUG - STREAM b'cHRM' 57 32
[2022-11-20 02:40:16,174] DEBUG - STREAM b'bKGD' 101 6
[2022-11-20 02:40:16,174] DEBUG - b'bKGD' 101 6 (unknown)
[2022-11-20 02:40:16,175] DEBUG - STREAM b'IDAT' 119 32768
[2022-11-20 02:40:16,176] DEBUG - STREAM b'tEXt' 33060 37
[2022-11-20 02:40:16,176] DEBUG - STREAM b'tEXt' 33109 37
[2022-11-20 02:40:16,176] DEBUG - STREAM b'tEXt' 33158 40
[2022-11-20 02:40:16,176] DEBUG - STREAM b'tEXt' 33210 111
[2022-11-20 02:40:16,268] DEBUG - STREAM b'IHDR' 16 13
[2022-11-20 02:40:16,269] DEBUG - STREAM b'gAMA' 41 4
[2022-11-20 02:40:16,269] DEBUG - STREAM b'cHRM' 57 32
[2022-11-20 02:40:16,269] DEBUG - STREAM b'bKGD' 101 6
[2022-11-20 02:40:16,269] DEBUG - b'bKGD' 101 6 (unknown)
[2022-11-20 02:40:16,269] DEBUG - STREAM b'IDAT' 119 25791
[2022-11-20 02:40:16,269] DEBUG - STREAM b'tEXt' 25922 37
[2022-11-20 02:40:16,269] DEBUG - STREAM b'tEXt' 25971 37
[2022-11-20 02:40:16,269] DEBUG - STREAM b'tEXt' 26020 40
[2022-11-20 02:40:16,269] DEBUG - STREAM b'tEXt' 26072 82
[2022-11-20 02:40:16,462] DEBUG - STREAM b'IHDR' 16 13
[2022-11-20 02:40:16,462] DEBUG - STREAM b'gAMA' 41 4
[2022-11-20 02:40:16,462] DEBUG - STREAM b'cHRM' 57 32
[2022-11-20 02:40:16,462] DEBUG - STREAM b'bKGD' 101 6
[2022-11-20 02:40:16,462] DEBUG - b'bKGD' 101 6 (unknown)
[2022-11-20 02:40:16,462] DEBUG - STREAM b'IDAT' 119 23465
[2022-11-20 02:40:16,463] DEBUG - STREAM b'tEXt' 23596 37
[2022-11-20 02:40:16,463] DEBUG - STREAM b'tEXt' 23645 37
[2022-11-20 02:40:16,463] DEBUG - STREAM b'tEXt' 23694 40
[2022-11-20 02:40:16,463] DEBUG - STREAM b'tEXt' 23746 87
[2022-11-20 02:40:17,267] DEBUG - STREAM b'IHDR' 16 13
[2022-11-20 02:40:17,267] DEBUG - STREAM b'gAMA' 41 4
[2022-11-20 02:40:17,267] DEBUG - STREAM b'cHRM' 57 32
[2022-11-20 02:40:17,267] DEBUG - STREAM b'bKGD' 101 6
[2022-11-20 02:40:17,267] DEBUG - b'bKGD' 101 6 (unknown)
[2022-11-20 02:40:17,267] DEBUG - STREAM b'IDAT' 119 25917
[2022-11-20 02:40:17,268] DEBUG - STREAM b'tEXt' 26048 37
[2022-11-20 02:40:17,268] DEBUG - STREAM b'tEXt' 26097 37
[2022-11-20 02:40:17,268] DEBUG - STREAM b'tEXt' 26146 40
[2022-11-20 02:40:17,268] DEBUG - STREAM b'tEXt' 26198 55
[2022-11-20 02:40:17,272] DEBUG - transcribing audio file in path .\scripts\VGhlb3J5IGJlaGluZCBEYXRhIHN0cnVjdHVyZXM6IEFuIGV4cGxvcmF0aW9u\audio\audio-9.wav
[2022-11-20 02:40:18,361] DEBUG - start, 0.0, end, 3.0, text,  The space complexity of a data structure is the number of bytes
[2022-11-20 02:40:18,362] DEBUG - start, 3.0, end, 5.6000000000000005, text,  as it takes to store the data structure.
[2022-11-20 02:40:18,362] DEBUG - start, 5.6000000000000005, end, 9.9, text,  For example, the space complexity of a stack is two bytes.
[2022-11-20 02:40:18,362] DEBUG - start, 9.9, end, 15.9, text,  The space complexity of a tree is O of N where N is the number of nodes in the tree.
[2022-11-20 02:40:18,445] DEBUG - STREAM b'IHDR' 16 13
[2022-11-20 02:40:18,445] DEBUG - STREAM b'gAMA' 41 4
[2022-11-20 02:40:18,445] DEBUG - STREAM b'cHRM' 57 32
[2022-11-20 02:40:18,445] DEBUG - STREAM b'bKGD' 101 6
[2022-11-20 02:40:18,445] DEBUG - b'bKGD' 101 6 (unknown)
[2022-11-20 02:40:18,445] DEBUG - STREAM b'IDAT' 119 21526
[2022-11-20 02:40:18,446] DEBUG - STREAM b'tEXt' 21657 37
[2022-11-20 02:40:18,446] DEBUG - STREAM b'tEXt' 21706 37
[2022-11-20 02:40:18,447] DEBUG - STREAM b'tEXt' 21755 40
[2022-11-20 02:40:18,447] DEBUG - STREAM b'tEXt' 21807 69
[2022-11-20 02:40:18,518] DEBUG - STREAM b'IHDR' 16 13
[2022-11-20 02:40:18,518] DEBUG - STREAM b'gAMA' 41 4
[2022-11-20 02:40:18,518] DEBUG - STREAM b'cHRM' 57 32
[2022-11-20 02:40:18,518] DEBUG - STREAM b'bKGD' 101 6
[2022-11-20 02:40:18,518] DEBUG - b'bKGD' 101 6 (unknown)
[2022-11-20 02:40:18,518] DEBUG - STREAM b'IDAT' 119 12511
[2022-11-20 02:40:18,519] DEBUG - STREAM b'tEXt' 12642 37
[2022-11-20 02:40:18,519] DEBUG - STREAM b'tEXt' 12691 37
[2022-11-20 02:40:18,519] DEBUG - STREAM b'tEXt' 12740 40
[2022-11-20 02:40:18,519] DEBUG - STREAM b'tEXt' 12792 46
[2022-11-20 02:40:18,602] DEBUG - STREAM b'IHDR' 16 13
[2022-11-20 02:40:18,602] DEBUG - STREAM b'gAMA' 41 4
[2022-11-20 02:40:18,602] DEBUG - STREAM b'cHRM' 57 32
[2022-11-20 02:40:18,602] DEBUG - STREAM b'bKGD' 101 6
[2022-11-20 02:40:18,602] DEBUG - b'bKGD' 101 6 (unknown)
[2022-11-20 02:40:18,602] DEBUG - STREAM b'IDAT' 119 20471
[2022-11-20 02:40:18,603] DEBUG - STREAM b'tEXt' 20602 37
[2022-11-20 02:40:18,603] DEBUG - STREAM b'tEXt' 20651 37
[2022-11-20 02:40:18,603] DEBUG - STREAM b'tEXt' 20700 40
[2022-11-20 02:40:18,603] DEBUG - STREAM b'tEXt' 20752 64
[2022-11-20 02:40:18,691] DEBUG - STREAM b'IHDR' 16 13
[2022-11-20 02:40:18,691] DEBUG - STREAM b'gAMA' 41 4
[2022-11-20 02:40:18,691] DEBUG - STREAM b'cHRM' 57 32
[2022-11-20 02:40:18,691] DEBUG - STREAM b'bKGD' 101 6
[2022-11-20 02:40:18,691] DEBUG - b'bKGD' 101 6 (unknown)
[2022-11-20 02:40:18,691] DEBUG - STREAM b'IDAT' 119 25764
[2022-11-20 02:40:18,693] DEBUG - STREAM b'tEXt' 25895 37
[2022-11-20 02:40:18,693] DEBUG - STREAM b'tEXt' 25944 37
[2022-11-20 02:40:18,693] DEBUG - STREAM b'tEXt' 25993 40
[2022-11-20 02:40:18,693] DEBUG - STREAM b'tEXt' 26045 90
[2022-11-20 02:40:19,483] DEBUG - STREAM b'IHDR' 16 13
[2022-11-20 02:40:19,483] DEBUG - STREAM b'gAMA' 41 4
[2022-11-20 02:40:19,483] DEBUG - STREAM b'cHRM' 57 32
[2022-11-20 02:40:19,483] DEBUG - STREAM b'bKGD' 101 6
[2022-11-20 02:40:19,483] DEBUG - b'bKGD' 101 6 (unknown)
[2022-11-20 02:40:19,483] DEBUG - STREAM b'IDAT' 119 28583
[2022-11-20 02:40:19,485] DEBUG - STREAM b'tEXt' 28714 37
[2022-11-20 02:40:19,485] DEBUG - STREAM b'tEXt' 28763 37
[2022-11-20 02:40:19,485] DEBUG - STREAM b'tEXt' 28812 40
[2022-11-20 02:40:19,485] DEBUG - STREAM b'tEXt' 28864 63
[2022-11-20 02:40:19,488] DEBUG - transcribing audio file in path .\scripts\VGhlb3J5IGJlaGluZCBEYXRhIHN0cnVjdHVyZXM6IEFuIGV4cGxvcmF0aW9u\audio\audio-11.wav
[2022-11-20 02:40:20,523] DEBUG - start, 0.0, end, 8.0, text,  One trade-off between time and space complexity is that the space complexity of a data structure is usually higher than the time complexity.
[2022-11-20 02:40:20,523] DEBUG - start, 8.0, end, 14.0, text,  For example, a stack is two bytes, but it takes two operations to build it, push and pop.
[2022-11-20 02:40:20,524] DEBUG - start, 14.0, end, 24.0, text,  A tree is of inbities, but it takes so of operations to build it.
[2022-11-20 02:40:20,630] DEBUG - STREAM b'IHDR' 16 13
[2022-11-20 02:40:20,630] DEBUG - STREAM b'gAMA' 41 4
[2022-11-20 02:40:20,630] DEBUG - STREAM b'cHRM' 57 32
[2022-11-20 02:40:20,630] DEBUG - STREAM b'bKGD' 101 6
[2022-11-20 02:40:20,630] DEBUG - b'bKGD' 101 6 (unknown)
[2022-11-20 02:40:20,630] DEBUG - STREAM b'IDAT' 119 32768
[2022-11-20 02:40:20,632] DEBUG - STREAM b'tEXt' 46374 37
[2022-11-20 02:40:20,632] DEBUG - STREAM b'tEXt' 46423 37
[2022-11-20 02:40:20,632] DEBUG - STREAM b'tEXt' 46472 40
[2022-11-20 02:40:20,632] DEBUG - STREAM b'zTXt' 46524 110
[2022-11-20 02:40:20,721] DEBUG - STREAM b'IHDR' 16 13
[2022-11-20 02:40:20,721] DEBUG - STREAM b'gAMA' 41 4
[2022-11-20 02:40:20,721] DEBUG - STREAM b'cHRM' 57 32
[2022-11-20 02:40:20,721] DEBUG - STREAM b'bKGD' 101 6
[2022-11-20 02:40:20,721] DEBUG - b'bKGD' 101 6 (unknown)
[2022-11-20 02:40:20,721] DEBUG - STREAM b'IDAT' 119 28648
[2022-11-20 02:40:20,722] DEBUG - STREAM b'tEXt' 28779 37
[2022-11-20 02:40:20,722] DEBUG - STREAM b'tEXt' 28828 37
[2022-11-20 02:40:20,722] DEBUG - STREAM b'tEXt' 28877 40
[2022-11-20 02:40:20,722] DEBUG - STREAM b'tEXt' 28929 95
[2022-11-20 02:40:20,807] DEBUG - STREAM b'IHDR' 16 13
[2022-11-20 02:40:20,807] DEBUG - STREAM b'gAMA' 41 4
[2022-11-20 02:40:20,807] DEBUG - STREAM b'cHRM' 57 32
[2022-11-20 02:40:20,807] DEBUG - STREAM b'bKGD' 101 6
[2022-11-20 02:40:20,807] DEBUG - b'bKGD' 101 6 (unknown)
[2022-11-20 02:40:20,807] DEBUG - STREAM b'IDAT' 119 18689
[2022-11-20 02:40:20,808] DEBUG - STREAM b'tEXt' 18820 37
[2022-11-20 02:40:20,808] DEBUG - STREAM b'tEXt' 18869 37
[2022-11-20 02:40:20,808] DEBUG - STREAM b'tEXt' 18918 40
[2022-11-20 02:40:20,808] DEBUG - STREAM b'tEXt' 18970 71
[2022-11-20 02:40:21,572] DEBUG - STREAM b'IHDR' 16 13
[2022-11-20 02:40:21,572] DEBUG - STREAM b'gAMA' 41 4
[2022-11-20 02:40:21,572] DEBUG - STREAM b'cHRM' 57 32
[2022-11-20 02:40:21,572] DEBUG - STREAM b'bKGD' 101 6
[2022-11-20 02:40:21,572] DEBUG - b'bKGD' 101 6 (unknown)
[2022-11-20 02:40:21,572] DEBUG - STREAM b'IDAT' 119 30981
[2022-11-20 02:40:21,574] DEBUG - STREAM b'tEXt' 31112 37
[2022-11-20 02:40:21,574] DEBUG - STREAM b'tEXt' 31161 37
[2022-11-20 02:40:21,575] DEBUG - STREAM b'tEXt' 31210 40
[2022-11-20 02:40:21,575] DEBUG - STREAM b'tEXt' 31262 59
[2022-11-20 02:40:21,578] DEBUG - transcribing audio file in path .\scripts\VGhlb3J5IGJlaGluZCBEYXRhIHN0cnVjdHVyZXM6IEFuIGV4cGxvcmF0aW9u\audio\audio-13.wav
[2022-11-20 02:40:22,330] DEBUG - start, 0.0, end, 5.4, text,  The worst case scenario for a data structure is when it takes the longest time to build the data structure,
[2022-11-20 02:40:22,330] DEBUG - start, 5.4, end, 32.4, text,  or when it takes the most space to store it.
[2022-11-20 02:40:22,427] DEBUG - STREAM b'IHDR' 16 13
[2022-11-20 02:40:22,427] DEBUG - STREAM b'gAMA' 41 4
[2022-11-20 02:40:22,427] DEBUG - STREAM b'cHRM' 57 32
[2022-11-20 02:40:22,427] DEBUG - STREAM b'bKGD' 101 6
[2022-11-20 02:40:22,427] DEBUG - b'bKGD' 101 6 (unknown)
[2022-11-20 02:40:22,427] DEBUG - STREAM b'IDAT' 119 32768
[2022-11-20 02:40:22,429] DEBUG - STREAM b'tEXt' 34884 37
[2022-11-20 02:40:22,429] DEBUG - STREAM b'tEXt' 34933 37
[2022-11-20 02:40:22,429] DEBUG - STREAM b'tEXt' 34982 40
[2022-11-20 02:40:22,429] DEBUG - STREAM b'tEXt' 35034 113
[2022-11-20 02:40:22,608] DEBUG - STREAM b'IHDR' 16 13
[2022-11-20 02:40:22,608] DEBUG - STREAM b'gAMA' 41 4
[2022-11-20 02:40:22,608] DEBUG - STREAM b'cHRM' 57 32
[2022-11-20 02:40:22,608] DEBUG - STREAM b'bKGD' 101 6
[2022-11-20 02:40:22,609] DEBUG - b'bKGD' 101 6 (unknown)
[2022-11-20 02:40:22,609] DEBUG - STREAM b'IDAT' 119 13303
[2022-11-20 02:40:22,609] DEBUG - STREAM b'tEXt' 13434 37
[2022-11-20 02:40:22,609] DEBUG - STREAM b'tEXt' 13483 37
[2022-11-20 02:40:22,610] DEBUG - STREAM b'tEXt' 13532 40
[2022-11-20 02:40:22,610] DEBUG - STREAM b'tEXt' 13584 50
[2022-11-20 02:40:23,349] DEBUG - STREAM b'IHDR' 16 13
[2022-11-20 02:40:23,349] DEBUG - STREAM b'gAMA' 41 4
[2022-11-20 02:40:23,349] DEBUG - STREAM b'cHRM' 57 32
[2022-11-20 02:40:23,349] DEBUG - STREAM b'bKGD' 101 6
[2022-11-20 02:40:23,349] DEBUG - b'bKGD' 101 6 (unknown)
[2022-11-20 02:40:23,349] DEBUG - STREAM b'IDAT' 119 28567
[2022-11-20 02:40:23,351] DEBUG - STREAM b'tEXt' 28698 37
[2022-11-20 02:40:23,351] DEBUG - STREAM b'tEXt' 28747 37
[2022-11-20 02:40:23,351] DEBUG - STREAM b'tEXt' 28796 40
[2022-11-20 02:40:23,351] DEBUG - STREAM b'tEXt' 28848 58
[2022-11-20 02:40:23,353] DEBUG - transcribing audio file in path .\scripts\VGhlb3J5IGJlaGluZCBEYXRhIHN0cnVjdHVyZXM6IEFuIGV4cGxvcmF0aW9u\audio\audio-15.wav
[2022-11-20 02:40:23,950] DEBUG - start, 0.0, end, 5.9, text,  The best case scenario for a data structure is when it takes the least time to build the data structure,
[2022-11-20 02:40:23,950] DEBUG - start, 5.9, end, 32.9, text,  or when it takes the least space to store it.
[2022-11-20 02:40:24,045] DEBUG - STREAM b'IHDR' 16 13
[2022-11-20 02:40:24,045] DEBUG - STREAM b'gAMA' 41 4
[2022-11-20 02:40:24,045] DEBUG - STREAM b'cHRM' 57 32
[2022-11-20 02:40:24,045] DEBUG - STREAM b'bKGD' 101 6
[2022-11-20 02:40:24,045] DEBUG - b'bKGD' 101 6 (unknown)
[2022-11-20 02:40:24,045] DEBUG - STREAM b'IDAT' 119 31335
[2022-11-20 02:40:24,047] DEBUG - STREAM b'tEXt' 31466 37
[2022-11-20 02:40:24,047] DEBUG - STREAM b'tEXt' 31515 37
[2022-11-20 02:40:24,047] DEBUG - STREAM b'tEXt' 31564 40
[2022-11-20 02:40:24,047] DEBUG - STREAM b'tEXt' 31616 110
[2022-11-20 02:40:24,124] DEBUG - STREAM b'IHDR' 16 13
[2022-11-20 02:40:24,124] DEBUG - STREAM b'gAMA' 41 4
[2022-11-20 02:40:24,125] DEBUG - STREAM b'cHRM' 57 32
[2022-11-20 02:40:24,125] DEBUG - STREAM b'bKGD' 101 6
[2022-11-20 02:40:24,125] DEBUG - b'bKGD' 101 6 (unknown)
[2022-11-20 02:40:24,125] DEBUG - STREAM b'IDAT' 119 13783
[2022-11-20 02:40:24,126] DEBUG - STREAM b'tEXt' 13914 37
[2022-11-20 02:40:24,126] DEBUG - STREAM b'tEXt' 13963 37
[2022-11-20 02:40:24,126] DEBUG - STREAM b'tEXt' 14012 40
[2022-11-20 02:40:24,126] DEBUG - STREAM b'tEXt' 14064 51
