[2022-11-13 15:49:39,043] DEBUG - Starting new HTTPS connection (1): www.googleapis.com:443
[2022-11-13 15:49:39,529] DEBUG - https://www.googleapis.com:443 "GET /youtube/v3/playlists?part=id&id=UC_x5XG1OV2P6uZZ5FSM9Ttw&key=AIzaSyDfv2ISoNjVh2oX2JRJUQ1loS-voHH3GlI&maxResults=2 HTTP/1.1" 200 None
[2022-11-13 15:49:39,532] DEBUG - Starting new HTTPS connection (1): www.googleapis.com:443
[2022-11-13 15:49:40,356] DEBUG - https://www.googleapis.com:443 "GET /youtube/v3/search?part=snippet&type=video&maxResults=50&order=relevance&key=AIzaSyDfv2ISoNjVh2oX2JRJUQ1loS-voHH3GlI&q=Algorithms:%20The%20Key%20to%20Security%20and%20Cryptography&publishedAfter=2000-01-01T00:00:00Z&publishedBefore=3000-01-01T00:00:00Z HTTP/1.1" 200 None
[2022-11-13 15:49:40,380] DEBUG - Starting new HTTPS connection (1): www.googleapis.com:443
[2022-11-13 15:49:40,712] DEBUG - https://www.googleapis.com:443 "GET /youtube/v3/videos?key=AIzaSyDfv2ISoNjVh2oX2JRJUQ1loS-voHH3GlI&fields=items(snippet(tags))&part=snippet&id=bO4lEQfPn60 HTTP/1.1" 200 None
[2022-11-13 15:49:40,729] DEBUG - Starting new HTTPS connection (1): www.googleapis.com:443
[2022-11-13 15:49:41,073] DEBUG - https://www.googleapis.com:443 "GET /youtube/v3/videos?key=AIzaSyDfv2ISoNjVh2oX2JRJUQ1loS-voHH3GlI&fields=items(snippet(tags))&part=snippet&id=5jpgMXt1Z9Y HTTP/1.1" 200 None
[2022-11-13 15:49:41,077] DEBUG - Starting new HTTPS connection (1): www.googleapis.com:443
[2022-11-13 15:49:41,387] DEBUG - https://www.googleapis.com:443 "GET /youtube/v3/videos?key=AIzaSyDfv2ISoNjVh2oX2JRJUQ1loS-voHH3GlI&fields=items(snippet(tags))&part=snippet&id=9GWLZL-ZYLg HTTP/1.1" 200 None
[2022-11-13 15:49:41,389] DEBUG - Starting new HTTPS connection (1): www.googleapis.com:443
[2022-11-13 15:49:41,664] DEBUG - https://www.googleapis.com:443 "GET /youtube/v3/videos?key=AIzaSyDfv2ISoNjVh2oX2JRJUQ1loS-voHH3GlI&fields=items(snippet(tags))&part=snippet&id=rlJTMUBXhKE HTTP/1.1" 200 None
[2022-11-13 15:49:41,667] DEBUG - Starting new HTTPS connection (1): www.googleapis.com:443
[2022-11-13 15:49:41,931] DEBUG - https://www.googleapis.com:443 "GET /youtube/v3/videos?key=AIzaSyDfv2ISoNjVh2oX2JRJUQ1loS-voHH3GlI&fields=items(snippet(tags))&part=snippet&id=4zahvcJ9glg HTTP/1.1" 200 None
[2022-11-13 15:49:41,934] DEBUG - Starting new HTTPS connection (1): www.googleapis.com:443
[2022-11-13 15:49:42,171] DEBUG - https://www.googleapis.com:443 "GET /youtube/v3/videos?key=AIzaSyDfv2ISoNjVh2oX2JRJUQ1loS-voHH3GlI&fields=items(snippet(tags))&part=snippet&id=6_Cxj5WKpIw HTTP/1.1" 200 None
[2022-11-13 15:49:42,175] DEBUG - Starting new HTTPS connection (1): www.googleapis.com:443
[2022-11-13 15:49:42,509] DEBUG - https://www.googleapis.com:443 "GET /youtube/v3/videos?key=AIzaSyDfv2ISoNjVh2oX2JRJUQ1loS-voHH3GlI&fields=items(snippet(tags))&part=snippet&id=JFQAHDOHjfM HTTP/1.1" 200 None
[2022-11-13 15:49:42,512] DEBUG - Starting new HTTPS connection (1): www.googleapis.com:443
[2022-11-13 15:49:42,815] DEBUG - https://www.googleapis.com:443 "GET /youtube/v3/videos?key=AIzaSyDfv2ISoNjVh2oX2JRJUQ1loS-voHH3GlI&fields=items(snippet(tags))&part=snippet&id=_0vdcgwC5Zg HTTP/1.1" 200 None
[2022-11-13 15:49:42,818] DEBUG - Starting new HTTPS connection (1): www.googleapis.com:443
[2022-11-13 15:49:43,111] DEBUG - https://www.googleapis.com:443 "GET /youtube/v3/videos?key=AIzaSyDfv2ISoNjVh2oX2JRJUQ1loS-voHH3GlI&fields=items(snippet(tags))&part=snippet&id=sH74nrEefyI HTTP/1.1" 200 None
[2022-11-13 15:49:43,114] DEBUG - Starting new HTTPS connection (1): www.googleapis.com:443
[2022-11-13 15:49:43,401] DEBUG - https://www.googleapis.com:443 "GET /youtube/v3/videos?key=AIzaSyDfv2ISoNjVh2oX2JRJUQ1loS-voHH3GlI&fields=items(snippet(tags))&part=snippet&id=iOE_3GW0njg HTTP/1.1" 200 None
[2022-11-13 15:49:43,404] DEBUG - Starting new HTTPS connection (1): www.googleapis.com:443
[2022-11-13 15:49:43,683] DEBUG - https://www.googleapis.com:443 "GET /youtube/v3/videos?key=AIzaSyDfv2ISoNjVh2oX2JRJUQ1loS-voHH3GlI&fields=items(snippet(tags))&part=snippet&id=AQDCe585Lnc HTTP/1.1" 200 None
[2022-11-13 15:49:43,686] DEBUG - Starting new HTTPS connection (1): www.googleapis.com:443
[2022-11-13 15:49:43,993] DEBUG - https://www.googleapis.com:443 "GET /youtube/v3/videos?key=AIzaSyDfv2ISoNjVh2oX2JRJUQ1loS-voHH3GlI&fields=items(snippet(tags))&part=snippet&id=xzrtPbSBI1w HTTP/1.1" 200 None
[2022-11-13 15:49:43,996] DEBUG - Starting new HTTPS connection (1): www.googleapis.com:443
[2022-11-13 15:49:44,280] DEBUG - https://www.googleapis.com:443 "GET /youtube/v3/videos?key=AIzaSyDfv2ISoNjVh2oX2JRJUQ1loS-voHH3GlI&fields=items(snippet(tags))&part=snippet&id=b4b8ktEV4Bg HTTP/1.1" 200 None
[2022-11-13 15:49:44,283] DEBUG - Starting new HTTPS connection (1): www.googleapis.com:443
[2022-11-13 15:49:44,560] DEBUG - https://www.googleapis.com:443 "GET /youtube/v3/videos?key=AIzaSyDfv2ISoNjVh2oX2JRJUQ1loS-voHH3GlI&fields=items(snippet(tags))&part=snippet&id=S918rR4VdqQ HTTP/1.1" 200 None
[2022-11-13 15:49:44,563] DEBUG - Starting new HTTPS connection (1): www.googleapis.com:443
[2022-11-13 15:49:44,873] DEBUG - https://www.googleapis.com:443 "GET /youtube/v3/videos?key=AIzaSyDfv2ISoNjVh2oX2JRJUQ1loS-voHH3GlI&fields=items(snippet(tags))&part=snippet&id=zLNug0LrFiU HTTP/1.1" 200 None
