[2022-11-13 16:25:02,574] DEBUG - Starting new HTTPS connection (1): www.googleapis.com:443
[2022-11-13 16:25:02,991] DEBUG - https://www.googleapis.com:443 "GET /youtube/v3/playlists?part=id&id=UC_x5XG1OV2P6uZZ5FSM9Ttw&key=AIzaSyDfv2ISoNjVh2oX2JRJUQ1loS-voHH3GlI&maxResults=2 HTTP/1.1" 200 None
[2022-11-13 16:25:02,994] DEBUG - Starting new HTTPS connection (1): www.googleapis.com:443
[2022-11-13 16:25:03,912] DEBUG - https://www.googleapis.com:443 "GET /youtube/v3/search?part=snippet&type=video&maxResults=50&order=relevance&key=AIzaSyDfv2ISoNjVh2oX2JRJUQ1loS-voHH3GlI&q=Algorithms:%20The%20Key%20to%20Security%20and%20Cryptography&publishedAfter=2000-01-01T00:00:00Z&publishedBefore=3000-01-01T00:00:00Z HTTP/1.1" 200 None
[2022-11-13 16:25:03,932] DEBUG - Starting new HTTPS connection (1): www.googleapis.com:443
[2022-11-13 16:25:04,164] DEBUG - https://www.googleapis.com:443 "GET /youtube/v3/videos?key=AIzaSyDfv2ISoNjVh2oX2JRJUQ1loS-voHH3GlI&fields=items(snippet(tags))&part=snippet&id=bO4lEQfPn60 HTTP/1.1" 200 None
[2022-11-13 16:25:04,172] DEBUG - Starting new HTTPS connection (1): www.googleapis.com:443
[2022-11-13 16:25:04,444] DEBUG - https://www.googleapis.com:443 "GET /youtube/v3/videos?key=AIzaSyDfv2ISoNjVh2oX2JRJUQ1loS-voHH3GlI&fields=items(snippet(tags))&part=snippet&id=5jpgMXt1Z9Y HTTP/1.1" 200 None
[2022-11-13 16:25:04,447] DEBUG - Starting new HTTPS connection (1): www.googleapis.com:443
[2022-11-13 16:25:04,671] DEBUG - https://www.googleapis.com:443 "GET /youtube/v3/videos?key=AIzaSyDfv2ISoNjVh2oX2JRJUQ1loS-voHH3GlI&fields=items(snippet(tags))&part=snippet&id=9GWLZL-ZYLg HTTP/1.1" 200 None
[2022-11-13 16:25:04,675] DEBUG - Starting new HTTPS connection (1): www.googleapis.com:443
[2022-11-13 16:25:04,951] DEBUG - https://www.googleapis.com:443 "GET /youtube/v3/videos?key=AIzaSyDfv2ISoNjVh2oX2JRJUQ1loS-voHH3GlI&fields=items(snippet(tags))&part=snippet&id=rlJTMUBXhKE HTTP/1.1" 200 None
[2022-11-13 16:25:04,954] DEBUG - Starting new HTTPS connection (1): www.googleapis.com:443
[2022-11-13 16:25:05,231] DEBUG - https://www.googleapis.com:443 "GET /youtube/v3/videos?key=AIzaSyDfv2ISoNjVh2oX2JRJUQ1loS-voHH3GlI&fields=items(snippet(tags))&part=snippet&id=4zahvcJ9glg HTTP/1.1" 200 None
[2022-11-13 16:25:05,234] DEBUG - Starting new HTTPS connection (1): www.googleapis.com:443
[2022-11-13 16:25:05,473] DEBUG - https://www.googleapis.com:443 "GET /youtube/v3/videos?key=AIzaSyDfv2ISoNjVh2oX2JRJUQ1loS-voHH3GlI&fields=items(snippet(tags))&part=snippet&id=6_Cxj5WKpIw HTTP/1.1" 200 None
[2022-11-13 16:25:05,476] DEBUG - Starting new HTTPS connection (1): www.googleapis.com:443
[2022-11-13 16:25:05,717] DEBUG - https://www.googleapis.com:443 "GET /youtube/v3/videos?key=AIzaSyDfv2ISoNjVh2oX2JRJUQ1loS-voHH3GlI&fields=items(snippet(tags))&part=snippet&id=JFQAHDOHjfM HTTP/1.1" 200 None
[2022-11-13 16:25:05,721] DEBUG - Starting new HTTPS connection (1): www.googleapis.com:443
[2022-11-13 16:25:05,967] DEBUG - https://www.googleapis.com:443 "GET /youtube/v3/videos?key=AIzaSyDfv2ISoNjVh2oX2JRJUQ1loS-voHH3GlI&fields=items(snippet(tags))&part=snippet&id=_0vdcgwC5Zg HTTP/1.1" 200 None
[2022-11-13 16:25:05,970] DEBUG - Starting new HTTPS connection (1): www.googleapis.com:443
[2022-11-13 16:25:06,203] DEBUG - https://www.googleapis.com:443 "GET /youtube/v3/videos?key=AIzaSyDfv2ISoNjVh2oX2JRJUQ1loS-voHH3GlI&fields=items(snippet(tags))&part=snippet&id=sH74nrEefyI HTTP/1.1" 200 None
[2022-11-13 16:25:06,207] DEBUG - Starting new HTTPS connection (1): www.googleapis.com:443
[2022-11-13 16:25:06,435] DEBUG - https://www.googleapis.com:443 "GET /youtube/v3/videos?key=AIzaSyDfv2ISoNjVh2oX2JRJUQ1loS-voHH3GlI&fields=items(snippet(tags))&part=snippet&id=iOE_3GW0njg HTTP/1.1" 200 None
[2022-11-13 16:25:06,439] DEBUG - Starting new HTTPS connection (1): www.googleapis.com:443
[2022-11-13 16:25:06,663] DEBUG - https://www.googleapis.com:443 "GET /youtube/v3/videos?key=AIzaSyDfv2ISoNjVh2oX2JRJUQ1loS-voHH3GlI&fields=items(snippet(tags))&part=snippet&id=AQDCe585Lnc HTTP/1.1" 200 None
[2022-11-13 16:25:06,667] DEBUG - Starting new HTTPS connection (1): www.googleapis.com:443
[2022-11-13 16:25:06,924] DEBUG - https://www.googleapis.com:443 "GET /youtube/v3/videos?key=AIzaSyDfv2ISoNjVh2oX2JRJUQ1loS-voHH3GlI&fields=items(snippet(tags))&part=snippet&id=xzrtPbSBI1w HTTP/1.1" 200 None
[2022-11-13 16:25:06,927] DEBUG - Starting new HTTPS connection (1): www.googleapis.com:443
[2022-11-13 16:25:07,196] DEBUG - https://www.googleapis.com:443 "GET /youtube/v3/videos?key=AIzaSyDfv2ISoNjVh2oX2JRJUQ1loS-voHH3GlI&fields=items(snippet(tags))&part=snippet&id=b4b8ktEV4Bg HTTP/1.1" 200 None
[2022-11-13 16:25:07,199] DEBUG - Starting new HTTPS connection (1): www.googleapis.com:443
[2022-11-13 16:25:07,471] DEBUG - https://www.googleapis.com:443 "GET /youtube/v3/videos?key=AIzaSyDfv2ISoNjVh2oX2JRJUQ1loS-voHH3GlI&fields=items(snippet(tags))&part=snippet&id=S918rR4VdqQ HTTP/1.1" 200 None
[2022-11-13 16:25:07,475] DEBUG - Starting new HTTPS connection (1): www.googleapis.com:443
[2022-11-13 16:25:07,759] DEBUG - https://www.googleapis.com:443 "GET /youtube/v3/videos?key=AIzaSyDfv2ISoNjVh2oX2JRJUQ1loS-voHH3GlI&fields=items(snippet(tags))&part=snippet&id=zLNug0LrFiU HTTP/1.1" 200 None
[2022-11-13 16:25:07,762] DEBUG - Starting new HTTPS connection (1): www.googleapis.com:443
[2022-11-13 16:25:08,018] DEBUG - https://www.googleapis.com:443 "GET /youtube/v3/videos?key=AIzaSyDfv2ISoNjVh2oX2JRJUQ1loS-voHH3GlI&fields=items(snippet(tags))&part=snippet&id=6AmmQiOWoXM HTTP/1.1" 200 None
[2022-11-13 16:25:08,021] DEBUG - Starting new HTTPS connection (1): www.googleapis.com:443
[2022-11-13 16:25:08,349] DEBUG - https://www.googleapis.com:443 "GET /youtube/v3/videos?key=AIzaSyDfv2ISoNjVh2oX2JRJUQ1loS-voHH3GlI&fields=items(snippet(tags))&part=snippet&id=2Z3toEiY5lI HTTP/1.1" 200 None
[2022-11-13 16:25:08,352] DEBUG - Starting new HTTPS connection (1): www.googleapis.com:443
[2022-11-13 16:25:08,649] DEBUG - https://www.googleapis.com:443 "GET /youtube/v3/videos?key=AIzaSyDfv2ISoNjVh2oX2JRJUQ1loS-voHH3GlI&fields=items(snippet(tags))&part=snippet&id=Wu7A8KK9orw HTTP/1.1" 200 None
[2022-11-13 16:25:08,652] DEBUG - Starting new HTTPS connection (1): www.googleapis.com:443
[2022-11-13 16:25:09,047] DEBUG - https://www.googleapis.com:443 "GET /youtube/v3/videos?key=AIzaSyDfv2ISoNjVh2oX2JRJUQ1loS-voHH3GlI&fields=items(snippet(tags))&part=snippet&id=VY4EouzyJS0 HTTP/1.1" 200 None
[2022-11-13 16:25:09,049] DEBUG - Starting new HTTPS connection (1): www.googleapis.com:443
[2022-11-13 16:25:09,413] DEBUG - https://www.googleapis.com:443 "GET /youtube/v3/videos?key=AIzaSyDfv2ISoNjVh2oX2JRJUQ1loS-voHH3GlI&fields=items(snippet(tags))&part=snippet&id=S9JGmA5_unY HTTP/1.1" 200 None
[2022-11-13 16:25:09,415] DEBUG - Starting new HTTPS connection (1): www.googleapis.com:443
[2022-11-13 16:25:09,712] DEBUG - https://www.googleapis.com:443 "GET /youtube/v3/videos?key=AIzaSyDfv2ISoNjVh2oX2JRJUQ1loS-voHH3GlI&fields=items(snippet(tags))&part=snippet&id=uzGzSHGip_o HTTP/1.1" 200 None
[2022-11-13 16:25:09,715] DEBUG - Starting new HTTPS connection (1): www.googleapis.com:443
[2022-11-13 16:25:09,992] DEBUG - https://www.googleapis.com:443 "GET /youtube/v3/videos?key=AIzaSyDfv2ISoNjVh2oX2JRJUQ1loS-voHH3GlI&fields=items(snippet(tags))&part=snippet&id=vf1z7GlG6Qo HTTP/1.1" 200 None
[2022-11-13 16:25:09,998] DEBUG - Starting new HTTPS connection (1): www.googleapis.com:443
[2022-11-13 16:25:10,400] DEBUG - https://www.googleapis.com:443 "GET /youtube/v3/videos?key=AIzaSyDfv2ISoNjVh2oX2JRJUQ1loS-voHH3GlI&fields=items(snippet(tags))&part=snippet&id=trHox1bN5es HTTP/1.1" 200 None
[2022-11-13 16:25:10,406] DEBUG - Starting new HTTPS connection (1): www.googleapis.com:443
[2022-11-13 16:25:10,746] DEBUG - https://www.googleapis.com:443 "GET /youtube/v3/videos?key=AIzaSyDfv2ISoNjVh2oX2JRJUQ1loS-voHH3GlI&fields=items(snippet(tags))&part=snippet&id=wXB-V_Keiu8 HTTP/1.1" 200 None
[2022-11-13 16:25:10,749] DEBUG - Starting new HTTPS connection (1): www.googleapis.com:443
[2022-11-13 16:25:11,059] DEBUG - https://www.googleapis.com:443 "GET /youtube/v3/videos?key=AIzaSyDfv2ISoNjVh2oX2JRJUQ1loS-voHH3GlI&fields=items(snippet(tags))&part=snippet&id=GSIDS_lvRv4 HTTP/1.1" 200 None
[2022-11-13 16:25:11,064] DEBUG - Starting new HTTPS connection (1): www.googleapis.com:443
[2022-11-13 16:25:11,390] DEBUG - https://www.googleapis.com:443 "GET /youtube/v3/videos?key=AIzaSyDfv2ISoNjVh2oX2JRJUQ1loS-voHH3GlI&fields=items(snippet(tags))&part=snippet&id=QrsGVeZV7q8 HTTP/1.1" 200 None
[2022-11-13 16:25:11,394] DEBUG - Starting new HTTPS connection (1): www.googleapis.com:443
[2022-11-13 16:25:11,699] DEBUG - https://www.googleapis.com:443 "GET /youtube/v3/videos?key=AIzaSyDfv2ISoNjVh2oX2JRJUQ1loS-voHH3GlI&fields=items(snippet(tags))&part=snippet&id=jhXCTbFnK8o HTTP/1.1" 200 None
[2022-11-13 16:25:11,703] DEBUG - Starting new HTTPS connection (1): www.googleapis.com:443
[2022-11-13 16:25:12,090] DEBUG - https://www.googleapis.com:443 "GET /youtube/v3/videos?key=AIzaSyDfv2ISoNjVh2oX2JRJUQ1loS-voHH3GlI&fields=items(snippet(tags))&part=snippet&id=AK5eBWBRPPo HTTP/1.1" 200 None
[2022-11-13 16:25:12,092] DEBUG - Starting new HTTPS connection (1): www.googleapis.com:443
[2022-11-13 16:25:12,395] DEBUG - https://www.googleapis.com:443 "GET /youtube/v3/videos?key=AIzaSyDfv2ISoNjVh2oX2JRJUQ1loS-voHH3GlI&fields=items(snippet(tags))&part=snippet&id=trkJnhFmKDE HTTP/1.1" 200 None
[2022-11-13 16:25:12,401] DEBUG - Starting new HTTPS connection (1): www.googleapis.com:443
[2022-11-13 16:25:12,986] DEBUG - https://www.googleapis.com:443 "GET /youtube/v3/videos?key=AIzaSyDfv2ISoNjVh2oX2JRJUQ1loS-voHH3GlI&fields=items(snippet(tags))&part=snippet&id=lvTqbM5Dq4Q HTTP/1.1" 200 None
[2022-11-13 16:25:12,991] DEBUG - Starting new HTTPS connection (1): www.googleapis.com:443
[2022-11-13 16:25:13,250] DEBUG - https://www.googleapis.com:443 "GET /youtube/v3/videos?key=AIzaSyDfv2ISoNjVh2oX2JRJUQ1loS-voHH3GlI&fields=items(snippet(tags))&part=snippet&id=xw19eT5thIE HTTP/1.1" 200 None
[2022-11-13 16:25:13,252] DEBUG - Starting new HTTPS connection (1): www.googleapis.com:443
[2022-11-13 16:25:13,545] DEBUG - https://www.googleapis.com:443 "GET /youtube/v3/videos?key=AIzaSyDfv2ISoNjVh2oX2JRJUQ1loS-voHH3GlI&fields=items(snippet(tags))&part=snippet&id=cqgtdkURzTE HTTP/1.1" 200 None
[2022-11-13 16:25:13,547] DEBUG - Starting new HTTPS connection (1): www.googleapis.com:443
[2022-11-13 16:25:13,863] DEBUG - https://www.googleapis.com:443 "GET /youtube/v3/videos?key=AIzaSyDfv2ISoNjVh2oX2JRJUQ1loS-voHH3GlI&fields=items(snippet(tags))&part=snippet&id=vZ7YQ67Cbtc HTTP/1.1" 200 None
[2022-11-13 16:25:13,866] DEBUG - Starting new HTTPS connection (1): www.googleapis.com:443
[2022-11-13 16:25:14,316] DEBUG - https://www.googleapis.com:443 "GET /youtube/v3/videos?key=AIzaSyDfv2ISoNjVh2oX2JRJUQ1loS-voHH3GlI&fields=items(snippet(tags))&part=snippet&id=NmM9HA2MQGI HTTP/1.1" 200 None
[2022-11-13 16:25:14,321] DEBUG - Starting new HTTPS connection (1): www.googleapis.com:443
[2022-11-13 16:25:14,622] DEBUG - https://www.googleapis.com:443 "GET /youtube/v3/videos?key=AIzaSyDfv2ISoNjVh2oX2JRJUQ1loS-voHH3GlI&fields=items(snippet(tags))&part=snippet&id=8B1rN1rnTiU HTTP/1.1" 200 None
