[2022-11-13 15:44:26,090] DEBUG - Starting new HTTPS connection (1): www.googleapis.com:443
[2022-11-13 15:44:26,484] DEBUG - https://www.googleapis.com:443 "GET /youtube/v3/playlists?part=id&id=UC_x5XG1OV2P6uZZ5FSM9Ttw&key=AIzaSyDfv2ISoNjVh2oX2JRJUQ1loS-voHH3GlI&maxResults=2 HTTP/1.1" 200 None
[2022-11-13 15:44:26,488] DEBUG - Starting new HTTPS connection (1): www.googleapis.com:443
[2022-11-13 15:44:27,634] DEBUG - https://www.googleapis.com:443 "GET /youtube/v3/search?part=snippet&type=video&maxResults=50&order=relevance&key=AIzaSyDfv2ISoNjVh2oX2JRJUQ1loS-voHH3GlI&q=Algorithms:%20The%20Key%20to%20Security%20and%20Cryptography&publishedAfter=2000-01-01T00:00:00Z&publishedBefore=3000-01-01T00:00:00Z HTTP/1.1" 200 None
[2022-11-13 15:44:27,643] DEBUG - Starting new HTTPS connection (1): www.googleapis.com:443
[2022-11-13 15:44:27,866] DEBUG - https://www.googleapis.com:443 "GET /youtube/v3/videos?key=AIzaSyDfv2ISoNjVh2oX2JRJUQ1loS-voHH3GlI&fields=items(snippet(tags))&part=snippet&id=bO4lEQfPn60 HTTP/1.1" 200 None
[2022-11-13 15:44:27,869] DEBUG - Starting new HTTPS connection (1): www.googleapis.com:443
[2022-11-13 15:44:28,089] DEBUG - https://www.googleapis.com:443 "GET /youtube/v3/videos?key=AIzaSyDfv2ISoNjVh2oX2JRJUQ1loS-voHH3GlI&fields=items(snippet(tags))&part=snippet&id=5jpgMXt1Z9Y HTTP/1.1" 200 None
[2022-11-13 15:44:28,092] DEBUG - Starting new HTTPS connection (1): www.googleapis.com:443
[2022-11-13 15:44:28,297] DEBUG - https://www.googleapis.com:443 "GET /youtube/v3/videos?key=AIzaSyDfv2ISoNjVh2oX2JRJUQ1loS-voHH3GlI&fields=items(snippet(tags))&part=snippet&id=9GWLZL-ZYLg HTTP/1.1" 200 None
[2022-11-13 15:44:28,300] DEBUG - Starting new HTTPS connection (1): www.googleapis.com:443
[2022-11-13 15:44:28,495] DEBUG - https://www.googleapis.com:443 "GET /youtube/v3/videos?key=AIzaSyDfv2ISoNjVh2oX2JRJUQ1loS-voHH3GlI&fields=items(snippet(tags))&part=snippet&id=rlJTMUBXhKE HTTP/1.1" 200 None
[2022-11-13 15:44:28,498] DEBUG - Starting new HTTPS connection (1): www.googleapis.com:443
[2022-11-13 15:44:28,721] DEBUG - https://www.googleapis.com:443 "GET /youtube/v3/videos?key=AIzaSyDfv2ISoNjVh2oX2JRJUQ1loS-voHH3GlI&fields=items(snippet(tags))&part=snippet&id=4zahvcJ9glg HTTP/1.1" 200 None
[2022-11-13 15:44:28,724] DEBUG - Starting new HTTPS connection (1): www.googleapis.com:443
[2022-11-13 15:44:28,974] DEBUG - https://www.googleapis.com:443 "GET /youtube/v3/videos?key=AIzaSyDfv2ISoNjVh2oX2JRJUQ1loS-voHH3GlI&fields=items(snippet(tags))&part=snippet&id=6_Cxj5WKpIw HTTP/1.1" 200 None
[2022-11-13 15:44:28,982] DEBUG - Starting new HTTPS connection (1): www.googleapis.com:443
[2022-11-13 15:44:29,232] DEBUG - https://www.googleapis.com:443 "GET /youtube/v3/videos?key=AIzaSyDfv2ISoNjVh2oX2JRJUQ1loS-voHH3GlI&fields=items(snippet(tags))&part=snippet&id=JFQAHDOHjfM HTTP/1.1" 200 None
[2022-11-13 15:44:29,235] DEBUG - Starting new HTTPS connection (1): www.googleapis.com:443
[2022-11-13 15:44:29,440] DEBUG - https://www.googleapis.com:443 "GET /youtube/v3/videos?key=AIzaSyDfv2ISoNjVh2oX2JRJUQ1loS-voHH3GlI&fields=items(snippet(tags))&part=snippet&id=_0vdcgwC5Zg HTTP/1.1" 200 None
[2022-11-13 15:44:29,443] DEBUG - Starting new HTTPS connection (1): www.googleapis.com:443
[2022-11-13 15:44:29,654] DEBUG - https://www.googleapis.com:443 "GET /youtube/v3/videos?key=AIzaSyDfv2ISoNjVh2oX2JRJUQ1loS-voHH3GlI&fields=items(snippet(tags))&part=snippet&id=sH74nrEefyI HTTP/1.1" 200 None
[2022-11-13 15:44:29,658] DEBUG - Starting new HTTPS connection (1): www.googleapis.com:443
[2022-11-13 15:44:29,885] DEBUG - https://www.googleapis.com:443 "GET /youtube/v3/videos?key=AIzaSyDfv2ISoNjVh2oX2JRJUQ1loS-voHH3GlI&fields=items(snippet(tags))&part=snippet&id=iOE_3GW0njg HTTP/1.1" 200 None
[2022-11-13 15:44:29,889] DEBUG - Starting new HTTPS connection (1): www.googleapis.com:443
[2022-11-13 15:44:30,142] DEBUG - https://www.googleapis.com:443 "GET /youtube/v3/videos?key=AIzaSyDfv2ISoNjVh2oX2JRJUQ1loS-voHH3GlI&fields=items(snippet(tags))&part=snippet&id=AQDCe585Lnc HTTP/1.1" 200 None
[2022-11-13 15:44:30,145] DEBUG - Starting new HTTPS connection (1): www.googleapis.com:443
[2022-11-13 15:44:30,375] DEBUG - https://www.googleapis.com:443 "GET /youtube/v3/videos?key=AIzaSyDfv2ISoNjVh2oX2JRJUQ1loS-voHH3GlI&fields=items(snippet(tags))&part=snippet&id=xzrtPbSBI1w HTTP/1.1" 200 None
[2022-11-13 15:44:30,381] DEBUG - Starting new HTTPS connection (1): www.googleapis.com:443
[2022-11-13 15:44:30,621] DEBUG - https://www.googleapis.com:443 "GET /youtube/v3/videos?key=AIzaSyDfv2ISoNjVh2oX2JRJUQ1loS-voHH3GlI&fields=items(snippet(tags))&part=snippet&id=b4b8ktEV4Bg HTTP/1.1" 200 None
[2022-11-13 15:44:30,625] DEBUG - Starting new HTTPS connection (1): www.googleapis.com:443
[2022-11-13 15:44:30,913] DEBUG - https://www.googleapis.com:443 "GET /youtube/v3/videos?key=AIzaSyDfv2ISoNjVh2oX2JRJUQ1loS-voHH3GlI&fields=items(snippet(tags))&part=snippet&id=S918rR4VdqQ HTTP/1.1" 200 None
[2022-11-13 15:44:30,916] DEBUG - Starting new HTTPS connection (1): www.googleapis.com:443
[2022-11-13 15:44:31,184] DEBUG - https://www.googleapis.com:443 "GET /youtube/v3/videos?key=AIzaSyDfv2ISoNjVh2oX2JRJUQ1loS-voHH3GlI&fields=items(snippet(tags))&part=snippet&id=zLNug0LrFiU HTTP/1.1" 200 None
