[2022-11-26 22:45:47,447] CRITICAL - GPU detected
[2022-11-26 22:45:47,451] DEBUG - Starting new HTTPS connection (1): huggingface.co:443
[2022-11-26 22:45:47,821] DEBUG - https://huggingface.co:443 "HEAD /ml6team/keyphrase-generation-t5-small-inspec/resolve/main/config.json HTTP/1.1" 200 0
[2022-11-26 22:45:48,346] DEBUG - Starting new HTTPS connection (1): huggingface.co:443
[2022-11-26 22:45:48,684] DEBUG - https://huggingface.co:443 "HEAD /ml6team/keyphrase-generation-t5-small-inspec/resolve/main/tokenizer_config.json HTTP/1.1" 200 0
[2022-11-26 22:45:49,137] DEBUG - Getting requests for icons
[2022-11-26 22:45:49,139] DEBUG - Starting new HTTPS connection (1): www.flaticon.com:443
[2022-11-26 22:45:49,219] DEBUG - https://www.flaticon.com:443 "GET /search?word=strict%20evaluation&color=color&shape=outline&order_by=4 HTTP/1.1" 404 None
[2022-11-26 22:45:49,228] DEBUG - Starting new HTTPS connection (1): www.flaticon.com:443
[2022-11-26 22:45:49,339] DEBUG - https://www.flaticon.com:443 "GET /search?word=computer%20system&color=color&shape=outline&order_by=4 HTTP/1.1" 200 None
[2022-11-26 22:45:49,496] DEBUG - Starting new HTTPS connection (1): www.flaticon.com:443
[2022-11-26 22:45:49,594] DEBUG - https://www.flaticon.com:443 "GET /search?word=strict%20evaluation&color=color&shape=outline&order_by=4 HTTP/1.1" 404 None
[2022-11-26 22:45:49,606] DEBUG - Starting new HTTPS connection (1): www.flaticon.com:443
[2022-11-26 22:45:49,748] DEBUG - https://www.flaticon.com:443 "GET /search?word=gaming&color=color&shape=outline&order_by=4 HTTP/1.1" 200 None
[2022-11-26 22:45:49,956] DEBUG - Starting new HTTPS connection (1): www.flaticon.com:443
[2022-11-26 22:45:50,032] DEBUG - https://www.flaticon.com:443 "GET /search?word=scientific%20computing&color=color&shape=outline&order_by=4 HTTP/1.1" 200 None
[2022-11-26 22:45:50,087] DEBUG - ['https://cdn-icons-png.flaticon.com/256/3115/3115458.png', 'https://cdn-icons-png.flaticon.com/256/8964/8964096.png', 'https://cdn-icons-png.flaticon.com/256/7655/7655685.png', 'https://cdn-icons-png.flaticon.com/256/7459/7459354.png', 'https://cdn-icons-png.flaticon.com/256/8781/8781726.png', 'https://cdn-icons-png.flaticon.com/256/5921/5921702.png', 'https://cdn-icons-png.flaticon.com/256/3315/3315439.png', 'https://cdn-icons-png.flaticon.com/256/4519/4519179.png', 'https://cdn-icons-png.flaticon.com/256/3946/3946036.png', 'https://cdn-icons-png.flaticon.com/256/5921/5921734.png', 'https://cdn-icons-png.flaticon.com/256/6993/6993431.png']
[2022-11-26 22:45:50,090] DEBUG - Starting new HTTPS connection (1): cdn-icons-png.flaticon.com:443
[2022-11-26 22:45:50,152] DEBUG - https://cdn-icons-png.flaticon.com:443 "GET /256/3115/3115458.png HTTP/1.1" 200 11780
[2022-11-26 22:45:50,155] DEBUG - Starting new HTTPS connection (1): cdn-icons-png.flaticon.com:443
[2022-11-26 22:45:50,252] DEBUG - https://cdn-icons-png.flaticon.com:443 "GET /256/8964/8964096.png HTTP/1.1" 200 11138
[2022-11-26 22:45:50,255] DEBUG - Starting new HTTPS connection (1): cdn-icons-png.flaticon.com:443
[2022-11-26 22:45:50,289] DEBUG - https://cdn-icons-png.flaticon.com:443 "GET /256/7655/7655685.png HTTP/1.1" 200 15513
[2022-11-26 22:45:50,292] DEBUG - Starting new HTTPS connection (1): cdn-icons-png.flaticon.com:443
[2022-11-26 22:45:50,332] DEBUG - https://cdn-icons-png.flaticon.com:443 "GET /256/7459/7459354.png HTTP/1.1" 200 4520
[2022-11-26 22:45:50,335] DEBUG - Starting new HTTPS connection (1): cdn-icons-png.flaticon.com:443
[2022-11-26 22:45:50,367] DEBUG - https://cdn-icons-png.flaticon.com:443 "GET /256/8781/8781726.png HTTP/1.1" 200 18179
[2022-11-26 22:45:50,370] DEBUG - Starting new HTTPS connection (1): cdn-icons-png.flaticon.com:443
[2022-11-26 22:45:50,403] DEBUG - https://cdn-icons-png.flaticon.com:443 "GET /256/5921/5921702.png HTTP/1.1" 200 21011
[2022-11-26 22:45:50,408] DEBUG - Starting new HTTPS connection (1): cdn-icons-png.flaticon.com:443
[2022-11-26 22:45:50,504] DEBUG - https://cdn-icons-png.flaticon.com:443 "GET /256/3315/3315439.png HTTP/1.1" 200 11902
[2022-11-26 22:45:50,507] DEBUG - Starting new HTTPS connection (1): cdn-icons-png.flaticon.com:443
[2022-11-26 22:45:50,540] DEBUG - https://cdn-icons-png.flaticon.com:443 "GET /256/4519/4519179.png HTTP/1.1" 200 18413
[2022-11-26 22:45:50,544] DEBUG - Starting new HTTPS connection (1): cdn-icons-png.flaticon.com:443
[2022-11-26 22:45:50,579] DEBUG - https://cdn-icons-png.flaticon.com:443 "GET /256/3946/3946036.png HTTP/1.1" 200 12886
[2022-11-26 22:45:50,582] DEBUG - Starting new HTTPS connection (1): cdn-icons-png.flaticon.com:443
[2022-11-26 22:45:50,611] DEBUG - https://cdn-icons-png.flaticon.com:443 "GET /256/5921/5921734.png HTTP/1.1" 200 25519
[2022-11-26 22:45:50,621] DEBUG - Starting new HTTPS connection (1): cdn-icons-png.flaticon.com:443
[2022-11-26 22:45:50,660] DEBUG - https://cdn-icons-png.flaticon.com:443 "GET /256/6993/6993431.png HTTP/1.1" 200 15812
[2022-11-26 22:45:50,674] DEBUG - STREAM b'IHDR' 16 13
[2022-11-26 22:45:50,674] DEBUG - STREAM b'pHYs' 41 9
[2022-11-26 22:45:50,674] DEBUG - STREAM b'IDAT' 62 13353
[2022-11-26 22:45:50,685] DEBUG - STREAM b'IHDR' 16 13
[2022-11-26 22:45:50,685] DEBUG - STREAM b'sBIT' 41 4
[2022-11-26 22:45:50,685] DEBUG - b'sBIT' 41 4 (unknown)
[2022-11-26 22:45:50,685] DEBUG - STREAM b'pHYs' 57 9
[2022-11-26 22:45:50,685] DEBUG - STREAM b'tEXt' 78 25
[2022-11-26 22:45:50,685] DEBUG - STREAM b'IDAT' 115 8192
