[2022-11-29 01:55:01,536] CRITICAL - GPU detected
[2022-11-29 01:55:01,540] DEBUG - Starting new HTTPS connection (1): huggingface.co:443
[2022-11-29 01:55:01,887] DEBUG - https://huggingface.co:443 "HEAD /ml6team/keyphrase-generation-t5-small-inspec/resolve/main/config.json HTTP/1.1" 200 0
[2022-11-29 01:55:02,459] DEBUG - Starting new HTTPS connection (1): huggingface.co:443
[2022-11-29 01:55:02,795] DEBUG - https://huggingface.co:443 "HEAD /ml6team/keyphrase-generation-t5-small-inspec/resolve/main/tokenizer_config.json HTTP/1.1" 200 0
[2022-11-29 01:55:03,359] DEBUG - Getting requests for icons
[2022-11-29 01:55:03,364] DEBUG - Starting new HTTPS connection (1): www.flaticon.com:443
[2022-11-29 01:55:03,449] DEBUG - https://www.flaticon.com:443 "GET /search?word=formal%20languages&color=color&shape=outline&order_by=4 HTTP/1.1" 404 None
[2022-11-29 01:55:03,459] DEBUG - Starting new HTTPS connection (1): www.flaticon.com:443
[2022-11-29 01:55:03,640] DEBUG - https://www.flaticon.com:443 "GET /search?word=symbols&color=color&shape=outline&order_by=4 HTTP/1.1" 200 None
[2022-11-29 01:55:03,804] DEBUG - Starting new HTTPS connection (1): www.flaticon.com:443
[2022-11-29 01:55:03,887] DEBUG - https://www.flaticon.com:443 "GET /search?word=firstorder%20languages&color=color&shape=outline&order_by=4 HTTP/1.1" 404 None
[2022-11-29 01:55:03,898] DEBUG - Starting new HTTPS connection (1): www.flaticon.com:443
[2022-11-29 01:55:03,979] DEBUG - https://www.flaticon.com:443 "GET /search?word=secondorder%20languages&color=color&shape=outline&order_by=4 HTTP/1.1" 404 None
[2022-11-29 01:55:03,988] DEBUG - Starting new HTTPS connection (1): www.flaticon.com:443
[2022-11-29 01:55:04,067] DEBUG - https://www.flaticon.com:443 "GET /search?word=higherorder&color=color&shape=outline&order_by=4 HTTP/1.1" 404 None
[2022-11-29 01:55:04,077] DEBUG - ['https://cdn-icons-png.flaticon.com/256/8992/8992182.png', 'https://cdn-icons-png.flaticon.com/256/4154/4154100.png', 'https://cdn-icons-png.flaticon.com/256/4776/4776202.png', 'https://cdn-icons-png.flaticon.com/256/8283/8283617.png', 'https://cdn-icons-png.flaticon.com/256/8128/8128417.png']
[2022-11-29 01:55:04,080] DEBUG - Starting new HTTPS connection (1): cdn-icons-png.flaticon.com:443
[2022-11-29 01:55:04,189] DEBUG - https://cdn-icons-png.flaticon.com:443 "GET /256/8992/8992182.png HTTP/1.1" 200 17134
[2022-11-29 01:55:04,193] DEBUG - Starting new HTTPS connection (1): cdn-icons-png.flaticon.com:443
[2022-11-29 01:55:04,240] DEBUG - https://cdn-icons-png.flaticon.com:443 "GET /256/4154/4154100.png HTTP/1.1" 200 9804
[2022-11-29 01:55:04,243] DEBUG - Starting new HTTPS connection (1): cdn-icons-png.flaticon.com:443
[2022-11-29 01:55:04,277] DEBUG - https://cdn-icons-png.flaticon.com:443 "GET /256/4776/4776202.png HTTP/1.1" 200 9360
[2022-11-29 01:55:04,281] DEBUG - Starting new HTTPS connection (1): cdn-icons-png.flaticon.com:443
[2022-11-29 01:55:04,329] DEBUG - https://cdn-icons-png.flaticon.com:443 "GET /256/8283/8283617.png HTTP/1.1" 200 11435
[2022-11-29 01:55:04,333] DEBUG - Starting new HTTPS connection (1): cdn-icons-png.flaticon.com:443
[2022-11-29 01:55:04,402] DEBUG - https://cdn-icons-png.flaticon.com:443 "GET /256/8128/8128417.png HTTP/1.1" 200 18030
[2022-11-29 01:55:04,434] DEBUG - STREAM b'IHDR' 16 13
[2022-11-29 01:55:04,435] DEBUG - STREAM b'sBIT' 41 4
[2022-11-29 01:55:04,435] DEBUG - b'sBIT' 41 4 (unknown)
[2022-11-29 01:55:04,435] DEBUG - STREAM b'pHYs' 57 9
[2022-11-29 01:55:04,435] DEBUG - STREAM b'tEXt' 78 25
[2022-11-29 01:55:04,435] DEBUG - STREAM b'IDAT' 115 8192
