[2022-11-29 01:54:23,274] CRITICAL - GPU detected
[2022-11-29 01:54:23,278] DEBUG - Starting new HTTPS connection (1): huggingface.co:443
[2022-11-29 01:54:23,691] DEBUG - https://huggingface.co:443 "HEAD /ml6team/keyphrase-generation-t5-small-inspec/resolve/main/config.json HTTP/1.1" 200 0
[2022-11-29 01:54:24,241] DEBUG - Starting new HTTPS connection (1): huggingface.co:443
[2022-11-29 01:54:24,577] DEBUG - https://huggingface.co:443 "HEAD /ml6team/keyphrase-generation-t5-small-inspec/resolve/main/tokenizer_config.json HTTP/1.1" 200 0
[2022-11-29 01:54:25,141] DEBUG - Getting requests for icons
[2022-11-29 01:54:25,143] DEBUG - Starting new HTTPS connection (1): www.flaticon.com:443
[2022-11-29 01:54:25,224] DEBUG - https://www.flaticon.com:443 "GET /search?word=formal%20languages&color=color&shape=outline&order_by=4 HTTP/1.1" 404 None
[2022-11-29 01:54:25,236] DEBUG - Starting new HTTPS connection (1): www.flaticon.com:443
[2022-11-29 01:54:25,413] DEBUG - https://www.flaticon.com:443 "GET /search?word=symbols&color=color&shape=outline&order_by=4 HTTP/1.1" 200 None
[2022-11-29 01:54:25,562] DEBUG - Starting new HTTPS connection (1): www.flaticon.com:443
[2022-11-29 01:54:25,643] DEBUG - https://www.flaticon.com:443 "GET /search?word=firstorder%20languages&color=color&shape=outline&order_by=4 HTTP/1.1" 404 None
[2022-11-29 01:54:25,654] DEBUG - Starting new HTTPS connection (1): www.flaticon.com:443
[2022-11-29 01:54:25,745] DEBUG - https://www.flaticon.com:443 "GET /search?word=secondorder%20languages&color=color&shape=outline&order_by=4 HTTP/1.1" 404 None
[2022-11-29 01:54:25,756] DEBUG - Starting new HTTPS connection (1): www.flaticon.com:443
[2022-11-29 01:54:25,839] DEBUG - https://www.flaticon.com:443 "GET /search?word=higherorder&color=color&shape=outline&order_by=4 HTTP/1.1" 404 None
[2022-11-29 01:54:25,851] DEBUG - ['https://cdn-icons-png.flaticon.com/256/4154/4154100.png', 'https://cdn-icons-png.flaticon.com/256/4776/4776202.png', 'https://cdn-icons-png.flaticon.com/256/8809/8809149.png', 'https://cdn-icons-png.flaticon.com/256/8283/8283617.png', 'https://cdn-icons-png.flaticon.com/256/8128/8128417.png']
[2022-11-29 01:54:25,853] DEBUG - Starting new HTTPS connection (1): cdn-icons-png.flaticon.com:443
[2022-11-29 01:54:25,889] DEBUG - https://cdn-icons-png.flaticon.com:443 "GET /256/4154/4154100.png HTTP/1.1" 200 9804
[2022-11-29 01:54:25,891] DEBUG - Starting new HTTPS connection (1): cdn-icons-png.flaticon.com:443
[2022-11-29 01:54:25,930] DEBUG - https://cdn-icons-png.flaticon.com:443 "GET /256/4776/4776202.png HTTP/1.1" 200 9360
[2022-11-29 01:54:25,933] DEBUG - Starting new HTTPS connection (1): cdn-icons-png.flaticon.com:443
[2022-11-29 01:54:26,069] DEBUG - https://cdn-icons-png.flaticon.com:443 "GET /256/8809/8809149.png HTTP/1.1" 200 2412
[2022-11-29 01:54:26,072] DEBUG - Starting new HTTPS connection (1): cdn-icons-png.flaticon.com:443
[2022-11-29 01:54:26,100] DEBUG - https://cdn-icons-png.flaticon.com:443 "GET /256/8283/8283617.png HTTP/1.1" 200 11435
[2022-11-29 01:54:26,103] DEBUG - Starting new HTTPS connection (1): cdn-icons-png.flaticon.com:443
[2022-11-29 01:54:26,131] DEBUG - https://cdn-icons-png.flaticon.com:443 "GET /256/8128/8128417.png HTTP/1.1" 200 18030
