[2022-11-29 01:51:59,384] CRITICAL - GPU detected
[2022-11-29 01:51:59,388] DEBUG - Starting new HTTPS connection (1): huggingface.co:443
[2022-11-29 01:51:59,744] DEBUG - https://huggingface.co:443 "HEAD /ml6team/keyphrase-generation-t5-small-inspec/resolve/main/config.json HTTP/1.1" 200 0
[2022-11-29 01:52:00,306] DEBUG - Starting new HTTPS connection (1): huggingface.co:443
[2022-11-29 01:52:00,649] DEBUG - https://huggingface.co:443 "HEAD /ml6team/keyphrase-generation-t5-small-inspec/resolve/main/tokenizer_config.json HTTP/1.1" 200 0
[2022-11-29 01:52:01,207] DEBUG - Getting requests for icons
[2022-11-29 01:52:01,209] DEBUG - Starting new HTTPS connection (1): www.flaticon.com:443
[2022-11-29 01:52:01,294] DEBUG - https://www.flaticon.com:443 "GET /search?word=formal%20languages&color=color&shape=outline&order_by=4 HTTP/1.1" 404 None
[2022-11-29 01:52:01,303] DEBUG - Starting new HTTPS connection (1): www.flaticon.com:443
[2022-11-29 01:52:01,480] DEBUG - https://www.flaticon.com:443 "GET /search?word=symbols&color=color&shape=outline&order_by=4 HTTP/1.1" 200 None
[2022-11-29 01:52:01,631] DEBUG - Starting new HTTPS connection (1): www.flaticon.com:443
[2022-11-29 01:52:01,712] DEBUG - https://www.flaticon.com:443 "GET /search?word=firstorder%20languages&color=color&shape=outline&order_by=4 HTTP/1.1" 404 None
[2022-11-29 01:52:01,725] DEBUG - Starting new HTTPS connection (1): www.flaticon.com:443
[2022-11-29 01:52:01,807] DEBUG - https://www.flaticon.com:443 "GET /search?word=secondorder%20languages&color=color&shape=outline&order_by=4 HTTP/1.1" 404 None
[2022-11-29 01:52:01,819] DEBUG - Starting new HTTPS connection (1): www.flaticon.com:443
[2022-11-29 01:52:01,911] DEBUG - https://www.flaticon.com:443 "GET /search?word=higherorder&color=color&shape=outline&order_by=4 HTTP/1.1" 404 None
[2022-11-29 01:52:01,921] DEBUG - ['https://cdn-icons-png.flaticon.com/256/8992/8992178.png', 'https://cdn-icons-png.flaticon.com/256/4154/4154100.png', 'https://cdn-icons-png.flaticon.com/256/4776/4776202.png', 'https://cdn-icons-png.flaticon.com/256/8283/8283617.png', 'https://cdn-icons-png.flaticon.com/256/8128/8128417.png']
[2022-11-29 01:52:01,924] DEBUG - Starting new HTTPS connection (1): cdn-icons-png.flaticon.com:443
[2022-11-29 01:52:02,058] DEBUG - https://cdn-icons-png.flaticon.com:443 "GET /256/8992/8992178.png HTTP/1.1" 200 5710
[2022-11-29 01:52:02,061] DEBUG - Starting new HTTPS connection (1): cdn-icons-png.flaticon.com:443
[2022-11-29 01:52:02,088] DEBUG - https://cdn-icons-png.flaticon.com:443 "GET /256/4154/4154100.png HTTP/1.1" 200 9804
[2022-11-29 01:52:02,090] DEBUG - Starting new HTTPS connection (1): cdn-icons-png.flaticon.com:443
[2022-11-29 01:52:02,116] DEBUG - https://cdn-icons-png.flaticon.com:443 "GET /256/4776/4776202.png HTTP/1.1" 200 9360
[2022-11-29 01:52:02,119] DEBUG - Starting new HTTPS connection (1): cdn-icons-png.flaticon.com:443
[2022-11-29 01:52:02,145] DEBUG - https://cdn-icons-png.flaticon.com:443 "GET /256/8283/8283617.png HTTP/1.1" 200 11435
[2022-11-29 01:52:02,149] DEBUG - Starting new HTTPS connection (1): cdn-icons-png.flaticon.com:443
[2022-11-29 01:52:02,187] DEBUG - https://cdn-icons-png.flaticon.com:443 "GET /256/8128/8128417.png HTTP/1.1" 200 18030
[2022-11-29 01:52:02,213] DEBUG - STREAM b'IHDR' 16 13
[2022-11-29 01:52:02,214] DEBUG - STREAM b'sBIT' 41 4
[2022-11-29 01:52:02,214] DEBUG - b'sBIT' 41 4 (unknown)
[2022-11-29 01:52:02,214] DEBUG - STREAM b'pHYs' 57 9
[2022-11-29 01:52:02,214] DEBUG - STREAM b'tEXt' 78 25
[2022-11-29 01:52:02,214] DEBUG - STREAM b'IDAT' 115 8192
