[2022-11-29 01:55:50,324] CRITICAL - GPU detected
[2022-11-29 01:55:50,328] DEBUG - Starting new HTTPS connection (1): huggingface.co:443
[2022-11-29 01:55:50,677] DEBUG - https://huggingface.co:443 "HEAD /ml6team/keyphrase-generation-t5-small-inspec/resolve/main/config.json HTTP/1.1" 200 0
[2022-11-29 01:55:51,258] DEBUG - Starting new HTTPS connection (1): huggingface.co:443
[2022-11-29 01:55:51,596] DEBUG - https://huggingface.co:443 "HEAD /ml6team/keyphrase-generation-t5-small-inspec/resolve/main/tokenizer_config.json HTTP/1.1" 200 0
[2022-11-29 01:55:52,167] DEBUG - Getting requests for icons
[2022-11-29 01:55:52,169] DEBUG - Starting new HTTPS connection (1): www.flaticon.com:443
[2022-11-29 01:55:52,250] DEBUG - https://www.flaticon.com:443 "GET /search?word=formal%20languages&color=color&shape=outline&order_by=4 HTTP/1.1" 404 None
[2022-11-29 01:55:52,260] DEBUG - Starting new HTTPS connection (1): www.flaticon.com:443
[2022-11-29 01:55:52,445] DEBUG - https://www.flaticon.com:443 "GET /search?word=symbols&color=color&shape=outline&order_by=4 HTTP/1.1" 200 None
[2022-11-29 01:55:52,603] DEBUG - Starting new HTTPS connection (1): www.flaticon.com:443
[2022-11-29 01:55:52,691] DEBUG - https://www.flaticon.com:443 "GET /search?word=firstorder%20languages&color=color&shape=outline&order_by=4 HTTP/1.1" 404 None
[2022-11-29 01:55:52,701] DEBUG - Starting new HTTPS connection (1): www.flaticon.com:443
[2022-11-29 01:55:52,784] DEBUG - https://www.flaticon.com:443 "GET /search?word=secondorder%20languages&color=color&shape=outline&order_by=4 HTTP/1.1" 404 None
[2022-11-29 01:55:52,795] DEBUG - Starting new HTTPS connection (1): www.flaticon.com:443
[2022-11-29 01:55:52,877] DEBUG - https://www.flaticon.com:443 "GET /search?word=higherorder&color=color&shape=outline&order_by=4 HTTP/1.1" 404 None
[2022-11-29 01:55:52,886] DEBUG - ['https://cdn-icons-png.flaticon.com/256/4154/4154100.png', 'https://cdn-icons-png.flaticon.com/256/3394/3394894.png', 'https://cdn-icons-png.flaticon.com/256/4776/4776202.png', 'https://cdn-icons-png.flaticon.com/256/8283/8283617.png', 'https://cdn-icons-png.flaticon.com/256/8128/8128417.png']
[2022-11-29 01:55:52,889] DEBUG - Starting new HTTPS connection (1): cdn-icons-png.flaticon.com:443
[2022-11-29 01:55:52,915] DEBUG - https://cdn-icons-png.flaticon.com:443 "GET /256/4154/4154100.png HTTP/1.1" 200 9804
[2022-11-29 01:55:52,918] DEBUG - Starting new HTTPS connection (1): cdn-icons-png.flaticon.com:443
[2022-11-29 01:55:52,944] DEBUG - https://cdn-icons-png.flaticon.com:443 "GET /256/3394/3394894.png HTTP/1.1" 200 1439
[2022-11-29 01:55:52,947] DEBUG - Starting new HTTPS connection (1): cdn-icons-png.flaticon.com:443
[2022-11-29 01:55:52,974] DEBUG - https://cdn-icons-png.flaticon.com:443 "GET /256/4776/4776202.png HTTP/1.1" 200 9360
[2022-11-29 01:55:52,976] DEBUG - Starting new HTTPS connection (1): cdn-icons-png.flaticon.com:443
[2022-11-29 01:55:53,007] DEBUG - https://cdn-icons-png.flaticon.com:443 "GET /256/8283/8283617.png HTTP/1.1" 200 11435
[2022-11-29 01:55:53,010] DEBUG - Starting new HTTPS connection (1): cdn-icons-png.flaticon.com:443
[2022-11-29 01:55:53,034] DEBUG - https://cdn-icons-png.flaticon.com:443 "GET /256/8128/8128417.png HTTP/1.1" 200 18030
[2022-11-29 01:55:53,058] DEBUG - STREAM b'IHDR' 16 13
[2022-11-29 01:55:53,059] DEBUG - STREAM b'sBIT' 41 4
[2022-11-29 01:55:53,059] DEBUG - b'sBIT' 41 4 (unknown)
[2022-11-29 01:55:53,059] DEBUG - STREAM b'pHYs' 57 9
[2022-11-29 01:55:53,059] DEBUG - STREAM b'tEXt' 78 25
[2022-11-29 01:55:53,059] DEBUG - STREAM b'IDAT' 115 8192
