[2022-11-29 01:46:23,293] CRITICAL - GPU detected
[2022-11-29 01:46:23,298] DEBUG - Starting new HTTPS connection (1): huggingface.co:443
[2022-11-29 01:46:23,648] DEBUG - https://huggingface.co:443 "HEAD /ml6team/keyphrase-generation-t5-small-inspec/resolve/main/config.json HTTP/1.1" 200 0
[2022-11-29 01:46:24,268] DEBUG - Starting new HTTPS connection (1): huggingface.co:443
[2022-11-29 01:46:24,611] DEBUG - https://huggingface.co:443 "HEAD /ml6team/keyphrase-generation-t5-small-inspec/resolve/main/tokenizer_config.json HTTP/1.1" 200 0
[2022-11-29 01:46:25,243] DEBUG - Getting requests for icons
[2022-11-29 01:46:25,245] DEBUG - Starting new HTTPS connection (1): www.flaticon.com:443
[2022-11-29 01:46:25,335] DEBUG - https://www.flaticon.com:443 "GET /search?word=formal%20languages&color=color&shape=outline&order_by=4 HTTP/1.1" 404 None
[2022-11-29 01:46:25,347] DEBUG - Starting new HTTPS connection (1): www.flaticon.com:443
[2022-11-29 01:46:25,536] DEBUG - https://www.flaticon.com:443 "GET /search?word=symbols&color=color&shape=outline&order_by=4 HTTP/1.1" 200 None
[2022-11-29 01:46:25,745] DEBUG - Starting new HTTPS connection (1): www.flaticon.com:443
[2022-11-29 01:46:25,834] DEBUG - https://www.flaticon.com:443 "GET /search?word=firstorder%20languages&color=color&shape=outline&order_by=4 HTTP/1.1" 404 None
[2022-11-29 01:46:25,846] DEBUG - Starting new HTTPS connection (1): www.flaticon.com:443
[2022-11-29 01:46:25,930] DEBUG - https://www.flaticon.com:443 "GET /search?word=secondorder%20languages&color=color&shape=outline&order_by=4 HTTP/1.1" 404 None
[2022-11-29 01:46:25,953] DEBUG - Starting new HTTPS connection (1): www.flaticon.com:443
[2022-11-29 01:46:26,052] DEBUG - https://www.flaticon.com:443 "GET /search?word=higherorder&color=color&shape=outline&order_by=4 HTTP/1.1" 404 None
[2022-11-29 01:46:26,064] DEBUG - ['https://cdn-icons-png.flaticon.com/256/4154/4154100.png', 'https://cdn-icons-png.flaticon.com/256/4776/4776202.png', 'https://cdn-icons-png.flaticon.com/256/8283/8283617.png', 'https://cdn-icons-png.flaticon.com/256/8128/8128417.png', 'https://cdn-icons-png.flaticon.com/256/8942/8942862.png']
[2022-11-29 01:46:26,066] DEBUG - Starting new HTTPS connection (1): cdn-icons-png.flaticon.com:443
[2022-11-29 01:46:26,106] DEBUG - https://cdn-icons-png.flaticon.com:443 "GET /256/4154/4154100.png HTTP/1.1" 200 9804
[2022-11-29 01:46:26,109] DEBUG - Starting new HTTPS connection (1): cdn-icons-png.flaticon.com:443
[2022-11-29 01:46:26,136] DEBUG - https://cdn-icons-png.flaticon.com:443 "GET /256/4776/4776202.png HTTP/1.1" 200 9360
[2022-11-29 01:46:26,138] DEBUG - Starting new HTTPS connection (1): cdn-icons-png.flaticon.com:443
[2022-11-29 01:46:26,162] DEBUG - https://cdn-icons-png.flaticon.com:443 "GET /256/8283/8283617.png HTTP/1.1" 200 11435
[2022-11-29 01:46:26,164] DEBUG - Starting new HTTPS connection (1): cdn-icons-png.flaticon.com:443
[2022-11-29 01:46:26,189] DEBUG - https://cdn-icons-png.flaticon.com:443 "GET /256/8128/8128417.png HTTP/1.1" 200 18030
[2022-11-29 01:46:26,192] DEBUG - Starting new HTTPS connection (1): cdn-icons-png.flaticon.com:443
[2022-11-29 01:46:26,231] DEBUG - https://cdn-icons-png.flaticon.com:443 "GET /256/8942/8942862.png HTTP/1.1" 200 9871
[2022-11-29 01:46:26,244] DEBUG - STREAM b'IHDR' 16 13
[2022-11-29 01:46:26,244] DEBUG - STREAM b'pHYs' 41 9
[2022-11-29 01:46:26,244] DEBUG - STREAM b'IDAT' 62 13353
[2022-11-29 01:46:29,820] DEBUG - STREAM b'IHDR' 16 13
[2022-11-29 01:46:29,820] DEBUG - STREAM b'sBIT' 41 4
[2022-11-29 01:46:29,821] DEBUG - b'sBIT' 41 4 (unknown)
[2022-11-29 01:46:29,821] DEBUG - STREAM b'pHYs' 57 9
[2022-11-29 01:46:29,821] DEBUG - STREAM b'tEXt' 78 25
[2022-11-29 01:46:29,821] DEBUG - STREAM b'IDAT' 115 8192
