[2022-11-29 01:56:11,787] CRITICAL - GPU detected
[2022-11-29 01:56:11,792] DEBUG - Starting new HTTPS connection (1): huggingface.co:443
[2022-11-29 01:56:12,135] DEBUG - https://huggingface.co:443 "HEAD /ml6team/keyphrase-generation-t5-small-inspec/resolve/main/config.json HTTP/1.1" 200 0
[2022-11-29 01:56:12,701] DEBUG - Starting new HTTPS connection (1): huggingface.co:443
[2022-11-29 01:56:13,044] DEBUG - https://huggingface.co:443 "HEAD /ml6team/keyphrase-generation-t5-small-inspec/resolve/main/tokenizer_config.json HTTP/1.1" 200 0
[2022-11-29 01:56:13,602] DEBUG - Getting requests for icons
[2022-11-29 01:56:13,604] DEBUG - Starting new HTTPS connection (1): www.flaticon.com:443
[2022-11-29 01:56:13,687] DEBUG - https://www.flaticon.com:443 "GET /search?word=formal%20languages&color=color&shape=outline&order_by=4 HTTP/1.1" 404 None
[2022-11-29 01:56:13,701] DEBUG - Starting new HTTPS connection (1): www.flaticon.com:443
[2022-11-29 01:56:13,873] DEBUG - https://www.flaticon.com:443 "GET /search?word=symbols&color=color&shape=outline&order_by=4 HTTP/1.1" 200 None
[2022-11-29 01:56:14,024] DEBUG - Starting new HTTPS connection (1): www.flaticon.com:443
[2022-11-29 01:56:14,105] DEBUG - https://www.flaticon.com:443 "GET /search?word=firstorder%20languages&color=color&shape=outline&order_by=4 HTTP/1.1" 404 None
[2022-11-29 01:56:14,117] DEBUG - Starting new HTTPS connection (1): www.flaticon.com:443
[2022-11-29 01:56:14,202] DEBUG - https://www.flaticon.com:443 "GET /search?word=secondorder%20languages&color=color&shape=outline&order_by=4 HTTP/1.1" 404 None
[2022-11-29 01:56:14,213] DEBUG - Starting new HTTPS connection (1): www.flaticon.com:443
[2022-11-29 01:56:14,303] DEBUG - https://www.flaticon.com:443 "GET /search?word=higherorder&color=color&shape=outline&order_by=4 HTTP/1.1" 404 None
[2022-11-29 01:56:14,314] DEBUG - ['https://cdn-icons-png.flaticon.com/256/8809/8809149.png', 'https://cdn-icons-png.flaticon.com/256/4154/4154100.png', 'https://cdn-icons-png.flaticon.com/256/4776/4776202.png', 'https://cdn-icons-png.flaticon.com/256/8283/8283617.png', 'https://cdn-icons-png.flaticon.com/256/8128/8128417.png']
[2022-11-29 01:56:14,317] DEBUG - Starting new HTTPS connection (1): cdn-icons-png.flaticon.com:443
[2022-11-29 01:56:14,407] DEBUG - https://cdn-icons-png.flaticon.com:443 "GET /256/8809/8809149.png HTTP/1.1" 200 2412
[2022-11-29 01:56:14,411] DEBUG - Starting new HTTPS connection (1): cdn-icons-png.flaticon.com:443
[2022-11-29 01:56:14,433] DEBUG - https://cdn-icons-png.flaticon.com:443 "GET /256/4154/4154100.png HTTP/1.1" 200 9804
[2022-11-29 01:56:14,436] DEBUG - Starting new HTTPS connection (1): cdn-icons-png.flaticon.com:443
[2022-11-29 01:56:14,465] DEBUG - https://cdn-icons-png.flaticon.com:443 "GET /256/4776/4776202.png HTTP/1.1" 200 9360
[2022-11-29 01:56:14,468] DEBUG - Starting new HTTPS connection (1): cdn-icons-png.flaticon.com:443
[2022-11-29 01:56:14,500] DEBUG - https://cdn-icons-png.flaticon.com:443 "GET /256/8283/8283617.png HTTP/1.1" 200 11435
[2022-11-29 01:56:14,504] DEBUG - Starting new HTTPS connection (1): cdn-icons-png.flaticon.com:443
[2022-11-29 01:56:14,528] DEBUG - https://cdn-icons-png.flaticon.com:443 "GET /256/8128/8128417.png HTTP/1.1" 200 18030
[2022-11-29 01:56:14,558] DEBUG - STREAM b'IHDR' 16 13
[2022-11-29 01:56:14,559] DEBUG - STREAM b'pHYs' 41 9
[2022-11-29 01:56:14,559] DEBUG - STREAM b'tEXt' 62 25
[2022-11-29 01:56:14,559] DEBUG - STREAM b'IDAT' 99 8192
