[2022-11-29 01:41:38,795] CRITICAL - GPU detected
[2022-11-29 01:41:38,800] DEBUG - Starting new HTTPS connection (1): huggingface.co:443
[2022-11-29 01:41:39,152] DEBUG - https://huggingface.co:443 "HEAD /ml6team/keyphrase-generation-t5-small-inspec/resolve/main/config.json HTTP/1.1" 200 0
[2022-11-29 01:41:39,767] DEBUG - Starting new HTTPS connection (1): huggingface.co:443
[2022-11-29 01:41:40,104] DEBUG - https://huggingface.co:443 "HEAD /ml6team/keyphrase-generation-t5-small-inspec/resolve/main/tokenizer_config.json HTTP/1.1" 200 0
[2022-11-29 01:41:40,728] DEBUG - Getting requests for icons
[2022-11-29 01:41:40,732] DEBUG - Starting new HTTPS connection (1): www.flaticon.com:443
[2022-11-29 01:41:40,821] DEBUG - https://www.flaticon.com:443 "GET /search?word=formal%20languages&color=color&shape=outline&order_by=4 HTTP/1.1" 404 None
[2022-11-29 01:41:40,833] DEBUG - Starting new HTTPS connection (1): www.flaticon.com:443
[2022-11-29 01:41:41,047] DEBUG - https://www.flaticon.com:443 "GET /search?word=symbols&color=color&shape=outline&order_by=4 HTTP/1.1" 200 None
[2022-11-29 01:41:41,213] DEBUG - Starting new HTTPS connection (1): www.flaticon.com:443
[2022-11-29 01:41:41,300] DEBUG - https://www.flaticon.com:443 "GET /search?word=firstorder%20languages&color=color&shape=outline&order_by=4 HTTP/1.1" 404 None
[2022-11-29 01:41:41,311] DEBUG - Starting new HTTPS connection (1): www.flaticon.com:443
[2022-11-29 01:41:41,392] DEBUG - https://www.flaticon.com:443 "GET /search?word=secondorder%20languages&color=color&shape=outline&order_by=4 HTTP/1.1" 404 None
[2022-11-29 01:41:41,403] DEBUG - Starting new HTTPS connection (1): www.flaticon.com:443
[2022-11-29 01:41:41,484] DEBUG - https://www.flaticon.com:443 "GET /search?word=higherorder&color=color&shape=outline&order_by=4 HTTP/1.1" 404 None
[2022-11-29 01:41:41,494] DEBUG - ['https://cdn-icons-png.flaticon.com/256/4154/4154100.png', 'https://cdn-icons-png.flaticon.com/256/4776/4776202.png', 'https://cdn-icons-png.flaticon.com/256/8283/8283617.png', 'https://cdn-icons-png.flaticon.com/256/8128/8128417.png', 'https://cdn-icons-png.flaticon.com/256/5350/5350974.png']
[2022-11-29 01:41:41,500] DEBUG - Starting new HTTPS connection (1): cdn-icons-png.flaticon.com:443
[2022-11-29 01:41:41,542] DEBUG - https://cdn-icons-png.flaticon.com:443 "GET /256/4154/4154100.png HTTP/1.1" 200 9804
[2022-11-29 01:41:41,546] DEBUG - Starting new HTTPS connection (1): cdn-icons-png.flaticon.com:443
[2022-11-29 01:41:41,578] DEBUG - https://cdn-icons-png.flaticon.com:443 "GET /256/4776/4776202.png HTTP/1.1" 200 9360
[2022-11-29 01:41:41,581] DEBUG - Starting new HTTPS connection (1): cdn-icons-png.flaticon.com:443
[2022-11-29 01:41:41,625] DEBUG - https://cdn-icons-png.flaticon.com:443 "GET /256/8283/8283617.png HTTP/1.1" 200 11435
[2022-11-29 01:41:41,628] DEBUG - Starting new HTTPS connection (1): cdn-icons-png.flaticon.com:443
[2022-11-29 01:41:41,661] DEBUG - https://cdn-icons-png.flaticon.com:443 "GET /256/8128/8128417.png HTTP/1.1" 200 18030
[2022-11-29 01:41:41,664] DEBUG - Starting new HTTPS connection (1): cdn-icons-png.flaticon.com:443
[2022-11-29 01:41:41,758] DEBUG - https://cdn-icons-png.flaticon.com:443 "GET /256/5350/5350974.png HTTP/1.1" 200 15977
[2022-11-29 01:41:41,776] DEBUG - STREAM b'IHDR' 16 13
[2022-11-29 01:41:41,777] DEBUG - STREAM b'pHYs' 41 9
[2022-11-29 01:41:41,777] DEBUG - STREAM b'IDAT' 62 13353
[2022-11-29 01:41:41,792] DEBUG - STREAM b'IHDR' 16 13
[2022-11-29 01:41:41,792] DEBUG - STREAM b'sBIT' 41 4
[2022-11-29 01:41:41,792] DEBUG - b'sBIT' 41 4 (unknown)
[2022-11-29 01:41:41,793] DEBUG - STREAM b'pHYs' 57 9
[2022-11-29 01:41:41,793] DEBUG - STREAM b'tEXt' 78 25
[2022-11-29 01:41:41,793] DEBUG - STREAM b'IDAT' 115 8192
