[2022-11-29 01:55:15,397] CRITICAL - GPU detected
[2022-11-29 01:55:15,401] DEBUG - Starting new HTTPS connection (1): huggingface.co:443
[2022-11-29 01:55:15,770] DEBUG - https://huggingface.co:443 "HEAD /ml6team/keyphrase-generation-t5-small-inspec/resolve/main/config.json HTTP/1.1" 200 0
[2022-11-29 01:55:16,353] DEBUG - Starting new HTTPS connection (1): huggingface.co:443
[2022-11-29 01:55:16,693] DEBUG - https://huggingface.co:443 "HEAD /ml6team/keyphrase-generation-t5-small-inspec/resolve/main/tokenizer_config.json HTTP/1.1" 200 0
[2022-11-29 01:55:17,252] DEBUG - Getting requests for icons
[2022-11-29 01:55:17,254] DEBUG - Starting new HTTPS connection (1): www.flaticon.com:443
[2022-11-29 01:55:17,338] DEBUG - https://www.flaticon.com:443 "GET /search?word=formal%20languages&color=color&shape=outline&order_by=4 HTTP/1.1" 404 None
[2022-11-29 01:55:17,352] DEBUG - Starting new HTTPS connection (1): www.flaticon.com:443
[2022-11-29 01:55:17,524] DEBUG - https://www.flaticon.com:443 "GET /search?word=symbols&color=color&shape=outline&order_by=4 HTTP/1.1" 200 None
[2022-11-29 01:55:17,698] DEBUG - Starting new HTTPS connection (1): www.flaticon.com:443
[2022-11-29 01:55:17,784] DEBUG - https://www.flaticon.com:443 "GET /search?word=firstorder%20languages&color=color&shape=outline&order_by=4 HTTP/1.1" 404 None
[2022-11-29 01:55:17,796] DEBUG - Starting new HTTPS connection (1): www.flaticon.com:443
[2022-11-29 01:55:17,878] DEBUG - https://www.flaticon.com:443 "GET /search?word=secondorder%20languages&color=color&shape=outline&order_by=4 HTTP/1.1" 404 None
[2022-11-29 01:55:17,887] DEBUG - Starting new HTTPS connection (1): www.flaticon.com:443
[2022-11-29 01:55:17,964] DEBUG - https://www.flaticon.com:443 "GET /search?word=higherorder&color=color&shape=outline&order_by=4 HTTP/1.1" 404 None
[2022-11-29 01:55:17,973] DEBUG - ['https://cdn-icons-png.flaticon.com/256/4154/4154100.png', 'https://cdn-icons-png.flaticon.com/256/4776/4776202.png', 'https://cdn-icons-png.flaticon.com/256/8283/8283617.png', 'https://cdn-icons-png.flaticon.com/256/8128/8128417.png', 'https://cdn-icons-png.flaticon.com/256/8942/8942862.png']
[2022-11-29 01:55:17,977] DEBUG - Starting new HTTPS connection (1): cdn-icons-png.flaticon.com:443
[2022-11-29 01:55:18,002] DEBUG - https://cdn-icons-png.flaticon.com:443 "GET /256/4154/4154100.png HTTP/1.1" 200 9804
[2022-11-29 01:55:18,006] DEBUG - Starting new HTTPS connection (1): cdn-icons-png.flaticon.com:443
[2022-11-29 01:55:18,031] DEBUG - https://cdn-icons-png.flaticon.com:443 "GET /256/4776/4776202.png HTTP/1.1" 200 9360
[2022-11-29 01:55:18,034] DEBUG - Starting new HTTPS connection (1): cdn-icons-png.flaticon.com:443
[2022-11-29 01:55:18,068] DEBUG - https://cdn-icons-png.flaticon.com:443 "GET /256/8283/8283617.png HTTP/1.1" 200 11435
[2022-11-29 01:55:18,071] DEBUG - Starting new HTTPS connection (1): cdn-icons-png.flaticon.com:443
[2022-11-29 01:55:18,099] DEBUG - https://cdn-icons-png.flaticon.com:443 "GET /256/8128/8128417.png HTTP/1.1" 200 18030
[2022-11-29 01:55:18,102] DEBUG - Starting new HTTPS connection (1): cdn-icons-png.flaticon.com:443
[2022-11-29 01:55:18,133] DEBUG - https://cdn-icons-png.flaticon.com:443 "GET /256/8942/8942862.png HTTP/1.1" 200 9871
[2022-11-29 01:55:18,160] DEBUG - STREAM b'IHDR' 16 13
[2022-11-29 01:55:18,160] DEBUG - STREAM b'sBIT' 41 4
[2022-11-29 01:55:18,160] DEBUG - b'sBIT' 41 4 (unknown)
[2022-11-29 01:55:18,160] DEBUG - STREAM b'pHYs' 57 9
[2022-11-29 01:55:18,160] DEBUG - STREAM b'tEXt' 78 25
[2022-11-29 01:55:18,160] DEBUG - STREAM b'IDAT' 115 8192
