[2022-11-26 22:41:27,928] CRITICAL - GPU detected
[2022-11-26 22:41:27,937] DEBUG - Starting new HTTPS connection (1): huggingface.co:443
[2022-11-26 22:41:28,312] DEBUG - https://huggingface.co:443 "HEAD /ml6team/keyphrase-generation-t5-small-inspec/resolve/main/config.json HTTP/1.1" 200 0
[2022-11-26 22:41:28,896] DEBUG - Starting new HTTPS connection (1): huggingface.co:443
[2022-11-26 22:41:29,242] DEBUG - https://huggingface.co:443 "HEAD /ml6team/keyphrase-generation-t5-small-inspec/resolve/main/tokenizer_config.json HTTP/1.1" 200 0
[2022-11-26 22:41:29,716] DEBUG - Getting requests for icons
[2022-11-26 22:41:29,718] DEBUG - Starting new HTTPS connection (1): www.flaticon.com:443
[2022-11-26 22:41:29,804] DEBUG - https://www.flaticon.com:443 "GET /search?word=s&color=color&shape=outline&order_by=4 HTTP/1.1" 200 None
[2022-11-26 22:41:29,919] DEBUG - Starting new HTTPS connection (1): www.flaticon.com:443
[2022-11-26 22:41:30,026] DEBUG - https://www.flaticon.com:443 "GET /search?word=t&color=color&shape=outline&order_by=4 HTTP/1.1" 200 None
[2022-11-26 22:41:30,272] DEBUG - Starting new HTTPS connection (1): www.flaticon.com:443
[2022-11-26 22:41:30,362] DEBUG - https://www.flaticon.com:443 "GET /search?word=r&color=color&shape=outline&order_by=4 HTTP/1.1" 200 None
[2022-11-26 22:41:30,506] DEBUG - Starting new HTTPS connection (1): www.flaticon.com:443
[2022-11-26 22:41:30,631] DEBUG - https://www.flaticon.com:443 "GET /search?word=i&color=color&shape=outline&order_by=4 HTTP/1.1" 200 None
[2022-11-26 22:41:30,758] DEBUG - Starting new HTTPS connection (1): www.flaticon.com:443
[2022-11-26 22:41:30,863] DEBUG - https://www.flaticon.com:443 "GET /search?word=c&color=color&shape=outline&order_by=4 HTTP/1.1" 200 None
[2022-11-26 22:41:31,019] DEBUG - Starting new HTTPS connection (1): www.flaticon.com:443
[2022-11-26 22:41:31,115] DEBUG - https://www.flaticon.com:443 "GET /search?word=t&color=color&shape=outline&order_by=4 HTTP/1.1" 200 None
[2022-11-26 22:41:31,357] DEBUG - Starting new HTTPS connection (1): www.flaticon.com:443
[2022-11-26 22:41:32,222] DEBUG - https://www.flaticon.com:443 "GET /search?word=%20&color=color&shape=outline&order_by=4 HTTP/1.1" 200 None
[2022-11-26 22:41:32,382] DEBUG - Starting new HTTPS connection (1): www.flaticon.com:443
[2022-11-26 22:41:32,506] DEBUG - https://www.flaticon.com:443 "GET /search?word=e&color=color&shape=outline&order_by=4 HTTP/1.1" 200 None
[2022-11-26 22:41:32,645] DEBUG - Starting new HTTPS connection (1): www.flaticon.com:443
[2022-11-26 22:41:32,752] DEBUG - https://www.flaticon.com:443 "GET /search?word=v&color=color&shape=outline&order_by=4 HTTP/1.1" 200 None
[2022-11-26 22:41:32,887] DEBUG - Starting new HTTPS connection (1): www.flaticon.com:443
[2022-11-26 22:41:33,006] DEBUG - https://www.flaticon.com:443 "GET /search?word=a&color=color&shape=outline&order_by=4 HTTP/1.1" 200 None
[2022-11-26 22:41:33,254] DEBUG - Starting new HTTPS connection (1): www.flaticon.com:443
[2022-11-26 22:41:33,359] DEBUG - https://www.flaticon.com:443 "GET /search?word=l&color=color&shape=outline&order_by=4 HTTP/1.1" 200 None
[2022-11-26 22:41:33,464] DEBUG - Starting new HTTPS connection (1): www.flaticon.com:443
[2022-11-26 22:41:33,589] DEBUG - https://www.flaticon.com:443 "GET /search?word=u&color=color&shape=outline&order_by=4 HTTP/1.1" 200 None
[2022-11-26 22:41:33,734] DEBUG - Starting new HTTPS connection (1): www.flaticon.com:443
[2022-11-26 22:41:33,840] DEBUG - https://www.flaticon.com:443 "GET /search?word=a&color=color&shape=outline&order_by=4 HTTP/1.1" 200 None
[2022-11-26 22:41:34,085] DEBUG - Starting new HTTPS connection (1): www.flaticon.com:443
[2022-11-26 22:41:34,194] DEBUG - https://www.flaticon.com:443 "GET /search?word=t&color=color&shape=outline&order_by=4 HTTP/1.1" 200 None
[2022-11-26 22:41:34,354] DEBUG - Starting new HTTPS connection (1): www.flaticon.com:443
[2022-11-26 22:41:34,448] DEBUG - https://www.flaticon.com:443 "GET /search?word=i&color=color&shape=outline&order_by=4 HTTP/1.1" 200 None
[2022-11-26 22:41:34,574] DEBUG - Starting new HTTPS connection (1): www.flaticon.com:443
[2022-11-26 22:41:34,687] DEBUG - https://www.flaticon.com:443 "GET /search?word=o&color=color&shape=outline&order_by=4 HTTP/1.1" 200 None
[2022-11-26 22:41:34,925] DEBUG - Starting new HTTPS connection (1): www.flaticon.com:443
[2022-11-26 22:41:35,030] DEBUG - https://www.flaticon.com:443 "GET /search?word=n&color=color&shape=outline&order_by=4 HTTP/1.1" 200 None
[2022-11-26 22:41:35,125] DEBUG - ['https://cdn-icons-png.flaticon.com/256/8849/8849945.png', 'https://cdn-icons-png.flaticon.com/256/8889/8889092.png', 'https://cdn-icons-png.flaticon.com/256/7618/7618898.png', 'https://cdn-icons-png.flaticon.com/256/7825/7825833.png', 'https://cdn-icons-png.flaticon.com/256/4553/4553018.png', 'https://cdn-icons-png.flaticon.com/256/4553/4553019.png', 'https://cdn-icons-png.flaticon.com/256/8383/8383215.png', 'https://cdn-icons-png.flaticon.com/256/7619/7619163.png', 'https://cdn-icons-png.flaticon.com/256/6163/6163476.png', 'https://cdn-icons-png.flaticon.com/256/8370/8370564.png', 'https://cdn-icons-png.flaticon.com/256/4553/4553016.png', 'https://cdn-icons-png.flaticon.com/256/8030/8030128.png', 'https://cdn-icons-png.flaticon.com/256/8889/8889089.png', 'https://cdn-icons-png.flaticon.com/256/7946/7946314.png', 'https://cdn-icons-png.flaticon.com/256/8142/8142662.png', 'https://cdn-icons-png.flaticon.com/256/4552/4552976.png', 'https://cdn-icons-png.flaticon.com/256/8632/8632464.png', 'https://cdn-icons-png.flaticon.com/256/8800/8800672.png', 'https://cdn-icons-png.flaticon.com/256/6229/6229281.png', 'https://cdn-icons-png.flaticon.com/256/7310/7310798.png', 'https://cdn-icons-png.flaticon.com/256/4552/4552946.png', 'https://cdn-icons-png.flaticon.com/256/7743/7743681.png', 'https://cdn-icons-png.flaticon.com/256/6677/6677356.png', 'https://cdn-icons-png.flaticon.com/256/8889/8889055.png', 'https://cdn-icons-png.flaticon.com/256/4548/4548491.png', 'https://cdn-icons-png.flaticon.com/256/4553/4553019.png', 'https://cdn-icons-png.flaticon.com/256/8383/8383215.png', 'https://cdn-icons-png.flaticon.com/256/7619/7619163.png', 'https://cdn-icons-png.flaticon.com/256/6163/6163476.png', 'https://cdn-icons-png.flaticon.com/256/8370/8370564.png', 'https://cdn-icons-png.flaticon.com/256/4899/4899162.png', 'https://cdn-icons-png.flaticon.com/256/6204/6204829.png', 'https://cdn-icons-png.flaticon.com/256/6064/6064458.png', 'https://cdn-icons-png.flaticon.com/256/2331/2331397.png', 'https://cdn-icons-png.flaticon.com/256/5871/5871288.png', 'https://cdn-icons-png.flaticon.com/256/5045/5045311.png', 'https://cdn-icons-png.flaticon.com/256/4552/4552953.png', 'https://cdn-icons-png.flaticon.com/256/8973/8973514.png', 'https://cdn-icons-png.flaticon.com/256/8361/8361181.png', 'https://cdn-icons-png.flaticon.com/256/8142/8142746.png', 'https://cdn-icons-png.flaticon.com/256/4553/4553024.png', 'https://cdn-icons-png.flaticon.com/256/8973/8973551.png', 'https://cdn-icons-png.flaticon.com/256/8142/8142692.png', 'https://cdn-icons-png.flaticon.com/256/7946/7946341.png', 'https://cdn-icons-png.flaticon.com/256/7618/7618928.png', 'https://cdn-icons-png.flaticon.com/256/4552/4552937.png', 'https://cdn-icons-png.flaticon.com/256/8973/8973499.png', 'https://cdn-icons-png.flaticon.com/256/6417/6417117.png', 'https://cdn-icons-png.flaticon.com/256/3574/3574996.png', 'https://cdn-icons-png.flaticon.com/256/3965/3965068.png', 'https://cdn-icons-png.flaticon.com/256/4552/4552996.png', 'https://cdn-icons-png.flaticon.com/256/8889/8889071.png', 'https://cdn-icons-png.flaticon.com/256/7618/7618825.png', 'https://cdn-icons-png.flaticon.com/256/7312/7312248.png', 'https://cdn-icons-png.flaticon.com/256/8056/8056640.png', 'https://cdn-icons-png.flaticon.com/256/4553/4553022.png', 'https://cdn-icons-png.flaticon.com/256/7619/7619173.png', 'https://cdn-icons-png.flaticon.com/256/8370/8370568.png', 'https://cdn-icons-png.flaticon.com/256/7992/7992102.png', 'https://cdn-icons-png.flaticon.com/256/4424/4424228.png', 'https://cdn-icons-png.flaticon.com/256/4552/4552937.png', 'https://cdn-icons-png.flaticon.com/256/8973/8973499.png', 'https://cdn-icons-png.flaticon.com/256/6417/6417117.png', 'https://cdn-icons-png.flaticon.com/256/3574/3574996.png', 'https://cdn-icons-png.flaticon.com/256/3965/3965068.png', 'https://cdn-icons-png.flaticon.com/256/4553/4553019.png', 'https://cdn-icons-png.flaticon.com/256/8383/8383215.png', 'https://cdn-icons-png.flaticon.com/256/7619/7619163.png', 'https://cdn-icons-png.flaticon.com/256/6163/6163476.png', 'https://cdn-icons-png.flaticon.com/256/8370/8370564.png', 'https://cdn-icons-png.flaticon.com/256/4552/4552976.png', 'https://cdn-icons-png.flaticon.com/256/8632/8632464.png', 'https://cdn-icons-png.flaticon.com/256/8800/8800672.png', 'https://cdn-icons-png.flaticon.com/256/6229/6229281.png', 'https://cdn-icons-png.flaticon.com/256/7310/7310798.png', 'https://cdn-icons-png.flaticon.com/256/4553/4553010.png', 'https://cdn-icons-png.flaticon.com/256/8150/8150978.png', 'https://cdn-icons-png.flaticon.com/256/8849/8849941.png', 'https://cdn-icons-png.flaticon.com/256/8889/8889080.png', 'https://cdn-icons-png.flaticon.com/256/5839/5839598.png', 'https://cdn-icons-png.flaticon.com/256/4553/4553006.png', 'https://cdn-icons-png.flaticon.com/256/7618/7618846.png', 'https://cdn-icons-png.flaticon.com/256/8142/8142642.png', 'https://cdn-icons-png.flaticon.com/256/7946/7946285.png', 'https://cdn-icons-png.flaticon.com/256/8383/8383203.png']
[2022-11-26 22:41:35,130] DEBUG - Starting new HTTPS connection (1): cdn-icons-png.flaticon.com:443
[2022-11-26 22:41:35,281] DEBUG - https://cdn-icons-png.flaticon.com:443 "GET /256/8849/8849945.png HTTP/1.1" 200 12582
[2022-11-26 22:41:35,284] DEBUG - Starting new HTTPS connection (1): cdn-icons-png.flaticon.com:443
[2022-11-26 22:41:35,371] DEBUG - https://cdn-icons-png.flaticon.com:443 "GET /256/8889/8889092.png HTTP/1.1" 200 18373
[2022-11-26 22:41:35,375] DEBUG - Starting new HTTPS connection (1): cdn-icons-png.flaticon.com:443
[2022-11-26 22:41:35,492] DEBUG - https://cdn-icons-png.flaticon.com:443 "GET /256/7618/7618898.png HTTP/1.1" 200 14448
[2022-11-26 22:41:35,495] DEBUG - Starting new HTTPS connection (1): cdn-icons-png.flaticon.com:443
[2022-11-26 22:41:35,614] DEBUG - https://cdn-icons-png.flaticon.com:443 "GET /256/7825/7825833.png HTTP/1.1" 200 9597
[2022-11-26 22:41:35,617] DEBUG - Starting new HTTPS connection (1): cdn-icons-png.flaticon.com:443
[2022-11-26 22:41:35,727] DEBUG - https://cdn-icons-png.flaticon.com:443 "GET /256/4553/4553018.png HTTP/1.1" 200 14162
[2022-11-26 22:41:35,730] DEBUG - Starting new HTTPS connection (1): cdn-icons-png.flaticon.com:443
[2022-11-26 22:41:35,826] DEBUG - https://cdn-icons-png.flaticon.com:443 "GET /256/4553/4553019.png HTTP/1.1" 200 4903
[2022-11-26 22:41:35,829] DEBUG - Starting new HTTPS connection (1): cdn-icons-png.flaticon.com:443
[2022-11-26 22:41:37,105] DEBUG - https://cdn-icons-png.flaticon.com:443 "GET /256/8383/8383215.png HTTP/1.1" 200 5406
[2022-11-26 22:41:37,108] DEBUG - Starting new HTTPS connection (1): cdn-icons-png.flaticon.com:443
[2022-11-26 22:41:37,227] DEBUG - https://cdn-icons-png.flaticon.com:443 "GET /256/7619/7619163.png HTTP/1.1" 200 7762
[2022-11-26 22:41:37,229] DEBUG - Starting new HTTPS connection (1): cdn-icons-png.flaticon.com:443
[2022-11-26 22:41:37,321] DEBUG - https://cdn-icons-png.flaticon.com:443 "GET /256/6163/6163476.png HTTP/1.1" 200 15785
[2022-11-26 22:41:37,323] DEBUG - Starting new HTTPS connection (1): cdn-icons-png.flaticon.com:443
[2022-11-26 22:41:37,445] DEBUG - https://cdn-icons-png.flaticon.com:443 "GET /256/8370/8370564.png HTTP/1.1" 200 13270
[2022-11-26 22:41:37,448] DEBUG - Starting new HTTPS connection (1): cdn-icons-png.flaticon.com:443
[2022-11-26 22:41:37,541] DEBUG - https://cdn-icons-png.flaticon.com:443 "GET /256/4553/4553016.png HTTP/1.1" 200 9899
[2022-11-26 22:41:37,544] DEBUG - Starting new HTTPS connection (1): cdn-icons-png.flaticon.com:443
[2022-11-26 22:41:37,728] DEBUG - https://cdn-icons-png.flaticon.com:443 "GET /256/8030/8030128.png HTTP/1.1" 200 8087
[2022-11-26 22:41:37,731] DEBUG - Starting new HTTPS connection (1): cdn-icons-png.flaticon.com:443
[2022-11-26 22:41:37,896] DEBUG - https://cdn-icons-png.flaticon.com:443 "GET /256/8889/8889089.png HTTP/1.1" 200 12914
[2022-11-26 22:41:37,898] DEBUG - Starting new HTTPS connection (1): cdn-icons-png.flaticon.com:443
[2022-11-26 22:41:38,072] DEBUG - https://cdn-icons-png.flaticon.com:443 "GET /256/7946/7946314.png HTTP/1.1" 200 16141
[2022-11-26 22:41:38,077] DEBUG - Starting new HTTPS connection (1): cdn-icons-png.flaticon.com:443
[2022-11-26 22:41:38,234] DEBUG - https://cdn-icons-png.flaticon.com:443 "GET /256/8142/8142662.png HTTP/1.1" 200 14199
[2022-11-26 22:41:38,236] DEBUG - Starting new HTTPS connection (1): cdn-icons-png.flaticon.com:443
[2022-11-26 22:41:38,338] DEBUG - https://cdn-icons-png.flaticon.com:443 "GET /256/4552/4552976.png HTTP/1.1" 200 6932
[2022-11-26 22:41:38,341] DEBUG - Starting new HTTPS connection (1): cdn-icons-png.flaticon.com:443
[2022-11-26 22:41:38,490] DEBUG - https://cdn-icons-png.flaticon.com:443 "GET /256/8632/8632464.png HTTP/1.1" 200 36130
[2022-11-26 22:41:38,511] DEBUG - Starting new HTTPS connection (1): cdn-icons-png.flaticon.com:443
[2022-11-26 22:41:38,635] DEBUG - https://cdn-icons-png.flaticon.com:443 "GET /256/8800/8800672.png HTTP/1.1" 200 29863
[2022-11-26 22:41:38,641] DEBUG - Starting new HTTPS connection (1): cdn-icons-png.flaticon.com:443
[2022-11-26 22:41:38,783] DEBUG - https://cdn-icons-png.flaticon.com:443 "GET /256/6229/6229281.png HTTP/1.1" 200 13890
[2022-11-26 22:41:38,786] DEBUG - Starting new HTTPS connection (1): cdn-icons-png.flaticon.com:443
[2022-11-26 22:41:38,920] DEBUG - https://cdn-icons-png.flaticon.com:443 "GET /256/7310/7310798.png HTTP/1.1" 200 16018
[2022-11-26 22:41:38,922] DEBUG - Starting new HTTPS connection (1): cdn-icons-png.flaticon.com:443
[2022-11-26 22:41:39,042] DEBUG - https://cdn-icons-png.flaticon.com:443 "GET /256/4552/4552946.png HTTP/1.1" 200 14239
[2022-11-26 22:41:39,044] DEBUG - Starting new HTTPS connection (1): cdn-icons-png.flaticon.com:443
[2022-11-26 22:41:39,129] DEBUG - https://cdn-icons-png.flaticon.com:443 "GET /256/7743/7743681.png HTTP/1.1" 200 7237
[2022-11-26 22:41:39,131] DEBUG - Starting new HTTPS connection (1): cdn-icons-png.flaticon.com:443
[2022-11-26 22:41:39,282] DEBUG - https://cdn-icons-png.flaticon.com:443 "GET /256/6677/6677356.png HTTP/1.1" 200 23729
[2022-11-26 22:41:39,285] DEBUG - Starting new HTTPS connection (1): cdn-icons-png.flaticon.com:443
[2022-11-26 22:41:39,380] DEBUG - https://cdn-icons-png.flaticon.com:443 "GET /256/8889/8889055.png HTTP/1.1" 200 16710
[2022-11-26 22:41:39,384] DEBUG - Starting new HTTPS connection (1): cdn-icons-png.flaticon.com:443
[2022-11-26 22:41:39,536] DEBUG - https://cdn-icons-png.flaticon.com:443 "GET /256/4548/4548491.png HTTP/1.1" 200 3061
[2022-11-26 22:41:39,538] DEBUG - Starting new HTTPS connection (1): cdn-icons-png.flaticon.com:443
[2022-11-26 22:41:39,563] DEBUG - https://cdn-icons-png.flaticon.com:443 "GET /256/4553/4553019.png HTTP/1.1" 200 4903
[2022-11-26 22:41:39,566] DEBUG - Starting new HTTPS connection (1): cdn-icons-png.flaticon.com:443
[2022-11-26 22:41:39,589] DEBUG - https://cdn-icons-png.flaticon.com:443 "GET /256/8383/8383215.png HTTP/1.1" 200 5406
[2022-11-26 22:41:39,592] DEBUG - Starting new HTTPS connection (1): cdn-icons-png.flaticon.com:443
[2022-11-26 22:41:39,618] DEBUG - https://cdn-icons-png.flaticon.com:443 "GET /256/7619/7619163.png HTTP/1.1" 200 7762
[2022-11-26 22:41:39,623] DEBUG - Starting new HTTPS connection (1): cdn-icons-png.flaticon.com:443
[2022-11-26 22:41:39,649] DEBUG - https://cdn-icons-png.flaticon.com:443 "GET /256/6163/6163476.png HTTP/1.1" 200 15785
[2022-11-26 22:41:39,652] DEBUG - Starting new HTTPS connection (1): cdn-icons-png.flaticon.com:443
[2022-11-26 22:41:39,688] DEBUG - https://cdn-icons-png.flaticon.com:443 "GET /256/8370/8370564.png HTTP/1.1" 200 13270
[2022-11-26 22:41:39,691] DEBUG - Starting new HTTPS connection (1): cdn-icons-png.flaticon.com:443
[2022-11-26 22:41:39,796] DEBUG - https://cdn-icons-png.flaticon.com:443 "GET /256/4899/4899162.png HTTP/1.1" 200 27395
[2022-11-26 22:41:39,802] DEBUG - Starting new HTTPS connection (1): cdn-icons-png.flaticon.com:443
[2022-11-26 22:41:39,952] DEBUG - https://cdn-icons-png.flaticon.com:443 "GET /256/6204/6204829.png HTTP/1.1" 200 15297
[2022-11-26 22:41:39,956] DEBUG - Starting new HTTPS connection (1): cdn-icons-png.flaticon.com:443
[2022-11-26 22:41:40,076] DEBUG - https://cdn-icons-png.flaticon.com:443 "GET /256/6064/6064458.png HTTP/1.1" 200 9646
[2022-11-26 22:41:40,079] DEBUG - Starting new HTTPS connection (1): cdn-icons-png.flaticon.com:443
[2022-11-26 22:41:40,171] DEBUG - https://cdn-icons-png.flaticon.com:443 "GET /256/2331/2331397.png HTTP/1.1" 200 26446
[2022-11-26 22:41:40,178] DEBUG - Starting new HTTPS connection (1): cdn-icons-png.flaticon.com:443
[2022-11-26 22:41:40,277] DEBUG - https://cdn-icons-png.flaticon.com:443 "GET /256/5871/5871288.png HTTP/1.1" 200 11221
[2022-11-26 22:41:40,281] DEBUG - Starting new HTTPS connection (1): cdn-icons-png.flaticon.com:443
[2022-11-26 22:41:40,426] DEBUG - https://cdn-icons-png.flaticon.com:443 "GET /256/5045/5045311.png HTTP/1.1" 200 7364
[2022-11-26 22:41:40,429] DEBUG - Starting new HTTPS connection (1): cdn-icons-png.flaticon.com:443
[2022-11-26 22:41:40,528] DEBUG - https://cdn-icons-png.flaticon.com:443 "GET /256/4552/4552953.png HTTP/1.1" 200 6272
[2022-11-26 22:41:40,532] DEBUG - Starting new HTTPS connection (1): cdn-icons-png.flaticon.com:443
[2022-11-26 22:41:40,629] DEBUG - https://cdn-icons-png.flaticon.com:443 "GET /256/8973/8973514.png HTTP/1.1" 200 11795
[2022-11-26 22:41:40,632] DEBUG - Starting new HTTPS connection (1): cdn-icons-png.flaticon.com:443
[2022-11-26 22:41:40,726] DEBUG - https://cdn-icons-png.flaticon.com:443 "GET /256/8361/8361181.png HTTP/1.1" 200 8705
[2022-11-26 22:41:40,728] DEBUG - Starting new HTTPS connection (1): cdn-icons-png.flaticon.com:443
[2022-11-26 22:41:40,835] DEBUG - https://cdn-icons-png.flaticon.com:443 "GET /256/8142/8142746.png HTTP/1.1" 200 12597
[2022-11-26 22:41:40,838] DEBUG - Starting new HTTPS connection (1): cdn-icons-png.flaticon.com:443
[2022-11-26 22:41:40,974] DEBUG - https://cdn-icons-png.flaticon.com:443 "GET /256/4553/4553024.png HTTP/1.1" 200 12629
[2022-11-26 22:41:40,977] DEBUG - Starting new HTTPS connection (1): cdn-icons-png.flaticon.com:443
[2022-11-26 22:41:41,059] DEBUG - https://cdn-icons-png.flaticon.com:443 "GET /256/8973/8973551.png HTTP/1.1" 200 10810
[2022-11-26 22:41:41,062] DEBUG - Starting new HTTPS connection (1): cdn-icons-png.flaticon.com:443
[2022-11-26 22:41:41,207] DEBUG - https://cdn-icons-png.flaticon.com:443 "GET /256/8142/8142692.png HTTP/1.1" 200 14614
[2022-11-26 22:41:41,211] DEBUG - Starting new HTTPS connection (1): cdn-icons-png.flaticon.com:443
[2022-11-26 22:41:41,312] DEBUG - https://cdn-icons-png.flaticon.com:443 "GET /256/7946/7946341.png HTTP/1.1" 200 12717
[2022-11-26 22:41:41,314] DEBUG - Starting new HTTPS connection (1): cdn-icons-png.flaticon.com:443
[2022-11-26 22:41:41,424] DEBUG - https://cdn-icons-png.flaticon.com:443 "GET /256/7618/7618928.png HTTP/1.1" 200 11289
[2022-11-26 22:41:41,427] DEBUG - Starting new HTTPS connection (1): cdn-icons-png.flaticon.com:443
[2022-11-26 22:41:41,552] DEBUG - https://cdn-icons-png.flaticon.com:443 "GET /256/4552/4552937.png HTTP/1.1" 200 12109
[2022-11-26 22:41:41,556] DEBUG - Starting new HTTPS connection (1): cdn-icons-png.flaticon.com:443
[2022-11-26 22:41:41,665] DEBUG - https://cdn-icons-png.flaticon.com:443 "GET /256/8973/8973499.png HTTP/1.1" 200 12831
[2022-11-26 22:41:41,668] DEBUG - Starting new HTTPS connection (1): cdn-icons-png.flaticon.com:443
[2022-11-26 22:41:41,768] DEBUG - https://cdn-icons-png.flaticon.com:443 "GET /256/6417/6417117.png HTTP/1.1" 200 12416
[2022-11-26 22:41:41,772] DEBUG - Starting new HTTPS connection (1): cdn-icons-png.flaticon.com:443
[2022-11-26 22:41:41,880] DEBUG - https://cdn-icons-png.flaticon.com:443 "GET /256/3574/3574996.png HTTP/1.1" 200 23470
[2022-11-26 22:41:41,885] DEBUG - Starting new HTTPS connection (1): cdn-icons-png.flaticon.com:443
[2022-11-26 22:41:42,029] DEBUG - https://cdn-icons-png.flaticon.com:443 "GET /256/3965/3965068.png HTTP/1.1" 200 7630
[2022-11-26 22:41:42,038] DEBUG - Starting new HTTPS connection (1): cdn-icons-png.flaticon.com:443
[2022-11-26 22:41:42,188] DEBUG - https://cdn-icons-png.flaticon.com:443 "GET /256/4552/4552996.png HTTP/1.1" 200 4295
[2022-11-26 22:41:42,192] DEBUG - Starting new HTTPS connection (1): cdn-icons-png.flaticon.com:443
[2022-11-26 22:41:42,311] DEBUG - https://cdn-icons-png.flaticon.com:443 "GET /256/8889/8889071.png HTTP/1.1" 200 6753
[2022-11-26 22:41:42,316] DEBUG - Starting new HTTPS connection (1): cdn-icons-png.flaticon.com:443
[2022-11-26 22:41:42,437] DEBUG - https://cdn-icons-png.flaticon.com:443 "GET /256/7618/7618825.png HTTP/1.1" 200 5247
[2022-11-26 22:41:42,440] DEBUG - Starting new HTTPS connection (1): cdn-icons-png.flaticon.com:443
[2022-11-26 22:41:42,596] DEBUG - https://cdn-icons-png.flaticon.com:443 "GET /256/7312/7312248.png HTTP/1.1" 200 3074
[2022-11-26 22:41:42,601] DEBUG - Starting new HTTPS connection (1): cdn-icons-png.flaticon.com:443
[2022-11-26 22:41:42,722] DEBUG - https://cdn-icons-png.flaticon.com:443 "GET /256/8056/8056640.png HTTP/1.1" 200 1757
[2022-11-26 22:41:42,727] DEBUG - Starting new HTTPS connection (1): cdn-icons-png.flaticon.com:443
[2022-11-26 22:41:42,855] DEBUG - https://cdn-icons-png.flaticon.com:443 "GET /256/4553/4553022.png HTTP/1.1" 200 9687
[2022-11-26 22:41:42,860] DEBUG - Starting new HTTPS connection (1): cdn-icons-png.flaticon.com:443
[2022-11-26 22:41:42,963] DEBUG - https://cdn-icons-png.flaticon.com:443 "GET /256/7619/7619173.png HTTP/1.1" 200 7303
[2022-11-26 22:41:42,967] DEBUG - Starting new HTTPS connection (1): cdn-icons-png.flaticon.com:443
[2022-11-26 22:41:43,055] DEBUG - https://cdn-icons-png.flaticon.com:443 "GET /256/8370/8370568.png HTTP/1.1" 200 13455
[2022-11-26 22:41:43,058] DEBUG - Starting new HTTPS connection (1): cdn-icons-png.flaticon.com:443
[2022-11-26 22:41:43,177] DEBUG - https://cdn-icons-png.flaticon.com:443 "GET /256/7992/7992102.png HTTP/1.1" 200 7720
[2022-11-26 22:41:43,181] DEBUG - Starting new HTTPS connection (1): cdn-icons-png.flaticon.com:443
[2022-11-26 22:41:43,278] DEBUG - https://cdn-icons-png.flaticon.com:443 "GET /256/4424/4424228.png HTTP/1.1" 200 7769
[2022-11-26 22:41:43,282] DEBUG - Starting new HTTPS connection (1): cdn-icons-png.flaticon.com:443
[2022-11-26 22:41:43,326] DEBUG - https://cdn-icons-png.flaticon.com:443 "GET /256/4552/4552937.png HTTP/1.1" 200 12109
[2022-11-26 22:41:43,330] DEBUG - Starting new HTTPS connection (1): cdn-icons-png.flaticon.com:443
[2022-11-26 22:41:43,358] DEBUG - https://cdn-icons-png.flaticon.com:443 "GET /256/8973/8973499.png HTTP/1.1" 200 12831
[2022-11-26 22:41:43,361] DEBUG - Starting new HTTPS connection (1): cdn-icons-png.flaticon.com:443
[2022-11-26 22:41:43,394] DEBUG - https://cdn-icons-png.flaticon.com:443 "GET /256/6417/6417117.png HTTP/1.1" 200 12416
[2022-11-26 22:41:43,399] DEBUG - Starting new HTTPS connection (1): cdn-icons-png.flaticon.com:443
[2022-11-26 22:41:43,429] DEBUG - https://cdn-icons-png.flaticon.com:443 "GET /256/3574/3574996.png HTTP/1.1" 200 23470
[2022-11-26 22:41:43,434] DEBUG - Starting new HTTPS connection (1): cdn-icons-png.flaticon.com:443
[2022-11-26 22:41:43,459] DEBUG - https://cdn-icons-png.flaticon.com:443 "GET /256/3965/3965068.png HTTP/1.1" 200 7630
[2022-11-26 22:41:43,462] DEBUG - Starting new HTTPS connection (1): cdn-icons-png.flaticon.com:443
[2022-11-26 22:41:43,492] DEBUG - https://cdn-icons-png.flaticon.com:443 "GET /256/4553/4553019.png HTTP/1.1" 200 4903
[2022-11-26 22:41:43,496] DEBUG - Starting new HTTPS connection (1): cdn-icons-png.flaticon.com:443
[2022-11-26 22:41:43,520] DEBUG - https://cdn-icons-png.flaticon.com:443 "GET /256/8383/8383215.png HTTP/1.1" 200 5406
[2022-11-26 22:41:43,522] DEBUG - Starting new HTTPS connection (1): cdn-icons-png.flaticon.com:443
[2022-11-26 22:41:43,547] DEBUG - https://cdn-icons-png.flaticon.com:443 "GET /256/7619/7619163.png HTTP/1.1" 200 7762
[2022-11-26 22:41:43,550] DEBUG - Starting new HTTPS connection (1): cdn-icons-png.flaticon.com:443
[2022-11-26 22:41:43,576] DEBUG - https://cdn-icons-png.flaticon.com:443 "GET /256/6163/6163476.png HTTP/1.1" 200 15785
[2022-11-26 22:41:43,579] DEBUG - Starting new HTTPS connection (1): cdn-icons-png.flaticon.com:443
[2022-11-26 22:41:43,604] DEBUG - https://cdn-icons-png.flaticon.com:443 "GET /256/8370/8370564.png HTTP/1.1" 200 13270
[2022-11-26 22:41:43,608] DEBUG - Starting new HTTPS connection (1): cdn-icons-png.flaticon.com:443
[2022-11-26 22:41:43,636] DEBUG - https://cdn-icons-png.flaticon.com:443 "GET /256/4552/4552976.png HTTP/1.1" 200 6932
[2022-11-26 22:41:43,639] DEBUG - Starting new HTTPS connection (1): cdn-icons-png.flaticon.com:443
[2022-11-26 22:41:43,667] DEBUG - https://cdn-icons-png.flaticon.com:443 "GET /256/8632/8632464.png HTTP/1.1" 200 36130
[2022-11-26 22:41:43,675] DEBUG - Starting new HTTPS connection (1): cdn-icons-png.flaticon.com:443
[2022-11-26 22:41:43,700] DEBUG - https://cdn-icons-png.flaticon.com:443 "GET /256/8800/8800672.png HTTP/1.1" 200 29863
[2022-11-26 22:41:43,706] DEBUG - Starting new HTTPS connection (1): cdn-icons-png.flaticon.com:443
[2022-11-26 22:41:43,738] DEBUG - https://cdn-icons-png.flaticon.com:443 "GET /256/6229/6229281.png HTTP/1.1" 200 13890
[2022-11-26 22:41:43,741] DEBUG - Starting new HTTPS connection (1): cdn-icons-png.flaticon.com:443
[2022-11-26 22:41:43,765] DEBUG - https://cdn-icons-png.flaticon.com:443 "GET /256/7310/7310798.png HTTP/1.1" 200 16018
[2022-11-26 22:41:43,768] DEBUG - Starting new HTTPS connection (1): cdn-icons-png.flaticon.com:443
[2022-11-26 22:41:43,846] DEBUG - https://cdn-icons-png.flaticon.com:443 "GET /256/4553/4553010.png HTTP/1.1" 200 15661
[2022-11-26 22:41:43,850] DEBUG - Starting new HTTPS connection (1): cdn-icons-png.flaticon.com:443
[2022-11-26 22:41:44,031] DEBUG - https://cdn-icons-png.flaticon.com:443 "GET /256/8150/8150978.png HTTP/1.1" 200 13833
[2022-11-26 22:41:44,035] DEBUG - Starting new HTTPS connection (1): cdn-icons-png.flaticon.com:443
[2022-11-26 22:41:44,144] DEBUG - https://cdn-icons-png.flaticon.com:443 "GET /256/8849/8849941.png HTTP/1.1" 200 14301
[2022-11-26 22:41:44,149] DEBUG - Starting new HTTPS connection (1): cdn-icons-png.flaticon.com:443
[2022-11-26 22:41:44,254] DEBUG - https://cdn-icons-png.flaticon.com:443 "GET /256/8889/8889080.png HTTP/1.1" 200 17018
[2022-11-26 22:41:44,259] DEBUG - Starting new HTTPS connection (1): cdn-icons-png.flaticon.com:443
[2022-11-26 22:41:44,369] DEBUG - https://cdn-icons-png.flaticon.com:443 "GET /256/5839/5839598.png HTTP/1.1" 200 22374
[2022-11-26 22:41:44,374] DEBUG - Starting new HTTPS connection (1): cdn-icons-png.flaticon.com:443
[2022-11-26 22:41:44,465] DEBUG - https://cdn-icons-png.flaticon.com:443 "GET /256/4553/4553006.png HTTP/1.1" 200 10692
[2022-11-26 22:41:44,467] DEBUG - Starting new HTTPS connection (1): cdn-icons-png.flaticon.com:443
[2022-11-26 22:41:44,555] DEBUG - https://cdn-icons-png.flaticon.com:443 "GET /256/7618/7618846.png HTTP/1.1" 200 7834
[2022-11-26 22:41:44,558] DEBUG - Starting new HTTPS connection (1): cdn-icons-png.flaticon.com:443
[2022-11-26 22:41:44,662] DEBUG - https://cdn-icons-png.flaticon.com:443 "GET /256/8142/8142642.png HTTP/1.1" 200 13665
[2022-11-26 22:41:44,667] DEBUG - Starting new HTTPS connection (1): cdn-icons-png.flaticon.com:443
[2022-11-26 22:41:44,767] DEBUG - https://cdn-icons-png.flaticon.com:443 "GET /256/7946/7946285.png HTTP/1.1" 200 11094
[2022-11-26 22:41:44,770] DEBUG - Starting new HTTPS connection (1): cdn-icons-png.flaticon.com:443
[2022-11-26 22:41:44,871] DEBUG - https://cdn-icons-png.flaticon.com:443 "GET /256/8383/8383203.png HTTP/1.1" 200 6905
[2022-11-26 22:41:44,889] DEBUG - STREAM b'IHDR' 16 13
[2022-11-26 22:41:44,889] DEBUG - STREAM b'sBIT' 41 4
[2022-11-26 22:41:44,889] DEBUG - b'sBIT' 41 4 (unknown)
[2022-11-26 22:41:44,889] DEBUG - STREAM b'pHYs' 57 9
[2022-11-26 22:41:44,889] DEBUG - STREAM b'tEXt' 78 25
[2022-11-26 22:41:44,889] DEBUG - STREAM b'IDAT' 115 7499
[2022-11-26 22:41:44,894] DEBUG - STREAM b'IHDR' 16 13
[2022-11-26 22:41:44,894] DEBUG - STREAM b'pHYs' 41 9
[2022-11-26 22:41:44,894] DEBUG - STREAM b'IDAT' 62 13353
