[2022-11-26 22:55:33,530] CRITICAL - GPU detected
[2022-11-26 22:55:33,536] DEBUG - Starting new HTTPS connection (1): huggingface.co:443
[2022-11-26 22:55:33,884] DEBUG - https://huggingface.co:443 "HEAD /ml6team/keyphrase-generation-t5-small-inspec/resolve/main/config.json HTTP/1.1" 200 0
[2022-11-26 22:55:34,663] DEBUG - Starting new HTTPS connection (1): huggingface.co:443
[2022-11-26 22:55:35,015] DEBUG - https://huggingface.co:443 "HEAD /ml6team/keyphrase-generation-t5-small-inspec/resolve/main/tokenizer_config.json HTTP/1.1" 200 0
[2022-11-26 22:55:35,501] DEBUG - Getting requests for icons
[2022-11-26 22:55:35,502] DEBUG - Starting new HTTPS connection (1): www.flaticon.com:443
[2022-11-26 22:55:35,585] DEBUG - https://www.flaticon.com:443 "GET /search?word=strict%20evaluation&color=color&shape=outline&order_by=4 HTTP/1.1" 404 None
[2022-11-26 22:55:35,598] DEBUG - Starting new HTTPS connection (1): www.flaticon.com:443
[2022-11-26 22:55:35,710] DEBUG - https://www.flaticon.com:443 "GET /search?word=computer%20system&color=color&shape=outline&order_by=4 HTTP/1.1" 200 None
[2022-11-26 22:55:35,950] DEBUG - Starting new HTTPS connection (1): www.flaticon.com:443
[2022-11-26 22:55:36,032] DEBUG - https://www.flaticon.com:443 "GET /search?word=strict%20evaluation&color=color&shape=outline&order_by=4 HTTP/1.1" 404 None
[2022-11-26 22:55:36,046] DEBUG - Starting new HTTPS connection (1): www.flaticon.com:443
[2022-11-26 22:55:36,185] DEBUG - https://www.flaticon.com:443 "GET /search?word=gaming&color=color&shape=outline&order_by=4 HTTP/1.1" 200 None
[2022-11-26 22:55:36,470] DEBUG - Starting new HTTPS connection (1): www.flaticon.com:443
[2022-11-26 22:55:36,558] DEBUG - https://www.flaticon.com:443 "GET /search?word=scientific%20computing&color=color&shape=outline&order_by=4 HTTP/1.1" 200 None
[2022-11-26 22:55:36,625] DEBUG - ['https://cdn-icons-png.flaticon.com/256/3115/3115458.png', 'https://cdn-icons-png.flaticon.com/256/7655/7655685.png', 'https://cdn-icons-png.flaticon.com/256/7459/7459354.png', 'https://cdn-icons-png.flaticon.com/256/5748/5748973.png', 'https://cdn-icons-png.flaticon.com/256/8781/8781726.png', 'https://cdn-icons-png.flaticon.com/256/5921/5921702.png', 'https://cdn-icons-png.flaticon.com/256/4519/4519179.png', 'https://cdn-icons-png.flaticon.com/256/3946/3946036.png', 'https://cdn-icons-png.flaticon.com/256/5921/5921734.png', 'https://cdn-icons-png.flaticon.com/256/8335/8335597.png', 'https://cdn-icons-png.flaticon.com/256/6993/6993431.png']
[2022-11-26 22:55:36,629] DEBUG - Starting new HTTPS connection (1): cdn-icons-png.flaticon.com:443
[2022-11-26 22:55:36,679] DEBUG - https://cdn-icons-png.flaticon.com:443 "GET /256/3115/3115458.png HTTP/1.1" 200 11780
[2022-11-26 22:55:36,682] DEBUG - Starting new HTTPS connection (1): cdn-icons-png.flaticon.com:443
[2022-11-26 22:55:36,708] DEBUG - https://cdn-icons-png.flaticon.com:443 "GET /256/7655/7655685.png HTTP/1.1" 200 15513
[2022-11-26 22:55:36,711] DEBUG - Starting new HTTPS connection (1): cdn-icons-png.flaticon.com:443
[2022-11-26 22:55:36,743] DEBUG - https://cdn-icons-png.flaticon.com:443 "GET /256/7459/7459354.png HTTP/1.1" 200 4520
[2022-11-26 22:55:36,749] DEBUG - Starting new HTTPS connection (1): cdn-icons-png.flaticon.com:443
[2022-11-26 22:55:36,845] DEBUG - https://cdn-icons-png.flaticon.com:443 "GET /256/5748/5748973.png HTTP/1.1" 200 7447
[2022-11-26 22:55:36,851] DEBUG - Starting new HTTPS connection (1): cdn-icons-png.flaticon.com:443
[2022-11-26 22:55:36,887] DEBUG - https://cdn-icons-png.flaticon.com:443 "GET /256/8781/8781726.png HTTP/1.1" 200 18179
[2022-11-26 22:55:36,893] DEBUG - Starting new HTTPS connection (1): cdn-icons-png.flaticon.com:443
[2022-11-26 22:55:36,925] DEBUG - https://cdn-icons-png.flaticon.com:443 "GET /256/5921/5921702.png HTTP/1.1" 200 21011
[2022-11-26 22:55:36,929] DEBUG - Starting new HTTPS connection (1): cdn-icons-png.flaticon.com:443
[2022-11-26 22:55:36,971] DEBUG - https://cdn-icons-png.flaticon.com:443 "GET /256/4519/4519179.png HTTP/1.1" 200 18413
[2022-11-26 22:55:36,974] DEBUG - Starting new HTTPS connection (1): cdn-icons-png.flaticon.com:443
[2022-11-26 22:55:37,010] DEBUG - https://cdn-icons-png.flaticon.com:443 "GET /256/3946/3946036.png HTTP/1.1" 200 12886
[2022-11-26 22:55:37,014] DEBUG - Starting new HTTPS connection (1): cdn-icons-png.flaticon.com:443
[2022-11-26 22:55:37,044] DEBUG - https://cdn-icons-png.flaticon.com:443 "GET /256/5921/5921734.png HTTP/1.1" 200 25519
[2022-11-26 22:55:37,049] DEBUG - Starting new HTTPS connection (1): cdn-icons-png.flaticon.com:443
[2022-11-26 22:55:37,086] DEBUG - https://cdn-icons-png.flaticon.com:443 "GET /256/8335/8335597.png HTTP/1.1" 200 20476
[2022-11-26 22:55:37,092] DEBUG - Starting new HTTPS connection (1): cdn-icons-png.flaticon.com:443
[2022-11-26 22:55:37,128] DEBUG - https://cdn-icons-png.flaticon.com:443 "GET /256/6993/6993431.png HTTP/1.1" 200 15812
[2022-11-26 22:55:37,147] DEBUG - STREAM b'IHDR' 16 13
[2022-11-26 22:55:37,147] DEBUG - STREAM b'pHYs' 41 9
[2022-11-26 22:55:37,147] DEBUG - STREAM b'IDAT' 62 13353
[2022-11-26 22:55:37,164] DEBUG - STREAM b'IHDR' 16 13
[2022-11-26 22:55:37,165] DEBUG - STREAM b'pHYs' 41 9
[2022-11-26 22:55:37,165] DEBUG - STREAM b'tEXt' 62 25
[2022-11-26 22:55:37,165] DEBUG - STREAM b'IDAT' 99 8192
[2022-11-26 22:55:37,171] DEBUG - STREAM b'IHDR' 16 13
[2022-11-26 22:55:37,171] DEBUG - STREAM b'pHYs' 41 9
[2022-11-26 22:55:37,171] DEBUG - STREAM b'tEXt' 62 25
[2022-11-26 22:55:37,172] DEBUG - STREAM b'IDAT' 99 8192
