[2022-11-26 22:41:57,821] CRITICAL - GPU detected
[2022-11-26 22:41:57,825] DEBUG - Starting new HTTPS connection (1): huggingface.co:443
[2022-11-26 22:41:58,164] DEBUG - https://huggingface.co:443 "HEAD /ml6team/keyphrase-generation-t5-small-inspec/resolve/main/config.json HTTP/1.1" 200 0
[2022-11-26 22:41:58,680] DEBUG - Starting new HTTPS connection (1): huggingface.co:443
[2022-11-26 22:41:59,015] DEBUG - https://huggingface.co:443 "HEAD /ml6team/keyphrase-generation-t5-small-inspec/resolve/main/tokenizer_config.json HTTP/1.1" 200 0
[2022-11-26 22:41:59,460] DEBUG - Getting requests for icons
[2022-11-26 22:41:59,461] DEBUG - Starting new HTTPS connection (1): www.flaticon.com:443
[2022-11-26 22:41:59,550] DEBUG - https://www.flaticon.com:443 "GET /search?word=strict%20evaluation&color=color&shape=outline&order_by=4 HTTP/1.1" 404 None
[2022-11-26 22:41:59,562] DEBUG - Starting new HTTPS connection (1): www.flaticon.com:443
[2022-11-26 22:41:59,677] DEBUG - https://www.flaticon.com:443 "GET /search?word=computer%20system&color=color&shape=outline&order_by=4 HTTP/1.1" 200 None
[2022-11-26 22:41:59,831] DEBUG - Starting new HTTPS connection (1): www.flaticon.com:443
[2022-11-26 22:41:59,914] DEBUG - https://www.flaticon.com:443 "GET /search?word=strict%20evaluation&color=color&shape=outline&order_by=4 HTTP/1.1" 404 None
[2022-11-26 22:41:59,926] DEBUG - Starting new HTTPS connection (1): www.flaticon.com:443
[2022-11-26 22:42:00,053] DEBUG - https://www.flaticon.com:443 "GET /search?word=gaming&color=color&shape=outline&order_by=4 HTTP/1.1" 200 None
[2022-11-26 22:42:00,263] DEBUG - Starting new HTTPS connection (1): www.flaticon.com:443
[2022-11-26 22:42:00,346] DEBUG - https://www.flaticon.com:443 "GET /search?word=scientific%20computing&color=color&shape=outline&order_by=4 HTTP/1.1" 200 None
[2022-11-26 22:42:00,405] DEBUG - ['https://cdn-icons-png.flaticon.com/256/3115/3115458.png', 'https://cdn-icons-png.flaticon.com/256/5749/5749549.png', 'https://cdn-icons-png.flaticon.com/256/7655/7655685.png', 'https://cdn-icons-png.flaticon.com/256/7459/7459354.png', 'https://cdn-icons-png.flaticon.com/256/8781/8781726.png', 'https://cdn-icons-png.flaticon.com/256/5921/5921702.png', 'https://cdn-icons-png.flaticon.com/256/5526/5526624.png', 'https://cdn-icons-png.flaticon.com/256/4519/4519179.png', 'https://cdn-icons-png.flaticon.com/256/3946/3946036.png', 'https://cdn-icons-png.flaticon.com/256/5921/5921734.png', 'https://cdn-icons-png.flaticon.com/256/6993/6993431.png']
[2022-11-26 22:42:00,419] DEBUG - Starting new HTTPS connection (1): cdn-icons-png.flaticon.com:443
[2022-11-26 22:42:00,522] DEBUG - https://cdn-icons-png.flaticon.com:443 "GET /256/3115/3115458.png HTTP/1.1" 200 11780
[2022-11-26 22:42:00,525] DEBUG - Starting new HTTPS connection (1): cdn-icons-png.flaticon.com:443
[2022-11-26 22:42:00,638] DEBUG - https://cdn-icons-png.flaticon.com:443 "GET /256/5749/5749549.png HTTP/1.1" 200 7504
[2022-11-26 22:42:00,640] DEBUG - Starting new HTTPS connection (1): cdn-icons-png.flaticon.com:443
[2022-11-26 22:42:00,667] DEBUG - https://cdn-icons-png.flaticon.com:443 "GET /256/7655/7655685.png HTTP/1.1" 200 15513
[2022-11-26 22:42:00,670] DEBUG - Starting new HTTPS connection (1): cdn-icons-png.flaticon.com:443
[2022-11-26 22:42:00,787] DEBUG - https://cdn-icons-png.flaticon.com:443 "GET /256/7459/7459354.png HTTP/1.1" 200 4520
[2022-11-26 22:42:00,789] DEBUG - Starting new HTTPS connection (1): cdn-icons-png.flaticon.com:443
[2022-11-26 22:42:00,901] DEBUG - https://cdn-icons-png.flaticon.com:443 "GET /256/8781/8781726.png HTTP/1.1" 200 18179
[2022-11-26 22:42:00,904] DEBUG - Starting new HTTPS connection (1): cdn-icons-png.flaticon.com:443
[2022-11-26 22:42:01,013] DEBUG - https://cdn-icons-png.flaticon.com:443 "GET /256/5921/5921702.png HTTP/1.1" 200 21011
[2022-11-26 22:42:01,017] DEBUG - Starting new HTTPS connection (1): cdn-icons-png.flaticon.com:443
[2022-11-26 22:42:01,114] DEBUG - https://cdn-icons-png.flaticon.com:443 "GET /256/5526/5526624.png HTTP/1.1" 200 7889
[2022-11-26 22:42:01,116] DEBUG - Starting new HTTPS connection (1): cdn-icons-png.flaticon.com:443
[2022-11-26 22:42:01,156] DEBUG - https://cdn-icons-png.flaticon.com:443 "GET /256/4519/4519179.png HTTP/1.1" 200 18413
[2022-11-26 22:42:01,160] DEBUG - Starting new HTTPS connection (1): cdn-icons-png.flaticon.com:443
[2022-11-26 22:42:01,272] DEBUG - https://cdn-icons-png.flaticon.com:443 "GET /256/3946/3946036.png HTTP/1.1" 200 12886
[2022-11-26 22:42:01,274] DEBUG - Starting new HTTPS connection (1): cdn-icons-png.flaticon.com:443
[2022-11-26 22:42:01,416] DEBUG - https://cdn-icons-png.flaticon.com:443 "GET /256/5921/5921734.png HTTP/1.1" 200 25519
[2022-11-26 22:42:01,422] DEBUG - Starting new HTTPS connection (1): cdn-icons-png.flaticon.com:443
[2022-11-26 22:42:01,521] DEBUG - https://cdn-icons-png.flaticon.com:443 "GET /256/6993/6993431.png HTTP/1.1" 200 15812
[2022-11-26 22:42:01,537] DEBUG - STREAM b'IHDR' 16 13
[2022-11-26 22:42:01,537] DEBUG - STREAM b'pHYs' 41 9
[2022-11-26 22:42:01,537] DEBUG - STREAM b'tEXt' 62 25
[2022-11-26 22:42:01,537] DEBUG - STREAM b'IDAT' 99 8192
[2022-11-26 22:42:01,538] DEBUG - STREAM b'IHDR' 16 13
[2022-11-26 22:42:01,538] DEBUG - STREAM b'pHYs' 41 9
[2022-11-26 22:42:01,538] DEBUG - STREAM b'IDAT' 62 13353
