[2022-11-26 22:51:00,827] CRITICAL - GPU detected
[2022-11-26 22:51:00,831] DEBUG - Starting new HTTPS connection (1): huggingface.co:443
[2022-11-26 22:51:01,181] DEBUG - https://huggingface.co:443 "HEAD /ml6team/keyphrase-generation-t5-small-inspec/resolve/main/config.json HTTP/1.1" 200 0
[2022-11-26 22:51:01,719] DEBUG - Starting new HTTPS connection (1): huggingface.co:443
[2022-11-26 22:51:02,054] DEBUG - https://huggingface.co:443 "HEAD /ml6team/keyphrase-generation-t5-small-inspec/resolve/main/tokenizer_config.json HTTP/1.1" 200 0
[2022-11-26 22:51:02,478] DEBUG - Getting requests for icons
[2022-11-26 22:51:02,479] DEBUG - Starting new HTTPS connection (1): www.flaticon.com:443
[2022-11-26 22:51:02,580] DEBUG - https://www.flaticon.com:443 "GET /search?word=strict%20evaluation&color=color&shape=outline&order_by=4 HTTP/1.1" 404 None
[2022-11-26 22:51:02,593] DEBUG - Starting new HTTPS connection (1): www.flaticon.com:443
[2022-11-26 22:51:02,722] DEBUG - https://www.flaticon.com:443 "GET /search?word=computer%20system&color=color&shape=outline&order_by=4 HTTP/1.1" 200 None
[2022-11-26 22:51:02,889] DEBUG - Starting new HTTPS connection (1): www.flaticon.com:443
[2022-11-26 22:51:02,972] DEBUG - https://www.flaticon.com:443 "GET /search?word=strict%20evaluation&color=color&shape=outline&order_by=4 HTTP/1.1" 404 None
[2022-11-26 22:51:02,983] DEBUG - Starting new HTTPS connection (1): www.flaticon.com:443
[2022-11-26 22:51:03,111] DEBUG - https://www.flaticon.com:443 "GET /search?word=gaming&color=color&shape=outline&order_by=4 HTTP/1.1" 200 None
[2022-11-26 22:51:03,323] DEBUG - Starting new HTTPS connection (1): www.flaticon.com:443
[2022-11-26 22:51:03,404] DEBUG - https://www.flaticon.com:443 "GET /search?word=scientific%20computing&color=color&shape=outline&order_by=4 HTTP/1.1" 200 None
[2022-11-26 22:51:03,460] DEBUG - ['https://cdn-icons-png.flaticon.com/256/3115/3115458.png', 'https://cdn-icons-png.flaticon.com/256/5749/5749194.png', 'https://cdn-icons-png.flaticon.com/256/7655/7655685.png', 'https://cdn-icons-png.flaticon.com/256/7459/7459354.png', 'https://cdn-icons-png.flaticon.com/256/8781/8781726.png', 'https://cdn-icons-png.flaticon.com/256/5921/5921702.png', 'https://cdn-icons-png.flaticon.com/256/4519/4519179.png', 'https://cdn-icons-png.flaticon.com/256/3946/3946036.png', 'https://cdn-icons-png.flaticon.com/256/5921/5921734.png', 'https://cdn-icons-png.flaticon.com/256/8335/8335597.png', 'https://cdn-icons-png.flaticon.com/256/6993/6993431.png']
[2022-11-26 22:51:03,463] DEBUG - Starting new HTTPS connection (1): cdn-icons-png.flaticon.com:443
[2022-11-26 22:51:03,535] DEBUG - https://cdn-icons-png.flaticon.com:443 "GET /256/3115/3115458.png HTTP/1.1" 200 11780
[2022-11-26 22:51:03,538] DEBUG - Starting new HTTPS connection (1): cdn-icons-png.flaticon.com:443
[2022-11-26 22:51:03,675] DEBUG - https://cdn-icons-png.flaticon.com:443 "GET /256/5749/5749194.png HTTP/1.1" 200 6629
[2022-11-26 22:51:03,678] DEBUG - Starting new HTTPS connection (1): cdn-icons-png.flaticon.com:443
[2022-11-26 22:51:03,767] DEBUG - https://cdn-icons-png.flaticon.com:443 "GET /256/7655/7655685.png HTTP/1.1" 200 15513
[2022-11-26 22:51:03,769] DEBUG - Starting new HTTPS connection (1): cdn-icons-png.flaticon.com:443
[2022-11-26 22:51:03,832] DEBUG - https://cdn-icons-png.flaticon.com:443 "GET /256/7459/7459354.png HTTP/1.1" 200 4520
[2022-11-26 22:51:03,834] DEBUG - Starting new HTTPS connection (1): cdn-icons-png.flaticon.com:443
[2022-11-26 22:51:03,907] DEBUG - https://cdn-icons-png.flaticon.com:443 "GET /256/8781/8781726.png HTTP/1.1" 200 18179
[2022-11-26 22:51:03,912] DEBUG - Starting new HTTPS connection (1): cdn-icons-png.flaticon.com:443
[2022-11-26 22:51:03,975] DEBUG - https://cdn-icons-png.flaticon.com:443 "GET /256/5921/5921702.png HTTP/1.1" 200 21011
[2022-11-26 22:51:03,991] DEBUG - Starting new HTTPS connection (1): cdn-icons-png.flaticon.com:443
[2022-11-26 22:51:04,053] DEBUG - https://cdn-icons-png.flaticon.com:443 "GET /256/4519/4519179.png HTTP/1.1" 200 18413
[2022-11-26 22:51:04,056] DEBUG - Starting new HTTPS connection (1): cdn-icons-png.flaticon.com:443
[2022-11-26 22:51:04,118] DEBUG - https://cdn-icons-png.flaticon.com:443 "GET /256/3946/3946036.png HTTP/1.1" 200 12886
[2022-11-26 22:51:04,121] DEBUG - Starting new HTTPS connection (1): cdn-icons-png.flaticon.com:443
[2022-11-26 22:51:04,185] DEBUG - https://cdn-icons-png.flaticon.com:443 "GET /256/5921/5921734.png HTTP/1.1" 200 25519
[2022-11-26 22:51:04,201] DEBUG - Starting new HTTPS connection (1): cdn-icons-png.flaticon.com:443
[2022-11-26 22:51:04,271] DEBUG - https://cdn-icons-png.flaticon.com:443 "GET /256/8335/8335597.png HTTP/1.1" 200 20476
[2022-11-26 22:51:04,286] DEBUG - Starting new HTTPS connection (1): cdn-icons-png.flaticon.com:443
[2022-11-26 22:51:04,348] DEBUG - https://cdn-icons-png.flaticon.com:443 "GET /256/6993/6993431.png HTTP/1.1" 200 15812
[2022-11-26 22:51:04,362] DEBUG - STREAM b'IHDR' 16 13
[2022-11-26 22:51:04,362] DEBUG - STREAM b'pHYs' 41 9
[2022-11-26 22:51:04,362] DEBUG - STREAM b'IDAT' 62 13353
[2022-11-26 22:51:04,372] DEBUG - STREAM b'IHDR' 16 13
[2022-11-26 22:51:04,372] DEBUG - STREAM b'pHYs' 41 9
[2022-11-26 22:51:04,372] DEBUG - STREAM b'tEXt' 62 25
[2022-11-26 22:51:04,372] DEBUG - STREAM b'IDAT' 99 8192
[2022-11-26 22:51:04,376] DEBUG - STREAM b'IHDR' 16 13
[2022-11-26 22:51:04,376] DEBUG - STREAM b'sBIT' 41 4
[2022-11-26 22:51:04,377] DEBUG - b'sBIT' 41 4 (unknown)
[2022-11-26 22:51:04,377] DEBUG - STREAM b'pHYs' 57 9
[2022-11-26 22:51:04,377] DEBUG - STREAM b'tEXt' 78 25
[2022-11-26 22:51:04,377] DEBUG - STREAM b'IDAT' 115 8192
