[2022-11-26 22:56:33,811] CRITICAL - GPU detected
[2022-11-26 22:56:33,814] DEBUG - Starting new HTTPS connection (1): huggingface.co:443
[2022-11-26 22:56:34,154] DEBUG - https://huggingface.co:443 "HEAD /ml6team/keyphrase-generation-t5-small-inspec/resolve/main/config.json HTTP/1.1" 200 0
[2022-11-26 22:56:34,718] DEBUG - Starting new HTTPS connection (1): huggingface.co:443
[2022-11-26 22:56:35,078] DEBUG - https://huggingface.co:443 "HEAD /ml6team/keyphrase-generation-t5-small-inspec/resolve/main/tokenizer_config.json HTTP/1.1" 200 0
[2022-11-26 22:56:35,566] DEBUG - Getting requests for icons
[2022-11-26 22:56:35,568] DEBUG - Starting new HTTPS connection (1): www.flaticon.com:443
[2022-11-26 22:56:35,651] DEBUG - https://www.flaticon.com:443 "GET /search?word=strict%20evaluation&color=color&shape=outline&order_by=4 HTTP/1.1" 404 None
[2022-11-26 22:56:35,662] DEBUG - Starting new HTTPS connection (1): www.flaticon.com:443
[2022-11-26 22:56:35,793] DEBUG - https://www.flaticon.com:443 "GET /search?word=computer%20system&color=color&shape=outline&order_by=4 HTTP/1.1" 200 None
[2022-11-26 22:56:35,957] DEBUG - Starting new HTTPS connection (1): www.flaticon.com:443
[2022-11-26 22:56:36,040] DEBUG - https://www.flaticon.com:443 "GET /search?word=strict%20evaluation&color=color&shape=outline&order_by=4 HTTP/1.1" 404 None
[2022-11-26 22:56:36,050] DEBUG - Starting new HTTPS connection (1): www.flaticon.com:443
[2022-11-26 22:56:36,183] DEBUG - https://www.flaticon.com:443 "GET /search?word=gaming&color=color&shape=outline&order_by=4 HTTP/1.1" 200 None
[2022-11-26 22:56:36,415] DEBUG - Starting new HTTPS connection (1): www.flaticon.com:443
[2022-11-26 22:56:36,491] DEBUG - https://www.flaticon.com:443 "GET /search?word=scientific%20computing&color=color&shape=outline&order_by=4 HTTP/1.1" 200 None
[2022-11-26 22:56:36,557] DEBUG - ['https://cdn-icons-png.flaticon.com/256/3115/3115458.png', 'https://cdn-icons-png.flaticon.com/256/7655/7655685.png', 'https://cdn-icons-png.flaticon.com/256/7459/7459354.png', 'https://cdn-icons-png.flaticon.com/256/8781/8781726.png', 'https://cdn-icons-png.flaticon.com/256/4854/4854208.png', 'https://cdn-icons-png.flaticon.com/256/5921/5921702.png', 'https://cdn-icons-png.flaticon.com/256/4519/4519179.png', 'https://cdn-icons-png.flaticon.com/256/3946/3946036.png', 'https://cdn-icons-png.flaticon.com/256/4996/4996440.png', 'https://cdn-icons-png.flaticon.com/256/5921/5921734.png', 'https://cdn-icons-png.flaticon.com/256/6993/6993431.png']
[2022-11-26 22:56:36,561] DEBUG - Starting new HTTPS connection (1): cdn-icons-png.flaticon.com:443
[2022-11-26 22:56:36,602] DEBUG - https://cdn-icons-png.flaticon.com:443 "GET /256/3115/3115458.png HTTP/1.1" 200 11780
[2022-11-26 22:56:36,605] DEBUG - Starting new HTTPS connection (1): cdn-icons-png.flaticon.com:443
[2022-11-26 22:56:36,633] DEBUG - https://cdn-icons-png.flaticon.com:443 "GET /256/7655/7655685.png HTTP/1.1" 200 15513
[2022-11-26 22:56:36,639] DEBUG - Starting new HTTPS connection (1): cdn-icons-png.flaticon.com:443
[2022-11-26 22:56:36,675] DEBUG - https://cdn-icons-png.flaticon.com:443 "GET /256/7459/7459354.png HTTP/1.1" 200 4520
[2022-11-26 22:56:36,678] DEBUG - Starting new HTTPS connection (1): cdn-icons-png.flaticon.com:443
[2022-11-26 22:56:36,709] DEBUG - https://cdn-icons-png.flaticon.com:443 "GET /256/8781/8781726.png HTTP/1.1" 200 18179
[2022-11-26 22:56:36,712] DEBUG - Starting new HTTPS connection (1): cdn-icons-png.flaticon.com:443
[2022-11-26 22:56:36,835] DEBUG - https://cdn-icons-png.flaticon.com:443 "GET /256/4854/4854208.png HTTP/1.1" 200 17721
[2022-11-26 22:56:36,839] DEBUG - Starting new HTTPS connection (1): cdn-icons-png.flaticon.com:443
[2022-11-26 22:56:36,868] DEBUG - https://cdn-icons-png.flaticon.com:443 "GET /256/5921/5921702.png HTTP/1.1" 200 21011
[2022-11-26 22:56:36,875] DEBUG - Starting new HTTPS connection (1): cdn-icons-png.flaticon.com:443
[2022-11-26 22:56:36,902] DEBUG - https://cdn-icons-png.flaticon.com:443 "GET /256/4519/4519179.png HTTP/1.1" 200 18413
[2022-11-26 22:56:36,905] DEBUG - Starting new HTTPS connection (1): cdn-icons-png.flaticon.com:443
[2022-11-26 22:56:36,935] DEBUG - https://cdn-icons-png.flaticon.com:443 "GET /256/3946/3946036.png HTTP/1.1" 200 12886
[2022-11-26 22:56:36,938] DEBUG - Starting new HTTPS connection (1): cdn-icons-png.flaticon.com:443
[2022-11-26 22:56:37,226] DEBUG - https://cdn-icons-png.flaticon.com:443 "GET /256/4996/4996440.png HTTP/1.1" 200 12952
[2022-11-26 22:56:37,230] DEBUG - Starting new HTTPS connection (1): cdn-icons-png.flaticon.com:443
[2022-11-26 22:56:37,252] DEBUG - https://cdn-icons-png.flaticon.com:443 "GET /256/5921/5921734.png HTTP/1.1" 200 25519
[2022-11-26 22:56:37,258] DEBUG - Starting new HTTPS connection (1): cdn-icons-png.flaticon.com:443
[2022-11-26 22:56:37,283] DEBUG - https://cdn-icons-png.flaticon.com:443 "GET /256/6993/6993431.png HTTP/1.1" 200 15812
[2022-11-26 22:56:37,295] DEBUG - STREAM b'IHDR' 16 13
[2022-11-26 22:56:37,297] DEBUG - STREAM b'pHYs' 41 9
[2022-11-26 22:56:37,297] DEBUG - STREAM b'IDAT' 62 13353
[2022-11-26 22:56:37,306] DEBUG - STREAM b'IHDR' 16 13
[2022-11-26 22:56:37,306] DEBUG - STREAM b'sBIT' 41 4
[2022-11-26 22:56:37,306] DEBUG - b'sBIT' 41 4 (unknown)
[2022-11-26 22:56:37,307] DEBUG - STREAM b'pHYs' 57 9
[2022-11-26 22:56:37,307] DEBUG - STREAM b'tEXt' 78 25
[2022-11-26 22:56:37,307] DEBUG - STREAM b'IDAT' 115 8192
[2022-11-26 22:56:37,308] DEBUG - STREAM b'IHDR' 16 13
[2022-11-26 22:56:37,308] DEBUG - STREAM b'pHYs' 41 9
[2022-11-26 22:56:37,308] DEBUG - STREAM b'tEXt' 62 25
[2022-11-26 22:56:37,308] DEBUG - STREAM b'IDAT' 99 4405
