[2022-11-29 01:42:54,711] CRITICAL - GPU detected
[2022-11-29 01:42:54,716] DEBUG - Starting new HTTPS connection (1): huggingface.co:443
[2022-11-29 01:42:55,074] DEBUG - https://huggingface.co:443 "HEAD /ml6team/keyphrase-generation-t5-small-inspec/resolve/main/config.json HTTP/1.1" 200 0
[2022-11-29 01:42:55,804] DEBUG - Starting new HTTPS connection (1): huggingface.co:443
[2022-11-29 01:42:56,163] DEBUG - https://huggingface.co:443 "HEAD /ml6team/keyphrase-generation-t5-small-inspec/resolve/main/tokenizer_config.json HTTP/1.1" 200 0
[2022-11-29 01:42:56,927] DEBUG - Getting requests for icons
[2022-11-29 01:42:56,929] DEBUG - Starting new HTTPS connection (1): www.flaticon.com:443
[2022-11-29 01:42:57,017] DEBUG - https://www.flaticon.com:443 "GET /search?word=formal%20languages&color=color&shape=outline&order_by=4 HTTP/1.1" 404 None
[2022-11-29 01:42:57,031] DEBUG - Starting new HTTPS connection (1): www.flaticon.com:443
[2022-11-29 01:42:57,207] DEBUG - https://www.flaticon.com:443 "GET /search?word=symbols&color=color&shape=outline&order_by=4 HTTP/1.1" 200 None
[2022-11-29 01:42:57,388] DEBUG - Starting new HTTPS connection (1): www.flaticon.com:443
[2022-11-29 01:42:57,474] DEBUG - https://www.flaticon.com:443 "GET /search?word=firstorder%20languages&color=color&shape=outline&order_by=4 HTTP/1.1" 404 None
[2022-11-29 01:42:57,488] DEBUG - Starting new HTTPS connection (1): www.flaticon.com:443
[2022-11-29 01:42:57,569] DEBUG - https://www.flaticon.com:443 "GET /search?word=secondorder%20languages&color=color&shape=outline&order_by=4 HTTP/1.1" 404 None
[2022-11-29 01:42:57,581] DEBUG - Starting new HTTPS connection (1): www.flaticon.com:443
[2022-11-29 01:42:57,659] DEBUG - https://www.flaticon.com:443 "GET /search?word=higherorder&color=color&shape=outline&order_by=4 HTTP/1.1" 404 None
[2022-11-29 01:42:57,668] DEBUG - ['https://cdn-icons-png.flaticon.com/256/4154/4154100.png', 'https://cdn-icons-png.flaticon.com/256/4776/4776202.png', 'https://cdn-icons-png.flaticon.com/256/8283/8283617.png', 'https://cdn-icons-png.flaticon.com/256/8128/8128417.png', 'https://cdn-icons-png.flaticon.com/256/8942/8942862.png']
[2022-11-29 01:42:57,672] DEBUG - Starting new HTTPS connection (1): cdn-icons-png.flaticon.com:443
[2022-11-29 01:42:57,729] DEBUG - https://cdn-icons-png.flaticon.com:443 "GET /256/4154/4154100.png HTTP/1.1" 200 9804
[2022-11-29 01:42:57,732] DEBUG - Starting new HTTPS connection (1): cdn-icons-png.flaticon.com:443
[2022-11-29 01:42:57,783] DEBUG - https://cdn-icons-png.flaticon.com:443 "GET /256/4776/4776202.png HTTP/1.1" 200 9360
[2022-11-29 01:42:57,788] DEBUG - Starting new HTTPS connection (1): cdn-icons-png.flaticon.com:443
[2022-11-29 01:42:57,824] DEBUG - https://cdn-icons-png.flaticon.com:443 "GET /256/8283/8283617.png HTTP/1.1" 200 11435
[2022-11-29 01:42:57,828] DEBUG - Starting new HTTPS connection (1): cdn-icons-png.flaticon.com:443
[2022-11-29 01:42:57,885] DEBUG - https://cdn-icons-png.flaticon.com:443 "GET /256/8128/8128417.png HTTP/1.1" 200 18030
[2022-11-29 01:42:57,889] DEBUG - Starting new HTTPS connection (1): cdn-icons-png.flaticon.com:443
[2022-11-29 01:42:57,923] DEBUG - https://cdn-icons-png.flaticon.com:443 "GET /256/8942/8942862.png HTTP/1.1" 200 9871
[2022-11-29 01:42:57,938] DEBUG - STREAM b'IHDR' 16 13
[2022-11-29 01:42:57,939] DEBUG - STREAM b'pHYs' 41 9
[2022-11-29 01:42:57,939] DEBUG - STREAM b'IDAT' 62 13353
