[2022-11-29 01:44:31,161] CRITICAL - GPU detected
[2022-11-29 01:44:31,166] DEBUG - Starting new HTTPS connection (1): huggingface.co:443
[2022-11-29 01:44:31,507] DEBUG - https://huggingface.co:443 "HEAD /ml6team/keyphrase-generation-t5-small-inspec/resolve/main/config.json HTTP/1.1" 200 0
[2022-11-29 01:44:32,071] DEBUG - Starting new HTTPS connection (1): huggingface.co:443
[2022-11-29 01:44:32,414] DEBUG - https://huggingface.co:443 "HEAD /ml6team/keyphrase-generation-t5-small-inspec/resolve/main/tokenizer_config.json HTTP/1.1" 200 0
[2022-11-29 01:44:32,976] DEBUG - Getting requests for icons
[2022-11-29 01:44:32,977] DEBUG - Starting new HTTPS connection (1): www.flaticon.com:443
[2022-11-29 01:44:33,057] DEBUG - https://www.flaticon.com:443 "GET /search?word=formal%20languages&color=color&shape=outline&order_by=4 HTTP/1.1" 404 None
[2022-11-29 01:44:33,069] DEBUG - Starting new HTTPS connection (1): www.flaticon.com:443
[2022-11-29 01:44:33,237] DEBUG - https://www.flaticon.com:443 "GET /search?word=symbols&color=color&shape=outline&order_by=4 HTTP/1.1" 200 None
[2022-11-29 01:44:33,394] DEBUG - Starting new HTTPS connection (1): www.flaticon.com:443
[2022-11-29 01:44:33,482] DEBUG - https://www.flaticon.com:443 "GET /search?word=firstorder%20languages&color=color&shape=outline&order_by=4 HTTP/1.1" 404 None
[2022-11-29 01:44:33,493] DEBUG - Starting new HTTPS connection (1): www.flaticon.com:443
[2022-11-29 01:44:33,574] DEBUG - https://www.flaticon.com:443 "GET /search?word=secondorder%20languages&color=color&shape=outline&order_by=4 HTTP/1.1" 404 None
[2022-11-29 01:44:33,585] DEBUG - Starting new HTTPS connection (1): www.flaticon.com:443
[2022-11-29 01:44:33,664] DEBUG - https://www.flaticon.com:443 "GET /search?word=higherorder&color=color&shape=outline&order_by=4 HTTP/1.1" 404 None
[2022-11-29 01:44:33,673] DEBUG - ['https://cdn-icons-png.flaticon.com/256/8809/8809097.png', 'https://cdn-icons-png.flaticon.com/256/4154/4154100.png', 'https://cdn-icons-png.flaticon.com/256/8809/8809140.png', 'https://cdn-icons-png.flaticon.com/256/4776/4776202.png', 'https://cdn-icons-png.flaticon.com/256/8283/8283617.png']
[2022-11-29 01:44:33,676] DEBUG - Starting new HTTPS connection (1): cdn-icons-png.flaticon.com:443
[2022-11-29 01:44:33,761] DEBUG - https://cdn-icons-png.flaticon.com:443 "GET /256/8809/8809097.png HTTP/1.1" 200 1395
[2022-11-29 01:44:33,765] DEBUG - Starting new HTTPS connection (1): cdn-icons-png.flaticon.com:443
[2022-11-29 01:44:33,789] DEBUG - https://cdn-icons-png.flaticon.com:443 "GET /256/4154/4154100.png HTTP/1.1" 200 9804
[2022-11-29 01:44:33,793] DEBUG - Starting new HTTPS connection (1): cdn-icons-png.flaticon.com:443
[2022-11-29 01:44:33,820] DEBUG - https://cdn-icons-png.flaticon.com:443 "GET /256/8809/8809140.png HTTP/1.1" 200 4160
[2022-11-29 01:44:33,822] DEBUG - Starting new HTTPS connection (1): cdn-icons-png.flaticon.com:443
[2022-11-29 01:44:33,848] DEBUG - https://cdn-icons-png.flaticon.com:443 "GET /256/4776/4776202.png HTTP/1.1" 200 9360
[2022-11-29 01:44:33,851] DEBUG - Starting new HTTPS connection (1): cdn-icons-png.flaticon.com:443
[2022-11-29 01:44:33,876] DEBUG - https://cdn-icons-png.flaticon.com:443 "GET /256/8283/8283617.png HTTP/1.1" 200 11435
[2022-11-29 01:44:33,888] DEBUG - STREAM b'IHDR' 16 13
[2022-11-29 01:44:33,888] DEBUG - STREAM b'pHYs' 41 9
[2022-11-29 01:44:33,889] DEBUG - STREAM b'IDAT' 62 13353
