[2022-11-29 01:50:34,344] CRITICAL - GPU detected
[2022-11-29 01:50:34,350] DEBUG - Starting new HTTPS connection (1): huggingface.co:443
[2022-11-29 01:50:34,708] DEBUG - https://huggingface.co:443 "HEAD /ml6team/keyphrase-generation-t5-small-inspec/resolve/main/config.json HTTP/1.1" 200 0
[2022-11-29 01:50:35,273] DEBUG - Starting new HTTPS connection (1): huggingface.co:443
[2022-11-29 01:50:35,616] DEBUG - https://huggingface.co:443 "HEAD /ml6team/keyphrase-generation-t5-small-inspec/resolve/main/tokenizer_config.json HTTP/1.1" 200 0
[2022-11-29 01:50:36,183] DEBUG - Getting requests for icons
[2022-11-29 01:50:36,184] DEBUG - Starting new HTTPS connection (1): www.flaticon.com:443
[2022-11-29 01:50:36,269] DEBUG - https://www.flaticon.com:443 "GET /search?word=formal%20languages&color=color&shape=outline&order_by=4 HTTP/1.1" 404 None
[2022-11-29 01:50:36,282] DEBUG - Starting new HTTPS connection (1): www.flaticon.com:443
[2022-11-29 01:50:36,456] DEBUG - https://www.flaticon.com:443 "GET /search?word=symbols&color=color&shape=outline&order_by=4 HTTP/1.1" 200 None
[2022-11-29 01:50:36,617] DEBUG - Starting new HTTPS connection (1): www.flaticon.com:443
[2022-11-29 01:50:36,698] DEBUG - https://www.flaticon.com:443 "GET /search?word=firstorder%20languages&color=color&shape=outline&order_by=4 HTTP/1.1" 404 None
[2022-11-29 01:50:36,709] DEBUG - Starting new HTTPS connection (1): www.flaticon.com:443
[2022-11-29 01:50:36,797] DEBUG - https://www.flaticon.com:443 "GET /search?word=secondorder%20languages&color=color&shape=outline&order_by=4 HTTP/1.1" 404 None
[2022-11-29 01:50:36,808] DEBUG - Starting new HTTPS connection (1): www.flaticon.com:443
[2022-11-29 01:50:36,893] DEBUG - https://www.flaticon.com:443 "GET /search?word=higherorder&color=color&shape=outline&order_by=4 HTTP/1.1" 404 None
[2022-11-29 01:50:36,905] DEBUG - ['https://cdn-icons-png.flaticon.com/256/4154/4154100.png', 'https://cdn-icons-png.flaticon.com/256/4776/4776202.png', 'https://cdn-icons-png.flaticon.com/256/8283/8283617.png', 'https://cdn-icons-png.flaticon.com/256/5349/5349891.png', 'https://cdn-icons-png.flaticon.com/256/8128/8128417.png']
[2022-11-29 01:50:36,908] DEBUG - Starting new HTTPS connection (1): cdn-icons-png.flaticon.com:443
[2022-11-29 01:50:36,949] DEBUG - https://cdn-icons-png.flaticon.com:443 "GET /256/4154/4154100.png HTTP/1.1" 200 9804
[2022-11-29 01:50:36,952] DEBUG - Starting new HTTPS connection (1): cdn-icons-png.flaticon.com:443
[2022-11-29 01:50:36,987] DEBUG - https://cdn-icons-png.flaticon.com:443 "GET /256/4776/4776202.png HTTP/1.1" 200 9360
[2022-11-29 01:50:36,990] DEBUG - Starting new HTTPS connection (1): cdn-icons-png.flaticon.com:443
[2022-11-29 01:50:37,023] DEBUG - https://cdn-icons-png.flaticon.com:443 "GET /256/8283/8283617.png HTTP/1.1" 200 11435
[2022-11-29 01:50:37,027] DEBUG - Starting new HTTPS connection (1): cdn-icons-png.flaticon.com:443
[2022-11-29 01:50:37,057] DEBUG - https://cdn-icons-png.flaticon.com:443 "GET /256/5349/5349891.png HTTP/1.1" 200 16973
[2022-11-29 01:50:37,060] DEBUG - Starting new HTTPS connection (1): cdn-icons-png.flaticon.com:443
[2022-11-29 01:50:37,101] DEBUG - https://cdn-icons-png.flaticon.com:443 "GET /256/8128/8128417.png HTTP/1.1" 200 18030
[2022-11-29 01:50:37,129] DEBUG - STREAM b'IHDR' 16 13
[2022-11-29 01:50:37,129] DEBUG - STREAM b'sBIT' 41 4
[2022-11-29 01:50:37,129] DEBUG - b'sBIT' 41 4 (unknown)
[2022-11-29 01:50:37,129] DEBUG - STREAM b'pHYs' 57 9
[2022-11-29 01:50:37,129] DEBUG - STREAM b'tEXt' 78 25
[2022-11-29 01:50:37,129] DEBUG - STREAM b'IDAT' 115 8192
