[2022-11-29 01:55:37,452] CRITICAL - GPU detected
[2022-11-29 01:55:37,456] DEBUG - Starting new HTTPS connection (1): huggingface.co:443
[2022-11-29 01:55:37,818] DEBUG - https://huggingface.co:443 "HEAD /ml6team/keyphrase-generation-t5-small-inspec/resolve/main/config.json HTTP/1.1" 200 0
[2022-11-29 01:55:38,388] DEBUG - Starting new HTTPS connection (1): huggingface.co:443
[2022-11-29 01:55:38,731] DEBUG - https://huggingface.co:443 "HEAD /ml6team/keyphrase-generation-t5-small-inspec/resolve/main/tokenizer_config.json HTTP/1.1" 200 0
[2022-11-29 01:55:39,306] DEBUG - Getting requests for icons
[2022-11-29 01:55:39,307] DEBUG - Starting new HTTPS connection (1): www.flaticon.com:443
[2022-11-29 01:55:39,397] DEBUG - https://www.flaticon.com:443 "GET /search?word=formal%20languages&color=color&shape=outline&order_by=4 HTTP/1.1" 404 None
[2022-11-29 01:55:39,409] DEBUG - Starting new HTTPS connection (1): www.flaticon.com:443
[2022-11-29 01:55:39,577] DEBUG - https://www.flaticon.com:443 "GET /search?word=symbols&color=color&shape=outline&order_by=4 HTTP/1.1" 200 None
[2022-11-29 01:55:39,736] DEBUG - Starting new HTTPS connection (1): www.flaticon.com:443
[2022-11-29 01:55:39,816] DEBUG - https://www.flaticon.com:443 "GET /search?word=firstorder%20languages&color=color&shape=outline&order_by=4 HTTP/1.1" 404 None
[2022-11-29 01:55:39,825] DEBUG - Starting new HTTPS connection (1): www.flaticon.com:443
[2022-11-29 01:55:39,906] DEBUG - https://www.flaticon.com:443 "GET /search?word=secondorder%20languages&color=color&shape=outline&order_by=4 HTTP/1.1" 404 None
[2022-11-29 01:55:39,917] DEBUG - Starting new HTTPS connection (1): www.flaticon.com:443
[2022-11-29 01:55:39,995] DEBUG - https://www.flaticon.com:443 "GET /search?word=higherorder&color=color&shape=outline&order_by=4 HTTP/1.1" 404 None
[2022-11-29 01:55:40,003] DEBUG - ['https://cdn-icons-png.flaticon.com/256/4154/4154100.png', 'https://cdn-icons-png.flaticon.com/256/8992/8992182.png', 'https://cdn-icons-png.flaticon.com/256/4776/4776202.png', 'https://cdn-icons-png.flaticon.com/256/8283/8283617.png', 'https://cdn-icons-png.flaticon.com/256/8128/8128417.png']
[2022-11-29 01:55:40,006] DEBUG - Starting new HTTPS connection (1): cdn-icons-png.flaticon.com:443
[2022-11-29 01:55:40,038] DEBUG - https://cdn-icons-png.flaticon.com:443 "GET /256/4154/4154100.png HTTP/1.1" 200 9804
[2022-11-29 01:55:40,042] DEBUG - Starting new HTTPS connection (1): cdn-icons-png.flaticon.com:443
[2022-11-29 01:55:40,097] DEBUG - https://cdn-icons-png.flaticon.com:443 "GET /256/8992/8992182.png HTTP/1.1" 200 17134
[2022-11-29 01:55:40,099] DEBUG - Starting new HTTPS connection (1): cdn-icons-png.flaticon.com:443
[2022-11-29 01:55:40,125] DEBUG - https://cdn-icons-png.flaticon.com:443 "GET /256/4776/4776202.png HTTP/1.1" 200 9360
[2022-11-29 01:55:40,127] DEBUG - Starting new HTTPS connection (1): cdn-icons-png.flaticon.com:443
[2022-11-29 01:55:40,178] DEBUG - https://cdn-icons-png.flaticon.com:443 "GET /256/8283/8283617.png HTTP/1.1" 200 11435
[2022-11-29 01:55:40,181] DEBUG - Starting new HTTPS connection (1): cdn-icons-png.flaticon.com:443
[2022-11-29 01:55:40,205] DEBUG - https://cdn-icons-png.flaticon.com:443 "GET /256/8128/8128417.png HTTP/1.1" 200 18030
[2022-11-29 01:55:40,231] DEBUG - STREAM b'IHDR' 16 13
[2022-11-29 01:55:40,231] DEBUG - STREAM b'sBIT' 41 4
[2022-11-29 01:55:40,231] DEBUG - b'sBIT' 41 4 (unknown)
[2022-11-29 01:55:40,231] DEBUG - STREAM b'pHYs' 57 9
[2022-11-29 01:55:40,231] DEBUG - STREAM b'tEXt' 78 25
[2022-11-29 01:55:40,231] DEBUG - STREAM b'IDAT' 115 8192
