[2022-11-26 21:44:04,507] CRITICAL - GPU detected
[2022-11-26 21:44:04,512] DEBUG - Starting new HTTPS connection (1): huggingface.co:443
[2022-11-26 21:44:04,914] DEBUG - https://huggingface.co:443 "HEAD /ml6team/keyphrase-generation-t5-small-inspec/resolve/main/config.json HTTP/1.1" 200 0
[2022-11-26 21:44:04,917] DEBUG - Attempting to acquire lock 1972775744560 on C:\Users\alexa/.cache\huggingface\hub\models--ml6team--keyphrase-generation-t5-small-inspec\blobs\98df792ff86c0a8c031ef95a44235f6407275963.lock
[2022-11-26 21:44:04,917] DEBUG - Lock 1972775744560 acquired on C:\Users\alexa/.cache\huggingface\hub\models--ml6team--keyphrase-generation-t5-small-inspec\blobs\98df792ff86c0a8c031ef95a44235f6407275963.lock
[2022-11-26 21:44:04,919] DEBUG - Starting new HTTPS connection (1): huggingface.co:443
[2022-11-26 21:44:05,275] DEBUG - https://huggingface.co:443 "GET /ml6team/keyphrase-generation-t5-small-inspec/resolve/main/config.json HTTP/1.1" 200 1380
[2022-11-26 21:44:05,280] DEBUG - Attempting to release lock 1972775744560 on C:\Users\alexa/.cache\huggingface\hub\models--ml6team--keyphrase-generation-t5-small-inspec\blobs\98df792ff86c0a8c031ef95a44235f6407275963.lock
[2022-11-26 21:44:05,280] DEBUG - Lock 1972775744560 released on C:\Users\alexa/.cache\huggingface\hub\models--ml6team--keyphrase-generation-t5-small-inspec\blobs\98df792ff86c0a8c031ef95a44235f6407275963.lock
[2022-11-26 21:44:05,327] DEBUG - Starting new HTTPS connection (1): huggingface.co:443
[2022-11-26 21:44:05,669] DEBUG - https://huggingface.co:443 "HEAD /ml6team/keyphrase-generation-t5-small-inspec/resolve/main/pytorch_model.bin HTTP/1.1" 302 0
[2022-11-26 21:44:05,672] DEBUG - Attempting to acquire lock 1972775995376 on C:\Users\alexa/.cache\huggingface\hub\models--ml6team--keyphrase-generation-t5-small-inspec\blobs\82e9a87611831a5973765076ad4ff63010b49c038377a4ab384607f9a2395632.lock
[2022-11-26 21:44:05,672] DEBUG - Lock 1972775995376 acquired on C:\Users\alexa/.cache\huggingface\hub\models--ml6team--keyphrase-generation-t5-small-inspec\blobs\82e9a87611831a5973765076ad4ff63010b49c038377a4ab384607f9a2395632.lock
[2022-11-26 21:44:05,674] DEBUG - Starting new HTTPS connection (1): cdn-lfs.huggingface.co:443
[2022-11-26 21:44:06,237] DEBUG - https://cdn-lfs.huggingface.co:443 "GET /repos/82/bf/82bf424dbe78973a134da8ac9932d646895c5edf059b6516bbe53f522377aae6/82e9a87611831a5973765076ad4ff63010b49c038377a4ab384607f9a2395632?response-content-disposition=attachment%3B%20filename%3D%22pytorch_model.bin%22&Expires=1669758245&Policy=eyJTdGF0ZW1lbnQiOlt7IlJlc291cmNlIjoiaHR0cHM6Ly9jZG4tbGZzLmh1Z2dpbmdmYWNlLmNvL3JlcG9zLzgyL2JmLzgyYmY0MjRkYmU3ODk3M2ExMzRkYThhYzk5MzJkNjQ2ODk1YzVlZGYwNTliNjUxNmJiZTUzZjUyMjM3N2FhZTYvODJlOWE4NzYxMTgzMWE1OTczNzY1MDc2YWQ0ZmY2MzAxMGI0OWMwMzgzNzdhNGFiMzg0NjA3ZjlhMjM5NTYzMj9yZXNwb25zZS1jb250ZW50LWRpc3Bvc2l0aW9uPWF0dGFjaG1lbnQlM0IlMjBmaWxlbmFtZSUzRCUyMnB5dG9yY2hfbW9kZWwuYmluJTIyIiwiQ29uZGl0aW9uIjp7IkRhdGVMZXNzVGhhbiI6eyJBV1M6RXBvY2hUaW1lIjoxNjY5NzU4MjQ1fX19XX0_&Signature=P6MNC51NzfUEnlULfwiMuU4AaEgPg0TQBCsjUHUYTaFmrOvsimLVQ1Z7T0C5UZ0Jy1XNrZVuqwwUQ~JPDnjgqUR5Ja5x~-eCHmuy9pv-WG-5vHzryzu0AYCrVJ0ZaOh1ZhLLBOncQiLsekuGd5ths4ts~yrpI3iLEAAo1mOFdccEjqLjf-a0zXry43YAsomOWpe49MNwm~KideLlQCISDQPt-lcKNvXW22hF31Jf2xM5qZKSLiyEbEoO99QQyFF4esTNqbjMhqAhy7CcRe0nTgcaT12IrxbKlkLGAXCpLkblJyezmKhNNYSHEXGaFgcjowdy-VpGvTjCQGoT0y6WtQ__&Key-Pair-Id=KVTP0A1DKRTAX HTTP/1.1" 200 242028283
[2022-11-26 21:44:13,837] DEBUG - Attempting to release lock 1972775995376 on C:\Users\alexa/.cache\huggingface\hub\models--ml6team--keyphrase-generation-t5-small-inspec\blobs\82e9a87611831a5973765076ad4ff63010b49c038377a4ab384607f9a2395632.lock
[2022-11-26 21:44:13,838] DEBUG - Lock 1972775995376 released on C:\Users\alexa/.cache\huggingface\hub\models--ml6team--keyphrase-generation-t5-small-inspec\blobs\82e9a87611831a5973765076ad4ff63010b49c038377a4ab384607f9a2395632.lock
[2022-11-26 21:44:14,372] DEBUG - Starting new HTTPS connection (1): huggingface.co:443
[2022-11-26 21:44:14,715] DEBUG - https://huggingface.co:443 "HEAD /ml6team/keyphrase-generation-t5-small-inspec/resolve/main/tokenizer_config.json HTTP/1.1" 200 0
[2022-11-26 21:44:14,717] DEBUG - Attempting to acquire lock 1972775993408 on C:\Users\alexa/.cache\huggingface\hub\models--ml6team--keyphrase-generation-t5-small-inspec\blobs\d5e88d831143af5103821b4515c280e8ef02b26f.lock
[2022-11-26 21:44:14,717] DEBUG - Lock 1972775993408 acquired on C:\Users\alexa/.cache\huggingface\hub\models--ml6team--keyphrase-generation-t5-small-inspec\blobs\d5e88d831143af5103821b4515c280e8ef02b26f.lock
[2022-11-26 21:44:14,719] DEBUG - Starting new HTTPS connection (1): huggingface.co:443
[2022-11-26 21:44:15,064] DEBUG - https://huggingface.co:443 "GET /ml6team/keyphrase-generation-t5-small-inspec/resolve/main/tokenizer_config.json HTTP/1.1" 200 1924
[2022-11-26 21:44:15,067] DEBUG - Attempting to release lock 1972775993408 on C:\Users\alexa/.cache\huggingface\hub\models--ml6team--keyphrase-generation-t5-small-inspec\blobs\d5e88d831143af5103821b4515c280e8ef02b26f.lock
[2022-11-26 21:44:15,067] DEBUG - Lock 1972775993408 released on C:\Users\alexa/.cache\huggingface\hub\models--ml6team--keyphrase-generation-t5-small-inspec\blobs\d5e88d831143af5103821b4515c280e8ef02b26f.lock
[2022-11-26 21:44:15,074] DEBUG - Starting new HTTPS connection (1): huggingface.co:443
[2022-11-26 21:44:15,421] DEBUG - https://huggingface.co:443 "HEAD /ml6team/keyphrase-generation-t5-small-inspec/resolve/main/spiece.model HTTP/1.1" 302 0
[2022-11-26 21:44:15,424] DEBUG - Attempting to acquire lock 1972775995376 on C:\Users\alexa/.cache\huggingface\hub\models--ml6team--keyphrase-generation-t5-small-inspec\blobs\d60acb128cf7b7f2536e8f38a5b18a05535c9e14c7a355904270e15b0945ea86.lock
[2022-11-26 21:44:15,424] DEBUG - Lock 1972775995376 acquired on C:\Users\alexa/.cache\huggingface\hub\models--ml6team--keyphrase-generation-t5-small-inspec\blobs\d60acb128cf7b7f2536e8f38a5b18a05535c9e14c7a355904270e15b0945ea86.lock
[2022-11-26 21:44:15,426] DEBUG - Starting new HTTPS connection (1): cdn-lfs.huggingface.co:443
[2022-11-26 21:44:15,856] DEBUG - https://cdn-lfs.huggingface.co:443 "GET /repos/82/bf/82bf424dbe78973a134da8ac9932d646895c5edf059b6516bbe53f522377aae6/d60acb128cf7b7f2536e8f38a5b18a05535c9e14c7a355904270e15b0945ea86?response-content-disposition=attachment%3B%20filename%3D%22spiece.model%22&Expires=1669758255&Policy=eyJTdGF0ZW1lbnQiOlt7IlJlc291cmNlIjoiaHR0cHM6Ly9jZG4tbGZzLmh1Z2dpbmdmYWNlLmNvL3JlcG9zLzgyL2JmLzgyYmY0MjRkYmU3ODk3M2ExMzRkYThhYzk5MzJkNjQ2ODk1YzVlZGYwNTliNjUxNmJiZTUzZjUyMjM3N2FhZTYvZDYwYWNiMTI4Y2Y3YjdmMjUzNmU4ZjM4YTViMThhMDU1MzVjOWUxNGM3YTM1NTkwNDI3MGUxNWIwOTQ1ZWE4Nj9yZXNwb25zZS1jb250ZW50LWRpc3Bvc2l0aW9uPWF0dGFjaG1lbnQlM0IlMjBmaWxlbmFtZSUzRCUyMnNwaWVjZS5tb2RlbCUyMiIsIkNvbmRpdGlvbiI6eyJEYXRlTGVzc1RoYW4iOnsiQVdTOkVwb2NoVGltZSI6MTY2OTc1ODI1NX19fV19&Signature=P1EULnL1c6cXTs9WXEPOKEwv0CJ~TrdgyhTF~3-KXxZJjAi8zW2N0yr2jySFQOTRgdMfdyrUvQc~cmOkOr7hpA1vUStbboYt5FhELZCLPUCfNrAqGteMDE67O0Wur0att~ofWiJvey2B2tyaoBPX2qtfKmlEJ4dgmsiKtbXAeBeHuTDtZ2sq1-fwY0bViRWmomkJnTLRgHv0ojF4Hsf6U1Abds-BMkqDfMFBtndy-UoaaKW0Hxtcw8bb8rhWqrKZt9IF2iKtcmeUuBT8b6tlClYujsT5BYe85Ox~gzcwM7YSoB7sNhhT4tvX0Ki6gVOrDFCNl20lIQTG3SZLzUPyrg__&Key-Pair-Id=KVTP0A1DKRTAX HTTP/1.1" 200 791656
[2022-11-26 21:44:16,196] DEBUG - Attempting to release lock 1972775995376 on C:\Users\alexa/.cache\huggingface\hub\models--ml6team--keyphrase-generation-t5-small-inspec\blobs\d60acb128cf7b7f2536e8f38a5b18a05535c9e14c7a355904270e15b0945ea86.lock
[2022-11-26 21:44:16,196] DEBUG - Lock 1972775995376 released on C:\Users\alexa/.cache\huggingface\hub\models--ml6team--keyphrase-generation-t5-small-inspec\blobs\d60acb128cf7b7f2536e8f38a5b18a05535c9e14c7a355904270e15b0945ea86.lock
[2022-11-26 21:44:16,197] DEBUG - Starting new HTTPS connection (1): huggingface.co:443
[2022-11-26 21:44:16,548] DEBUG - https://huggingface.co:443 "HEAD /ml6team/keyphrase-generation-t5-small-inspec/resolve/main/tokenizer.json HTTP/1.1" 200 0
[2022-11-26 21:44:16,550] DEBUG - Attempting to acquire lock 1972775994560 on C:\Users\alexa/.cache\huggingface\hub\models--ml6team--keyphrase-generation-t5-small-inspec\blobs\e44a4abe2a60ccf138a0b606254ae0f3f5f6c276.lock
[2022-11-26 21:44:16,550] DEBUG - Lock 1972775994560 acquired on C:\Users\alexa/.cache\huggingface\hub\models--ml6team--keyphrase-generation-t5-small-inspec\blobs\e44a4abe2a60ccf138a0b606254ae0f3f5f6c276.lock
[2022-11-26 21:44:16,551] DEBUG - Starting new HTTPS connection (1): huggingface.co:443
[2022-11-26 21:44:16,952] DEBUG - https://huggingface.co:443 "GET /ml6team/keyphrase-generation-t5-small-inspec/resolve/main/tokenizer.json HTTP/1.1" 200 2422270
[2022-11-26 21:44:18,141] DEBUG - Attempting to release lock 1972775994560 on C:\Users\alexa/.cache\huggingface\hub\models--ml6team--keyphrase-generation-t5-small-inspec\blobs\e44a4abe2a60ccf138a0b606254ae0f3f5f6c276.lock
[2022-11-26 21:44:18,142] DEBUG - Lock 1972775994560 released on C:\Users\alexa/.cache\huggingface\hub\models--ml6team--keyphrase-generation-t5-small-inspec\blobs\e44a4abe2a60ccf138a0b606254ae0f3f5f6c276.lock
[2022-11-26 21:44:18,143] DEBUG - Starting new HTTPS connection (1): huggingface.co:443
[2022-11-26 21:44:18,485] DEBUG - https://huggingface.co:443 "HEAD /ml6team/keyphrase-generation-t5-small-inspec/resolve/main/added_tokens.json HTTP/1.1" 404 0
[2022-11-26 21:44:18,489] DEBUG - Starting new HTTPS connection (1): huggingface.co:443
[2022-11-26 21:44:18,850] DEBUG - https://huggingface.co:443 "HEAD /ml6team/keyphrase-generation-t5-small-inspec/resolve/main/special_tokens_map.json HTTP/1.1" 200 0
[2022-11-26 21:44:18,853] DEBUG - Attempting to acquire lock 1972775995376 on C:\Users\alexa/.cache\huggingface\hub\models--ml6team--keyphrase-generation-t5-small-inspec\blobs\881bdbffc06e471924ecea57f962bc5f8e2a9f21.lock
[2022-11-26 21:44:18,853] DEBUG - Lock 1972775995376 acquired on C:\Users\alexa/.cache\huggingface\hub\models--ml6team--keyphrase-generation-t5-small-inspec\blobs\881bdbffc06e471924ecea57f962bc5f8e2a9f21.lock
[2022-11-26 21:44:18,855] DEBUG - Starting new HTTPS connection (1): huggingface.co:443
[2022-11-26 21:44:19,203] DEBUG - https://huggingface.co:443 "GET /ml6team/keyphrase-generation-t5-small-inspec/resolve/main/special_tokens_map.json HTTP/1.1" 200 1786
[2022-11-26 21:44:19,206] DEBUG - Attempting to release lock 1972775995376 on C:\Users\alexa/.cache\huggingface\hub\models--ml6team--keyphrase-generation-t5-small-inspec\blobs\881bdbffc06e471924ecea57f962bc5f8e2a9f21.lock
[2022-11-26 21:44:19,207] DEBUG - Lock 1972775995376 released on C:\Users\alexa/.cache\huggingface\hub\models--ml6team--keyphrase-generation-t5-small-inspec\blobs\881bdbffc06e471924ecea57f962bc5f8e2a9f21.lock
