[2022-11-29 01:51:35,287] CRITICAL - GPU detected
[2022-11-29 01:51:35,291] DEBUG - Starting new HTTPS connection (1): huggingface.co:443
[2022-11-29 01:51:35,633] DEBUG - https://huggingface.co:443 "HEAD /ml6team/keyphrase-generation-t5-small-inspec/resolve/main/config.json HTTP/1.1" 200 0
[2022-11-29 01:51:36,176] DEBUG - Starting new HTTPS connection (1): huggingface.co:443
[2022-11-29 01:51:36,515] DEBUG - https://huggingface.co:443 "HEAD /ml6team/keyphrase-generation-t5-small-inspec/resolve/main/tokenizer_config.json HTTP/1.1" 200 0
[2022-11-29 01:51:37,084] DEBUG - Getting requests for icons
[2022-11-29 01:51:37,086] DEBUG - Starting new HTTPS connection (1): www.flaticon.com:443
[2022-11-29 01:51:37,170] DEBUG - https://www.flaticon.com:443 "GET /search?word=formal%20languages&color=color&shape=outline&order_by=4 HTTP/1.1" 404 None
[2022-11-29 01:51:37,182] DEBUG - Starting new HTTPS connection (1): www.flaticon.com:443
[2022-11-29 01:51:37,350] DEBUG - https://www.flaticon.com:443 "GET /search?word=symbols&color=color&shape=outline&order_by=4 HTTP/1.1" 200 None
[2022-11-29 01:51:37,527] DEBUG - Starting new HTTPS connection (1): www.flaticon.com:443
[2022-11-29 01:51:37,613] DEBUG - https://www.flaticon.com:443 "GET /search?word=firstorder%20languages&color=color&shape=outline&order_by=4 HTTP/1.1" 404 None
[2022-11-29 01:51:37,623] DEBUG - Starting new HTTPS connection (1): www.flaticon.com:443
[2022-11-29 01:51:37,706] DEBUG - https://www.flaticon.com:443 "GET /search?word=secondorder%20languages&color=color&shape=outline&order_by=4 HTTP/1.1" 404 None
[2022-11-29 01:51:37,719] DEBUG - Starting new HTTPS connection (1): www.flaticon.com:443
[2022-11-29 01:51:37,798] DEBUG - https://www.flaticon.com:443 "GET /search?word=higherorder&color=color&shape=outline&order_by=4 HTTP/1.1" 404 None
[2022-11-29 01:51:37,809] DEBUG - ['https://cdn-icons-png.flaticon.com/256/4154/4154100.png', 'https://cdn-icons-png.flaticon.com/256/4776/4776202.png', 'https://cdn-icons-png.flaticon.com/256/3395/3395766.png', 'https://cdn-icons-png.flaticon.com/256/8283/8283617.png', 'https://cdn-icons-png.flaticon.com/256/8128/8128417.png']
[2022-11-29 01:51:37,811] DEBUG - Starting new HTTPS connection (1): cdn-icons-png.flaticon.com:443
[2022-11-29 01:51:37,837] DEBUG - https://cdn-icons-png.flaticon.com:443 "GET /256/4154/4154100.png HTTP/1.1" 200 9804
[2022-11-29 01:51:37,840] DEBUG - Starting new HTTPS connection (1): cdn-icons-png.flaticon.com:443
[2022-11-29 01:51:37,869] DEBUG - https://cdn-icons-png.flaticon.com:443 "GET /256/4776/4776202.png HTTP/1.1" 200 9360
[2022-11-29 01:51:37,872] DEBUG - Starting new HTTPS connection (1): cdn-icons-png.flaticon.com:443
[2022-11-29 01:51:37,912] DEBUG - https://cdn-icons-png.flaticon.com:443 "GET /256/3395/3395766.png HTTP/1.1" 200 3166
[2022-11-29 01:51:37,916] DEBUG - Starting new HTTPS connection (1): cdn-icons-png.flaticon.com:443
[2022-11-29 01:51:37,957] DEBUG - https://cdn-icons-png.flaticon.com:443 "GET /256/8283/8283617.png HTTP/1.1" 200 11435
[2022-11-29 01:51:37,960] DEBUG - Starting new HTTPS connection (1): cdn-icons-png.flaticon.com:443
[2022-11-29 01:51:37,997] DEBUG - https://cdn-icons-png.flaticon.com:443 "GET /256/8128/8128417.png HTTP/1.1" 200 18030
[2022-11-29 01:51:38,023] DEBUG - STREAM b'IHDR' 16 13
[2022-11-29 01:51:38,023] DEBUG - STREAM b'sBIT' 41 4
[2022-11-29 01:51:38,023] DEBUG - b'sBIT' 41 4 (unknown)
[2022-11-29 01:51:38,024] DEBUG - STREAM b'pHYs' 57 9
[2022-11-29 01:51:38,024] DEBUG - STREAM b'tEXt' 78 25
[2022-11-29 01:51:38,024] DEBUG - STREAM b'IDAT' 115 8192
