[2022-11-29 01:45:49,183] CRITICAL - GPU detected
[2022-11-29 01:45:49,188] DEBUG - Starting new HTTPS connection (1): huggingface.co:443
[2022-11-29 01:45:49,528] DEBUG - https://huggingface.co:443 "HEAD /ml6team/keyphrase-generation-t5-small-inspec/resolve/main/config.json HTTP/1.1" 200 0
[2022-11-29 01:45:50,080] DEBUG - Starting new HTTPS connection (1): huggingface.co:443
[2022-11-29 01:45:50,423] DEBUG - https://huggingface.co:443 "HEAD /ml6team/keyphrase-generation-t5-small-inspec/resolve/main/tokenizer_config.json HTTP/1.1" 200 0
[2022-11-29 01:45:50,980] DEBUG - Getting requests for icons
[2022-11-29 01:45:50,982] DEBUG - Starting new HTTPS connection (1): www.flaticon.com:443
[2022-11-29 01:45:51,069] DEBUG - https://www.flaticon.com:443 "GET /search?word=formal%20languages&color=color&shape=outline&order_by=4 HTTP/1.1" 404 None
[2022-11-29 01:45:51,081] DEBUG - Starting new HTTPS connection (1): www.flaticon.com:443
[2022-11-29 01:45:51,259] DEBUG - https://www.flaticon.com:443 "GET /search?word=symbols&color=color&shape=outline&order_by=4 HTTP/1.1" 200 None
[2022-11-29 01:45:51,417] DEBUG - Starting new HTTPS connection (1): www.flaticon.com:443
[2022-11-29 01:45:51,504] DEBUG - https://www.flaticon.com:443 "GET /search?word=firstorder%20languages&color=color&shape=outline&order_by=4 HTTP/1.1" 404 None
[2022-11-29 01:45:51,514] DEBUG - Starting new HTTPS connection (1): www.flaticon.com:443
[2022-11-29 01:45:51,594] DEBUG - https://www.flaticon.com:443 "GET /search?word=secondorder%20languages&color=color&shape=outline&order_by=4 HTTP/1.1" 404 None
[2022-11-29 01:45:51,605] DEBUG - Starting new HTTPS connection (1): www.flaticon.com:443
[2022-11-29 01:45:51,688] DEBUG - https://www.flaticon.com:443 "GET /search?word=higherorder&color=color&shape=outline&order_by=4 HTTP/1.1" 404 None
[2022-11-29 01:45:51,699] DEBUG - ['https://cdn-icons-png.flaticon.com/256/5350/5350974.png', 'https://cdn-icons-png.flaticon.com/256/4154/4154100.png', 'https://cdn-icons-png.flaticon.com/256/4776/4776202.png', 'https://cdn-icons-png.flaticon.com/256/8283/8283617.png', 'https://cdn-icons-png.flaticon.com/256/8128/8128417.png']
[2022-11-29 01:45:51,702] DEBUG - Starting new HTTPS connection (1): cdn-icons-png.flaticon.com:443
[2022-11-29 01:45:51,773] DEBUG - https://cdn-icons-png.flaticon.com:443 "GET /256/5350/5350974.png HTTP/1.1" 200 15977
[2022-11-29 01:45:51,776] DEBUG - Starting new HTTPS connection (1): cdn-icons-png.flaticon.com:443
[2022-11-29 01:45:51,803] DEBUG - https://cdn-icons-png.flaticon.com:443 "GET /256/4154/4154100.png HTTP/1.1" 200 9804
[2022-11-29 01:45:51,806] DEBUG - Starting new HTTPS connection (1): cdn-icons-png.flaticon.com:443
[2022-11-29 01:45:51,837] DEBUG - https://cdn-icons-png.flaticon.com:443 "GET /256/4776/4776202.png HTTP/1.1" 200 9360
[2022-11-29 01:45:51,839] DEBUG - Starting new HTTPS connection (1): cdn-icons-png.flaticon.com:443
[2022-11-29 01:45:51,882] DEBUG - https://cdn-icons-png.flaticon.com:443 "GET /256/8283/8283617.png HTTP/1.1" 200 11435
[2022-11-29 01:45:51,885] DEBUG - Starting new HTTPS connection (1): cdn-icons-png.flaticon.com:443
[2022-11-29 01:45:51,917] DEBUG - https://cdn-icons-png.flaticon.com:443 "GET /256/8128/8128417.png HTTP/1.1" 200 18030
[2022-11-29 01:45:51,931] DEBUG - STREAM b'IHDR' 16 13
[2022-11-29 01:45:51,931] DEBUG - STREAM b'pHYs' 41 9
[2022-11-29 01:45:51,931] DEBUG - STREAM b'IDAT' 62 13353
[2022-11-29 01:45:55,267] DEBUG - STREAM b'IHDR' 16 13
[2022-11-29 01:45:55,267] DEBUG - STREAM b'pHYs' 41 9
[2022-11-29 01:45:55,268] DEBUG - STREAM b'tEXt' 62 25
[2022-11-29 01:45:55,268] DEBUG - STREAM b'IDAT' 99 8192
