[2022-11-29 01:50:55,757] CRITICAL - GPU detected
[2022-11-29 01:50:55,762] DEBUG - Starting new HTTPS connection (1): huggingface.co:443
[2022-11-29 01:50:56,119] DEBUG - https://huggingface.co:443 "HEAD /ml6team/keyphrase-generation-t5-small-inspec/resolve/main/config.json HTTP/1.1" 200 0
[2022-11-29 01:50:56,682] DEBUG - Starting new HTTPS connection (1): huggingface.co:443
[2022-11-29 01:50:57,022] DEBUG - https://huggingface.co:443 "HEAD /ml6team/keyphrase-generation-t5-small-inspec/resolve/main/tokenizer_config.json HTTP/1.1" 200 0
[2022-11-29 01:50:57,590] DEBUG - Getting requests for icons
[2022-11-29 01:50:57,591] DEBUG - Starting new HTTPS connection (1): www.flaticon.com:443
[2022-11-29 01:50:59,138] DEBUG - https://www.flaticon.com:443 "GET /search?word=formal%20languages&color=color&shape=outline&order_by=4 HTTP/1.1" 404 None
[2022-11-29 01:50:59,151] DEBUG - Starting new HTTPS connection (1): www.flaticon.com:443
[2022-11-29 01:50:59,340] DEBUG - https://www.flaticon.com:443 "GET /search?word=symbols&color=color&shape=outline&order_by=4 HTTP/1.1" 200 None
[2022-11-29 01:50:59,501] DEBUG - Starting new HTTPS connection (1): www.flaticon.com:443
[2022-11-29 01:50:59,583] DEBUG - https://www.flaticon.com:443 "GET /search?word=firstorder%20languages&color=color&shape=outline&order_by=4 HTTP/1.1" 404 None
[2022-11-29 01:50:59,593] DEBUG - Starting new HTTPS connection (1): www.flaticon.com:443
[2022-11-29 01:50:59,681] DEBUG - https://www.flaticon.com:443 "GET /search?word=secondorder%20languages&color=color&shape=outline&order_by=4 HTTP/1.1" 404 None
[2022-11-29 01:50:59,691] DEBUG - Starting new HTTPS connection (1): www.flaticon.com:443
[2022-11-29 01:50:59,775] DEBUG - https://www.flaticon.com:443 "GET /search?word=higherorder&color=color&shape=outline&order_by=4 HTTP/1.1" 404 None
[2022-11-29 01:50:59,785] DEBUG - ['https://cdn-icons-png.flaticon.com/256/3395/3395766.png', 'https://cdn-icons-png.flaticon.com/256/4154/4154100.png', 'https://cdn-icons-png.flaticon.com/256/4776/4776202.png', 'https://cdn-icons-png.flaticon.com/256/8809/8809097.png', 'https://cdn-icons-png.flaticon.com/256/8283/8283617.png']
[2022-11-29 01:50:59,787] DEBUG - Starting new HTTPS connection (1): cdn-icons-png.flaticon.com:443
[2022-11-29 01:50:59,900] DEBUG - https://cdn-icons-png.flaticon.com:443 "GET /256/3395/3395766.png HTTP/1.1" 200 3166
[2022-11-29 01:50:59,903] DEBUG - Starting new HTTPS connection (1): cdn-icons-png.flaticon.com:443
[2022-11-29 01:50:59,927] DEBUG - https://cdn-icons-png.flaticon.com:443 "GET /256/4154/4154100.png HTTP/1.1" 200 9804
[2022-11-29 01:50:59,930] DEBUG - Starting new HTTPS connection (1): cdn-icons-png.flaticon.com:443
[2022-11-29 01:50:59,953] DEBUG - https://cdn-icons-png.flaticon.com:443 "GET /256/4776/4776202.png HTTP/1.1" 200 9360
[2022-11-29 01:50:59,956] DEBUG - Starting new HTTPS connection (1): cdn-icons-png.flaticon.com:443
[2022-11-29 01:50:59,984] DEBUG - https://cdn-icons-png.flaticon.com:443 "GET /256/8809/8809097.png HTTP/1.1" 200 1395
[2022-11-29 01:50:59,986] DEBUG - Starting new HTTPS connection (1): cdn-icons-png.flaticon.com:443
[2022-11-29 01:51:00,011] DEBUG - https://cdn-icons-png.flaticon.com:443 "GET /256/8283/8283617.png HTTP/1.1" 200 11435
[2022-11-29 01:51:00,042] DEBUG - STREAM b'IHDR' 16 13
[2022-11-29 01:51:00,042] DEBUG - STREAM b'sBIT' 41 4
[2022-11-29 01:51:00,042] DEBUG - b'sBIT' 41 4 (unknown)
[2022-11-29 01:51:00,042] DEBUG - STREAM b'pHYs' 57 9
[2022-11-29 01:51:00,042] DEBUG - STREAM b'tEXt' 78 25
[2022-11-29 01:51:00,043] DEBUG - STREAM b'IDAT' 115 8192
