[2022-11-26 22:49:54,563] CRITICAL - GPU detected
[2022-11-26 22:49:54,568] DEBUG - Starting new HTTPS connection (1): huggingface.co:443
[2022-11-26 22:49:54,925] DEBUG - https://huggingface.co:443 "HEAD /ml6team/keyphrase-generation-t5-small-inspec/resolve/main/config.json HTTP/1.1" 200 0
[2022-11-26 22:49:55,526] DEBUG - Starting new HTTPS connection (1): huggingface.co:443
[2022-11-26 22:49:55,862] DEBUG - https://huggingface.co:443 "HEAD /ml6team/keyphrase-generation-t5-small-inspec/resolve/main/tokenizer_config.json HTTP/1.1" 200 0
[2022-11-26 22:49:56,319] DEBUG - Getting requests for icons
[2022-11-26 22:49:56,321] DEBUG - Starting new HTTPS connection (1): www.flaticon.com:443
[2022-11-26 22:49:56,415] DEBUG - https://www.flaticon.com:443 "GET /search?word=strict%20evaluation&color=color&shape=outline&order_by=4 HTTP/1.1" 404 None
[2022-11-26 22:49:56,427] DEBUG - Starting new HTTPS connection (1): www.flaticon.com:443
[2022-11-26 22:49:56,540] DEBUG - https://www.flaticon.com:443 "GET /search?word=computer%20system&color=color&shape=outline&order_by=4 HTTP/1.1" 200 None
[2022-11-26 22:49:56,708] DEBUG - Starting new HTTPS connection (1): www.flaticon.com:443
[2022-11-26 22:49:56,788] DEBUG - https://www.flaticon.com:443 "GET /search?word=strict%20evaluation&color=color&shape=outline&order_by=4 HTTP/1.1" 404 None
[2022-11-26 22:49:56,800] DEBUG - Starting new HTTPS connection (1): www.flaticon.com:443
[2022-11-26 22:49:56,935] DEBUG - https://www.flaticon.com:443 "GET /search?word=gaming&color=color&shape=outline&order_by=4 HTTP/1.1" 200 None
[2022-11-26 22:49:57,148] DEBUG - Starting new HTTPS connection (1): www.flaticon.com:443
[2022-11-26 22:49:57,222] DEBUG - https://www.flaticon.com:443 "GET /search?word=scientific%20computing&color=color&shape=outline&order_by=4 HTTP/1.1" 200 None
[2022-11-26 22:49:57,277] DEBUG - ['https://cdn-icons-png.flaticon.com/256/3115/3115458.png', 'https://cdn-icons-png.flaticon.com/256/7655/7655685.png', 'https://cdn-icons-png.flaticon.com/256/7459/7459354.png', 'https://cdn-icons-png.flaticon.com/256/8781/8781726.png', 'https://cdn-icons-png.flaticon.com/256/5749/5749549.png', 'https://cdn-icons-png.flaticon.com/256/5921/5921702.png', 'https://cdn-icons-png.flaticon.com/256/4519/4519179.png', 'https://cdn-icons-png.flaticon.com/256/3946/3946036.png', 'https://cdn-icons-png.flaticon.com/256/5921/5921734.png', 'https://cdn-icons-png.flaticon.com/256/8335/8335597.png', 'https://cdn-icons-png.flaticon.com/256/6993/6993431.png']
[2022-11-26 22:49:57,280] DEBUG - Starting new HTTPS connection (1): cdn-icons-png.flaticon.com:443
[2022-11-26 22:49:57,325] DEBUG - https://cdn-icons-png.flaticon.com:443 "GET /256/3115/3115458.png HTTP/1.1" 200 11780
[2022-11-26 22:49:57,328] DEBUG - Starting new HTTPS connection (1): cdn-icons-png.flaticon.com:443
[2022-11-26 22:49:57,355] DEBUG - https://cdn-icons-png.flaticon.com:443 "GET /256/7655/7655685.png HTTP/1.1" 200 15513
[2022-11-26 22:49:57,357] DEBUG - Starting new HTTPS connection (1): cdn-icons-png.flaticon.com:443
[2022-11-26 22:49:57,381] DEBUG - https://cdn-icons-png.flaticon.com:443 "GET /256/7459/7459354.png HTTP/1.1" 200 4520
[2022-11-26 22:49:57,385] DEBUG - Starting new HTTPS connection (1): cdn-icons-png.flaticon.com:443
[2022-11-26 22:49:57,410] DEBUG - https://cdn-icons-png.flaticon.com:443 "GET /256/8781/8781726.png HTTP/1.1" 200 18179
[2022-11-26 22:49:57,412] DEBUG - Starting new HTTPS connection (1): cdn-icons-png.flaticon.com:443
[2022-11-26 22:49:57,448] DEBUG - https://cdn-icons-png.flaticon.com:443 "GET /256/5749/5749549.png HTTP/1.1" 200 7504
[2022-11-26 22:49:57,451] DEBUG - Starting new HTTPS connection (1): cdn-icons-png.flaticon.com:443
[2022-11-26 22:49:57,475] DEBUG - https://cdn-icons-png.flaticon.com:443 "GET /256/5921/5921702.png HTTP/1.1" 200 21011
[2022-11-26 22:49:57,480] DEBUG - Starting new HTTPS connection (1): cdn-icons-png.flaticon.com:443
[2022-11-26 22:49:57,503] DEBUG - https://cdn-icons-png.flaticon.com:443 "GET /256/4519/4519179.png HTTP/1.1" 200 18413
[2022-11-26 22:49:57,507] DEBUG - Starting new HTTPS connection (1): cdn-icons-png.flaticon.com:443
[2022-11-26 22:49:57,533] DEBUG - https://cdn-icons-png.flaticon.com:443 "GET /256/3946/3946036.png HTTP/1.1" 200 12886
[2022-11-26 22:49:57,536] DEBUG - Starting new HTTPS connection (1): cdn-icons-png.flaticon.com:443
[2022-11-26 22:49:57,559] DEBUG - https://cdn-icons-png.flaticon.com:443 "GET /256/5921/5921734.png HTTP/1.1" 200 25519
[2022-11-26 22:49:57,565] DEBUG - Starting new HTTPS connection (1): cdn-icons-png.flaticon.com:443
[2022-11-26 22:49:57,589] DEBUG - https://cdn-icons-png.flaticon.com:443 "GET /256/8335/8335597.png HTTP/1.1" 200 20476
[2022-11-26 22:49:57,594] DEBUG - Starting new HTTPS connection (1): cdn-icons-png.flaticon.com:443
[2022-11-26 22:49:57,620] DEBUG - https://cdn-icons-png.flaticon.com:443 "GET /256/6993/6993431.png HTTP/1.1" 200 15812
[2022-11-26 22:49:57,633] DEBUG - STREAM b'IHDR' 16 13
[2022-11-26 22:49:57,633] DEBUG - STREAM b'pHYs' 41 9
[2022-11-26 22:49:57,634] DEBUG - STREAM b'IDAT' 62 13353
[2022-11-26 22:49:57,643] DEBUG - STREAM b'IHDR' 16 13
[2022-11-26 22:49:57,644] DEBUG - STREAM b'sBIT' 41 4
[2022-11-26 22:49:57,644] DEBUG - b'sBIT' 41 4 (unknown)
[2022-11-26 22:49:57,644] DEBUG - STREAM b'pHYs' 57 9
[2022-11-26 22:49:57,644] DEBUG - STREAM b'tEXt' 78 25
[2022-11-26 22:49:57,644] DEBUG - STREAM b'IDAT' 115 8192
[2022-11-26 22:49:57,647] DEBUG - STREAM b'IHDR' 16 13
[2022-11-26 22:49:57,648] DEBUG - STREAM b'sBIT' 41 4
[2022-11-26 22:49:57,648] DEBUG - b'sBIT' 41 4 (unknown)
[2022-11-26 22:49:57,648] DEBUG - STREAM b'pHYs' 57 9
[2022-11-26 22:49:57,648] DEBUG - STREAM b'tEXt' 78 25
[2022-11-26 22:49:57,648] DEBUG - STREAM b'IDAT' 115 8192
