[2022-11-29 01:49:52,601] CRITICAL - GPU detected
[2022-11-29 01:49:52,606] DEBUG - Starting new HTTPS connection (1): huggingface.co:443
[2022-11-29 01:49:52,954] DEBUG - https://huggingface.co:443 "HEAD /ml6team/keyphrase-generation-t5-small-inspec/resolve/main/config.json HTTP/1.1" 200 0
[2022-11-29 01:49:53,530] DEBUG - Starting new HTTPS connection (1): huggingface.co:443
[2022-11-29 01:49:53,878] DEBUG - https://huggingface.co:443 "HEAD /ml6team/keyphrase-generation-t5-small-inspec/resolve/main/tokenizer_config.json HTTP/1.1" 200 0
[2022-11-29 01:49:54,454] DEBUG - Getting requests for icons
[2022-11-29 01:49:54,456] DEBUG - Starting new HTTPS connection (1): www.flaticon.com:443
[2022-11-29 01:49:54,540] DEBUG - https://www.flaticon.com:443 "GET /search?word=formal%20languages&color=color&shape=outline&order_by=4 HTTP/1.1" 404 None
[2022-11-29 01:49:54,551] DEBUG - Starting new HTTPS connection (1): www.flaticon.com:443
[2022-11-29 01:49:54,727] DEBUG - https://www.flaticon.com:443 "GET /search?word=symbols&color=color&shape=outline&order_by=4 HTTP/1.1" 200 None
[2022-11-29 01:49:54,888] DEBUG - Starting new HTTPS connection (1): www.flaticon.com:443
[2022-11-29 01:49:54,969] DEBUG - https://www.flaticon.com:443 "GET /search?word=firstorder%20languages&color=color&shape=outline&order_by=4 HTTP/1.1" 404 None
[2022-11-29 01:49:54,981] DEBUG - Starting new HTTPS connection (1): www.flaticon.com:443
[2022-11-29 01:49:55,062] DEBUG - https://www.flaticon.com:443 "GET /search?word=secondorder%20languages&color=color&shape=outline&order_by=4 HTTP/1.1" 404 None
[2022-11-29 01:49:55,071] DEBUG - Starting new HTTPS connection (1): www.flaticon.com:443
[2022-11-29 01:49:55,154] DEBUG - https://www.flaticon.com:443 "GET /search?word=higherorder&color=color&shape=outline&order_by=4 HTTP/1.1" 404 None
[2022-11-29 01:49:55,165] DEBUG - ['https://cdn-icons-png.flaticon.com/256/4154/4154100.png', 'https://cdn-icons-png.flaticon.com/256/4776/4776202.png', 'https://cdn-icons-png.flaticon.com/256/8809/8809180.png', 'https://cdn-icons-png.flaticon.com/256/8283/8283617.png', 'https://cdn-icons-png.flaticon.com/256/8128/8128417.png']
[2022-11-29 01:49:55,168] DEBUG - Starting new HTTPS connection (1): cdn-icons-png.flaticon.com:443
[2022-11-29 01:49:55,206] DEBUG - https://cdn-icons-png.flaticon.com:443 "GET /256/4154/4154100.png HTTP/1.1" 200 9804
[2022-11-29 01:49:55,209] DEBUG - Starting new HTTPS connection (1): cdn-icons-png.flaticon.com:443
[2022-11-29 01:49:55,235] DEBUG - https://cdn-icons-png.flaticon.com:443 "GET /256/4776/4776202.png HTTP/1.1" 200 9360
[2022-11-29 01:49:55,238] DEBUG - Starting new HTTPS connection (1): cdn-icons-png.flaticon.com:443
[2022-11-29 01:49:55,365] DEBUG - https://cdn-icons-png.flaticon.com:443 "GET /256/8809/8809180.png HTTP/1.1" 200 8410
[2022-11-29 01:49:55,369] DEBUG - Starting new HTTPS connection (1): cdn-icons-png.flaticon.com:443
[2022-11-29 01:49:55,401] DEBUG - https://cdn-icons-png.flaticon.com:443 "GET /256/8283/8283617.png HTTP/1.1" 200 11435
[2022-11-29 01:49:55,404] DEBUG - Starting new HTTPS connection (1): cdn-icons-png.flaticon.com:443
[2022-11-29 01:49:55,437] DEBUG - https://cdn-icons-png.flaticon.com:443 "GET /256/8128/8128417.png HTTP/1.1" 200 18030
[2022-11-29 01:49:55,470] DEBUG - STREAM b'IHDR' 16 13
[2022-11-29 01:49:55,470] DEBUG - STREAM b'pHYs' 41 9
[2022-11-29 01:49:55,470] DEBUG - STREAM b'tEXt' 62 25
[2022-11-29 01:49:55,470] DEBUG - STREAM b'IDAT' 99 8192
