[2022-11-13 22:28:12,444] INFO - concurrency model: async
[2022-11-13 22:28:12,444] INFO - masquerade (NAT) address: None
[2022-11-13 22:28:12,444] INFO - passive ports: None
[2022-11-13 22:28:12,444] DEBUG - poller: 'pyftpdlib.ioloop.Select'
[2022-11-13 22:28:12,444] DEBUG - authorizer: 'pyftpdlib.authorizers.DummyAuthorizer'
[2022-11-13 22:28:12,444] DEBUG - handler: 'pyftpdlib.handlers.type'
[2022-11-13 22:28:12,444] DEBUG - max connections: 256
[2022-11-13 22:28:12,444] DEBUG - max connections per ip: 5
[2022-11-13 22:28:12,444] DEBUG - timeout: 300
[2022-11-13 22:28:12,444] DEBUG - banner: 'pyftpdlib based ftpd ready.'
[2022-11-13 22:28:12,445] DEBUG - max login attempts: 3
[2022-11-13 22:28:12,445] INFO - >>> starting FTP server on :::21, pid=2156 <<<
[2022-11-13 22:28:45,170] INFO - ::1:49301-[] FTP session opened (connect)
[2022-11-13 22:28:45,171] DEBUG - ::1:49301-[] -> 220 pyftpdlib based ftpd ready.
[2022-11-13 22:28:45,171] DEBUG - ::1:49301-[] <- USER ubuntu
[2022-11-13 22:28:45,171] DEBUG - ::1:49301-[] -> 331 Username ok, send password.
[2022-11-13 22:28:45,171] DEBUG - ::1:49301-[ubuntu] <- PASS ******
[2022-11-13 22:28:45,171] DEBUG - ::1:49301-[ubuntu] -> 230 Login successful.
[2022-11-13 22:28:45,171] INFO - ::1:49301-[ubuntu] USER 'ubuntu' logged in.
[2022-11-13 22:28:45,171] DEBUG - [debug] call: close() (<FTPHandler(id=1951162543472, addr='::1:49301', user='ubuntu')>)
[2022-11-13 22:28:45,171] INFO - ::1:49301-[ubuntu] FTP session closed (disconnect).
[2022-11-13 22:28:47,107] INFO - ::1:49307-[] FTP session opened (connect)
[2022-11-13 22:28:47,107] DEBUG - ::1:49307-[] -> 220 pyftpdlib based ftpd ready.
[2022-11-13 22:28:47,108] DEBUG - ::1:49307-[] <- USER ubuntu
[2022-11-13 22:28:47,108] DEBUG - ::1:49307-[] -> 331 Username ok, send password.
[2022-11-13 22:28:47,108] DEBUG - ::1:49307-[ubuntu] <- PASS ******
[2022-11-13 22:28:47,108] DEBUG - ::1:49307-[ubuntu] -> 230 Login successful.
[2022-11-13 22:28:47,108] INFO - ::1:49307-[ubuntu] USER 'ubuntu' logged in.
[2022-11-13 22:28:47,108] DEBUG - ::1:49307-[ubuntu] <- CWD scripts
[2022-11-13 22:28:47,108] DEBUG - ::1:49307-[ubuntu] -> 250 "/scripts" is the current directory.
[2022-11-13 22:28:47,109] DEBUG - ::1:49307-[ubuntu] <- TYPE A
[2022-11-13 22:28:47,109] DEBUG - ::1:49307-[ubuntu] -> 200 Type set to: ASCII.
[2022-11-13 22:28:47,109] DEBUG - ::1:49307-[ubuntu] <- EPSV
[2022-11-13 22:28:47,113] DEBUG - ::1:49307-[ubuntu] -> 229 Entering extended passive mode (|||49309|).
[2022-11-13 22:28:47,113] DEBUG - [debug] call: close() (<pyftpdlib.handlers.PassiveDTP listening ::1:0 at 0x1c64a59aef0>)
[2022-11-13 22:28:47,114] DEBUG - [debug] call: close() (<pyftpdlib.handlers.PassiveDTP ::1:0 at 0x1c64a59aef0>)
[2022-11-13 22:28:47,114] DEBUG - ::1:49307-[ubuntu] <- NLST
[2022-11-13 22:28:47,114] DEBUG - ::1:49307-[ubuntu] -> 125 Data connection already open. Transfer starting.
[2022-11-13 22:28:47,114] DEBUG - [debug] call: close() (<DTPHandler(id=1951162543472, addr='::1:49307', user='ubuntu')>)
[2022-11-13 22:28:47,115] DEBUG - ::1:49307-[ubuntu] -> 226 Transfer complete.
[2022-11-13 22:28:47,115] DEBUG - [debug] call: close() (<FTPHandler(id=1951162543472, addr='::1:49307', user='ubuntu')>)
[2022-11-13 22:28:47,115] INFO - ::1:49307-[ubuntu] FTP session closed (disconnect).
[2022-11-13 22:37:21,239] INFO - ::1:49632-[] FTP session opened (connect)
[2022-11-13 22:37:21,239] DEBUG - ::1:49632-[] -> 220 pyftpdlib based ftpd ready.
[2022-11-13 22:37:21,240] DEBUG - ::1:49632-[] <- USER ubuntu
[2022-11-13 22:37:21,240] DEBUG - ::1:49632-[] -> 331 Username ok, send password.
[2022-11-13 22:37:21,240] DEBUG - ::1:49632-[ubuntu] <- PASS ******
[2022-11-13 22:37:21,240] DEBUG - ::1:49632-[ubuntu] -> 230 Login successful.
[2022-11-13 22:37:21,240] INFO - ::1:49632-[ubuntu] USER 'ubuntu' logged in.
[2022-11-13 22:37:21,240] DEBUG - [debug] call: close() (<FTPHandler(id=1951162543472, addr='::1:49632', user='ubuntu')>)
[2022-11-13 22:37:21,240] INFO - ::1:49632-[ubuntu] FTP session closed (disconnect).
[2022-11-13 22:37:23,343] INFO - ::1:49635-[] FTP session opened (connect)
[2022-11-13 22:37:23,343] DEBUG - ::1:49635-[] -> 220 pyftpdlib based ftpd ready.
[2022-11-13 22:37:23,343] DEBUG - ::1:49635-[] <- USER ubuntu
[2022-11-13 22:37:23,343] DEBUG - ::1:49635-[] -> 331 Username ok, send password.
[2022-11-13 22:37:23,343] DEBUG - ::1:49635-[ubuntu] <- PASS ******
[2022-11-13 22:37:23,343] DEBUG - ::1:49635-[ubuntu] -> 230 Login successful.
[2022-11-13 22:37:23,343] INFO - ::1:49635-[ubuntu] USER 'ubuntu' logged in.
[2022-11-13 22:37:23,344] DEBUG - ::1:49635-[ubuntu] <- CWD scripts
[2022-11-13 22:37:23,344] DEBUG - ::1:49635-[ubuntu] -> 250 "/scripts" is the current directory.
[2022-11-13 22:37:23,344] DEBUG - ::1:49635-[ubuntu] <- TYPE A
[2022-11-13 22:37:23,345] DEBUG - ::1:49635-[ubuntu] -> 200 Type set to: ASCII.
[2022-11-13 22:37:23,345] DEBUG - ::1:49635-[ubuntu] <- EPSV
[2022-11-13 22:37:23,345] DEBUG - ::1:49635-[ubuntu] -> 229 Entering extended passive mode (|||49637|).
[2022-11-13 22:37:23,345] DEBUG - [debug] call: close() (<pyftpdlib.handlers.PassiveDTP listening ::1:0 at 0x1c64a59aef0>)
[2022-11-13 22:37:23,345] DEBUG - [debug] call: close() (<pyftpdlib.handlers.PassiveDTP ::1:0 at 0x1c64a59aef0>)
[2022-11-13 22:37:23,345] DEBUG - ::1:49635-[ubuntu] <- NLST
[2022-11-13 22:37:23,346] DEBUG - ::1:49635-[ubuntu] -> 125 Data connection already open. Transfer starting.
[2022-11-13 22:37:23,346] DEBUG - [debug] call: close() (<DTPHandler(id=1951162543472, addr='::1:49635', user='ubuntu')>)
[2022-11-13 22:37:23,347] DEBUG - ::1:49635-[ubuntu] -> 226 Transfer complete.
[2022-11-13 22:37:23,347] DEBUG - [debug] call: close() (<FTPHandler(id=1951162543472, addr='::1:49635', user='ubuntu')>)
[2022-11-13 22:37:23,347] INFO - ::1:49635-[ubuntu] FTP session closed (disconnect).
[2022-11-13 22:42:51,389] INFO - ::1:49894-[] FTP session opened (connect)
[2022-11-13 22:42:51,389] DEBUG - ::1:49894-[] -> 220 pyftpdlib based ftpd ready.
[2022-11-13 22:42:51,389] DEBUG - ::1:49894-[] <- USER ubuntu
[2022-11-13 22:42:51,389] DEBUG - ::1:49894-[] -> 331 Username ok, send password.
[2022-11-13 22:42:51,390] DEBUG - ::1:49894-[ubuntu] <- PASS ******
[2022-11-13 22:42:51,390] DEBUG - ::1:49894-[ubuntu] -> 230 Login successful.
[2022-11-13 22:42:51,390] INFO - ::1:49894-[ubuntu] USER 'ubuntu' logged in.
[2022-11-13 22:42:51,390] DEBUG - [debug] call: close() (<FTPHandler(id=1951162543472, addr='::1:49894', user='ubuntu')>)
[2022-11-13 22:42:51,390] INFO - ::1:49894-[ubuntu] FTP session closed (disconnect).
[2022-11-13 22:42:53,738] INFO - ::1:49904-[] FTP session opened (connect)
[2022-11-13 22:42:53,738] DEBUG - ::1:49904-[] -> 220 pyftpdlib based ftpd ready.
[2022-11-13 22:42:53,738] DEBUG - ::1:49904-[] <- USER ubuntu
[2022-11-13 22:42:53,738] DEBUG - ::1:49904-[] -> 331 Username ok, send password.
[2022-11-13 22:42:53,738] DEBUG - ::1:49904-[ubuntu] <- PASS ******
[2022-11-13 22:42:53,739] DEBUG - ::1:49904-[ubuntu] -> 230 Login successful.
[2022-11-13 22:42:53,739] INFO - ::1:49904-[ubuntu] USER 'ubuntu' logged in.
[2022-11-13 22:42:53,739] DEBUG - ::1:49904-[ubuntu] <- CWD scripts
[2022-11-13 22:42:53,740] DEBUG - ::1:49904-[ubuntu] -> 250 "/scripts" is the current directory.
[2022-11-13 22:42:53,740] DEBUG - ::1:49904-[ubuntu] <- TYPE A
[2022-11-13 22:42:53,740] DEBUG - ::1:49904-[ubuntu] -> 200 Type set to: ASCII.
[2022-11-13 22:42:53,740] DEBUG - ::1:49904-[ubuntu] <- EPSV
[2022-11-13 22:42:53,740] DEBUG - ::1:49904-[ubuntu] -> 229 Entering extended passive mode (|||49906|).
[2022-11-13 22:42:53,741] DEBUG - [debug] call: close() (<pyftpdlib.handlers.PassiveDTP listening ::1:0 at 0x1c64a59aef0>)
[2022-11-13 22:42:53,741] DEBUG - [debug] call: close() (<pyftpdlib.handlers.PassiveDTP ::1:0 at 0x1c64a59aef0>)
[2022-11-13 22:42:53,741] DEBUG - ::1:49904-[ubuntu] <- NLST
[2022-11-13 22:42:53,741] DEBUG - ::1:49904-[ubuntu] -> 125 Data connection already open. Transfer starting.
[2022-11-13 22:42:53,742] DEBUG - [debug] call: close() (<DTPHandler(id=1951162543472, addr='::1:49904', user='ubuntu')>)
[2022-11-13 22:42:53,742] DEBUG - ::1:49904-[ubuntu] -> 226 Transfer complete.
[2022-11-13 22:42:53,742] DEBUG - [debug] call: close() (<FTPHandler(id=1951162543472, addr='::1:49904', user='ubuntu')>)
[2022-11-13 22:42:53,742] INFO - ::1:49904-[ubuntu] FTP session closed (disconnect).
[2022-11-13 22:58:12,458] DEBUG - Checking if there was a video last uploaded 1h ago. Last uploaded 1800s ago
[2022-11-13 23:28:12,462] DEBUG - Checking if there was a video last uploaded 1h ago. Last uploaded 3600s ago
[2022-11-13 23:28:12,463] DEBUG - Checking if videos should be uploaded this hour.
[2022-11-13 23:58:12,472] DEBUG - Checking if there was a video last uploaded 1h ago. Last uploaded 5400s ago
[2022-11-13 23:58:12,472] DEBUG - Checking if videos should be uploaded this hour.
[2022-11-14 00:28:12,482] DEBUG - Checking if there was a video last uploaded 1h ago. Last uploaded 7200s ago
[2022-11-14 00:28:12,482] DEBUG - Checking if videos should be uploaded this hour.
