[2022-11-15 16:55:19,023] INFO - file_cache is only supported with oauth2client<4.0.0
[2022-11-15 16:55:19,067] INFO - Video has been uploaded to youtube
[2022-11-15 16:55:19,592] INFO - concurrency model: async
[2022-11-15 16:55:19,592] INFO - masquerade (NAT) address: None
[2022-11-15 16:55:19,592] INFO - passive ports: None
[2022-11-15 16:55:19,592] DEBUG - poller: 'pyftpdlib.ioloop.Select'
[2022-11-15 16:55:19,592] DEBUG - authorizer: 'pyftpdlib.authorizers.DummyAuthorizer'
[2022-11-15 16:55:19,592] DEBUG - handler: 'pyftpdlib.handlers.type'
[2022-11-15 16:55:19,592] DEBUG - max connections: 256
[2022-11-15 16:55:19,593] DEBUG - max connections per ip: 5
[2022-11-15 16:55:19,593] DEBUG - timeout: 300
[2022-11-15 16:55:19,593] DEBUG - banner: 'pyftpdlib based ftpd ready.'
[2022-11-15 16:55:19,593] DEBUG - max login attempts: 3
[2022-11-15 16:55:19,593] INFO - >>> starting FTP server on :::21, pid=30268 <<<
[2022-11-15 17:02:44,035] INFO - ::1:54373-[] FTP session opened (connect)
[2022-11-15 17:02:44,036] DEBUG - ::1:54373-[] -> 220 pyftpdlib based ftpd ready.
[2022-11-15 17:02:44,036] DEBUG - ::1:54373-[] <- USER ubuntu
[2022-11-15 17:02:44,036] DEBUG - ::1:54373-[] -> 331 Username ok, send password.
[2022-11-15 17:02:44,036] DEBUG - ::1:54373-[ubuntu] <- PASS ******
[2022-11-15 17:02:44,036] DEBUG - ::1:54373-[ubuntu] -> 230 Login successful.
[2022-11-15 17:02:44,037] INFO - ::1:54373-[ubuntu] USER 'ubuntu' logged in.
[2022-11-15 17:02:44,037] DEBUG - [debug] call: close() (<FTPHandler(id=2916232784064, addr='::1:54373', user='ubuntu')>)
[2022-11-15 17:02:44,037] INFO - ::1:54373-[ubuntu] FTP session closed (disconnect).
[2022-11-15 17:02:46,786] INFO - ::1:54376-[] FTP session opened (connect)
[2022-11-15 17:02:46,786] DEBUG - ::1:54376-[] -> 220 pyftpdlib based ftpd ready.
[2022-11-15 17:02:46,786] DEBUG - ::1:54376-[] <- USER ubuntu
[2022-11-15 17:02:46,786] DEBUG - ::1:54376-[] -> 331 Username ok, send password.
[2022-11-15 17:02:46,786] DEBUG - ::1:54376-[ubuntu] <- PASS ******
[2022-11-15 17:02:46,786] DEBUG - ::1:54376-[ubuntu] -> 230 Login successful.
[2022-11-15 17:02:46,786] INFO - ::1:54376-[ubuntu] USER 'ubuntu' logged in.
[2022-11-15 17:02:46,786] DEBUG - ::1:54376-[ubuntu] <- CWD scripts
[2022-11-15 17:02:46,788] DEBUG - ::1:54376-[ubuntu] -> 250 "/scripts" is the current directory.
[2022-11-15 17:02:46,788] DEBUG - ::1:54376-[ubuntu] <- TYPE A
[2022-11-15 17:02:46,788] DEBUG - ::1:54376-[ubuntu] -> 200 Type set to: ASCII.
[2022-11-15 17:02:46,788] DEBUG - ::1:54376-[ubuntu] <- EPSV
[2022-11-15 17:02:46,792] DEBUG - ::1:54376-[ubuntu] -> 229 Entering extended passive mode (|||54378|).
[2022-11-15 17:02:46,792] DEBUG - [debug] call: close() (<pyftpdlib.handlers.PassiveDTP listening ::1:0 at 0x2a6fd04ea40>)
[2022-11-15 17:02:46,793] DEBUG - [debug] call: close() (<pyftpdlib.handlers.PassiveDTP ::1:0 at 0x2a6fd04ea40>)
[2022-11-15 17:02:46,793] DEBUG - ::1:54376-[ubuntu] <- NLST
[2022-11-15 17:02:46,794] DEBUG - ::1:54376-[ubuntu] -> 125 Data connection already open. Transfer starting.
[2022-11-15 17:02:46,794] DEBUG - [debug] call: close() (<DTPHandler(id=2916232784064, addr='::1:54376', user='ubuntu')>)
[2022-11-15 17:02:46,794] DEBUG - ::1:54376-[ubuntu] -> 226 Transfer complete.
[2022-11-15 17:02:46,794] DEBUG - [debug] call: close() (<FTPHandler(id=2916232784064, addr='::1:54376', user='ubuntu')>)
[2022-11-15 17:02:46,794] INFO - ::1:54376-[ubuntu] FTP session closed (disconnect).
[2022-11-15 17:03:59,449] INFO - ::1:54413-[] FTP session opened (connect)
[2022-11-15 17:03:59,449] DEBUG - ::1:54413-[] -> 220 pyftpdlib based ftpd ready.
[2022-11-15 17:03:59,449] DEBUG - ::1:54413-[] <- USER ubuntu
[2022-11-15 17:03:59,449] DEBUG - ::1:54413-[] -> 331 Username ok, send password.
[2022-11-15 17:03:59,449] DEBUG - ::1:54413-[ubuntu] <- PASS ******
[2022-11-15 17:03:59,449] DEBUG - ::1:54413-[ubuntu] -> 230 Login successful.
[2022-11-15 17:03:59,449] INFO - ::1:54413-[ubuntu] USER 'ubuntu' logged in.
[2022-11-15 17:03:59,450] DEBUG - [debug] call: close() (<FTPHandler(id=2916232784064, addr='::1:54413', user='ubuntu')>)
[2022-11-15 17:03:59,450] INFO - ::1:54413-[ubuntu] FTP session closed (disconnect).
[2022-11-15 17:04:01,968] INFO - ::1:54415-[] FTP session opened (connect)
[2022-11-15 17:04:01,968] DEBUG - ::1:54415-[] -> 220 pyftpdlib based ftpd ready.
[2022-11-15 17:04:01,968] DEBUG - ::1:54415-[] <- USER ubuntu
[2022-11-15 17:04:01,968] DEBUG - ::1:54415-[] -> 331 Username ok, send password.
[2022-11-15 17:04:01,968] DEBUG - ::1:54415-[ubuntu] <- PASS ******
[2022-11-15 17:04:01,968] DEBUG - ::1:54415-[ubuntu] -> 230 Login successful.
[2022-11-15 17:04:01,968] INFO - ::1:54415-[ubuntu] USER 'ubuntu' logged in.
[2022-11-15 17:04:01,968] DEBUG - ::1:54415-[ubuntu] <- CWD scripts
[2022-11-15 17:04:01,969] DEBUG - ::1:54415-[ubuntu] -> 250 "/scripts" is the current directory.
[2022-11-15 17:04:01,969] DEBUG - ::1:54415-[ubuntu] <- TYPE A
[2022-11-15 17:04:01,969] DEBUG - ::1:54415-[ubuntu] -> 200 Type set to: ASCII.
[2022-11-15 17:04:01,969] DEBUG - ::1:54415-[ubuntu] <- EPSV
[2022-11-15 17:04:01,970] DEBUG - ::1:54415-[ubuntu] -> 229 Entering extended passive mode (|||54417|).
[2022-11-15 17:04:01,970] DEBUG - [debug] call: close() (<pyftpdlib.handlers.PassiveDTP listening ::1:0 at 0x2a6fd04ea40>)
[2022-11-15 17:04:01,970] DEBUG - [debug] call: close() (<pyftpdlib.handlers.PassiveDTP ::1:0 at 0x2a6fd04ea40>)
[2022-11-15 17:04:01,970] DEBUG - ::1:54415-[ubuntu] <- NLST
[2022-11-15 17:04:01,971] DEBUG - ::1:54415-[ubuntu] -> 125 Data connection already open. Transfer starting.
[2022-11-15 17:04:01,971] DEBUG - [debug] call: close() (<DTPHandler(id=2916232784064, addr='::1:54415', user='ubuntu')>)
[2022-11-15 17:04:01,971] DEBUG - ::1:54415-[ubuntu] -> 226 Transfer complete.
[2022-11-15 17:04:01,971] DEBUG - [debug] call: close() (<FTPHandler(id=2916232784064, addr='::1:54415', user='ubuntu')>)
[2022-11-15 17:04:01,971] INFO - ::1:54415-[ubuntu] FTP session closed (disconnect).
[2022-11-15 17:06:49,759] INFO - ::1:54537-[] FTP session opened (connect)
[2022-11-15 17:06:49,759] DEBUG - ::1:54537-[] -> 220 pyftpdlib based ftpd ready.
[2022-11-15 17:06:49,759] DEBUG - ::1:54537-[] <- USER ubuntu
[2022-11-15 17:06:49,759] DEBUG - ::1:54537-[] -> 331 Username ok, send password.
[2022-11-15 17:06:49,760] DEBUG - ::1:54537-[ubuntu] <- PASS ******
[2022-11-15 17:06:49,760] DEBUG - ::1:54537-[ubuntu] -> 230 Login successful.
[2022-11-15 17:06:49,760] INFO - ::1:54537-[ubuntu] USER 'ubuntu' logged in.
[2022-11-15 17:06:49,760] DEBUG - [debug] call: close() (<FTPHandler(id=2916232784064, addr='::1:54537', user='ubuntu')>)
[2022-11-15 17:06:49,760] INFO - ::1:54537-[ubuntu] FTP session closed (disconnect).
[2022-11-15 17:06:51,591] INFO - ::1:54541-[] FTP session opened (connect)
[2022-11-15 17:06:51,591] DEBUG - ::1:54541-[] -> 220 pyftpdlib based ftpd ready.
[2022-11-15 17:06:51,591] DEBUG - ::1:54541-[] <- USER ubuntu
[2022-11-15 17:06:51,591] DEBUG - ::1:54541-[] -> 331 Username ok, send password.
[2022-11-15 17:06:51,592] DEBUG - ::1:54541-[ubuntu] <- PASS ******
[2022-11-15 17:06:51,592] DEBUG - ::1:54541-[ubuntu] -> 230 Login successful.
[2022-11-15 17:06:51,592] INFO - ::1:54541-[ubuntu] USER 'ubuntu' logged in.
[2022-11-15 17:06:51,592] DEBUG - ::1:54541-[ubuntu] <- CWD scripts
[2022-11-15 17:06:51,593] DEBUG - ::1:54541-[ubuntu] -> 250 "/scripts" is the current directory.
[2022-11-15 17:06:51,593] DEBUG - ::1:54541-[ubuntu] <- TYPE A
[2022-11-15 17:06:51,593] DEBUG - ::1:54541-[ubuntu] -> 200 Type set to: ASCII.
[2022-11-15 17:06:51,593] DEBUG - ::1:54541-[ubuntu] <- EPSV
[2022-11-15 17:06:51,593] DEBUG - ::1:54541-[ubuntu] -> 229 Entering extended passive mode (|||54543|).
[2022-11-15 17:06:51,594] DEBUG - [debug] call: close() (<pyftpdlib.handlers.PassiveDTP listening ::1:0 at 0x2a6fd04ea40>)
[2022-11-15 17:06:51,594] DEBUG - [debug] call: close() (<pyftpdlib.handlers.PassiveDTP ::1:0 at 0x2a6fd04ea40>)
[2022-11-15 17:06:51,594] DEBUG - ::1:54541-[ubuntu] <- NLST
[2022-11-15 17:06:51,594] DEBUG - ::1:54541-[ubuntu] -> 125 Data connection already open. Transfer starting.
[2022-11-15 17:06:51,595] DEBUG - [debug] call: close() (<DTPHandler(id=2916232784064, addr='::1:54541', user='ubuntu')>)
[2022-11-15 17:06:51,595] DEBUG - ::1:54541-[ubuntu] -> 226 Transfer complete.
[2022-11-15 17:06:51,595] DEBUG - [debug] call: close() (<FTPHandler(id=2916232784064, addr='::1:54541', user='ubuntu')>)
[2022-11-15 17:06:51,596] INFO - ::1:54541-[ubuntu] FTP session closed (disconnect).
