[2022-11-29 02:43:40,541] INFO - file_cache is only supported with oauth2client<4.0.0
[2022-11-29 02:43:40,547] DEBUG - URL being requested: GET https://youtube.googleapis.com/youtube/v3/channels?mine=true&part=contentDetails&alt=json
[2022-11-29 02:43:40,639] DEBUG - URL being requested: GET https://youtube.googleapis.com/youtube/v3/playlistItems?playlistId=UURMnbChDeLNwuwkFRRVe1fA&part=snippet&maxResults=5&alt=json
[2022-11-29 02:43:40,825] DEBUG - Next page request URL: list_next https://youtube.googleapis.com/youtube/v3/playlistItems?playlistId=UURMnbChDeLNwuwkFRRVe1fA&part=snippet&maxResults=5&alt=json&pageToken=EAAaBlBUOkNBVQ
[2022-11-29 02:43:40,825] DEBUG - Next page request URL: list_next https://youtube.googleapis.com/youtube/v3/playlistItems?playlistId=UURMnbChDeLNwuwkFRRVe1fA&part=snippet&maxResults=5&alt=json&pageToken=EAAaBlBUOkNBVQ
[2022-11-29 02:43:40,827] DEBUG - Next page request URL: list_next https://youtube.googleapis.com/youtube/v3/playlistItems?playlistId=UURMnbChDeLNwuwkFRRVe1fA&part=snippet&maxResults=5&alt=json&pageToken=EAAaBlBUOkNBVQ
[2022-11-29 02:43:40,828] DEBUG - Next page request URL: list_next https://youtube.googleapis.com/youtube/v3/playlistItems?playlistId=UURMnbChDeLNwuwkFRRVe1fA&part=snippet&maxResults=5&alt=json&pageToken=EAAaBlBUOkNBVQ
[2022-11-29 02:43:40,828] DEBUG - Next page request URL: list_next https://youtube.googleapis.com/youtube/v3/playlistItems?playlistId=UURMnbChDeLNwuwkFRRVe1fA&part=snippet&maxResults=5&alt=json&pageToken=EAAaBlBUOkNBVQ
[2022-11-29 02:43:40,981] DEBUG - Next page request URL: list_next https://youtube.googleapis.com/youtube/v3/playlistItems?playlistId=UURMnbChDeLNwuwkFRRVe1fA&part=snippet&maxResults=5&alt=json&pageToken=EAAaBlBUOkNBbw
[2022-11-29 02:43:40,982] DEBUG - Next page request URL: list_next https://youtube.googleapis.com/youtube/v3/playlistItems?playlistId=UURMnbChDeLNwuwkFRRVe1fA&part=snippet&maxResults=5&alt=json&pageToken=EAAaBlBUOkNBbw
[2022-11-29 02:43:40,983] DEBUG - Next page request URL: list_next https://youtube.googleapis.com/youtube/v3/playlistItems?playlistId=UURMnbChDeLNwuwkFRRVe1fA&part=snippet&maxResults=5&alt=json&pageToken=EAAaBlBUOkNBbw
[2022-11-29 02:43:40,984] DEBUG - Next page request URL: list_next https://youtube.googleapis.com/youtube/v3/playlistItems?playlistId=UURMnbChDeLNwuwkFRRVe1fA&part=snippet&maxResults=5&alt=json&pageToken=EAAaBlBUOkNBbw
[2022-11-29 02:43:40,985] DEBUG - Next page request URL: list_next https://youtube.googleapis.com/youtube/v3/playlistItems?playlistId=UURMnbChDeLNwuwkFRRVe1fA&part=snippet&maxResults=5&alt=json&pageToken=EAAaBlBUOkNBbw
[2022-11-29 02:43:41,152] DEBUG - Next page request URL: list_next https://youtube.googleapis.com/youtube/v3/playlistItems?playlistId=UURMnbChDeLNwuwkFRRVe1fA&part=snippet&maxResults=5&alt=json&pageToken=EAAaBlBUOkNBOA
[2022-11-29 02:43:41,153] DEBUG - Next page request URL: list_next https://youtube.googleapis.com/youtube/v3/playlistItems?playlistId=UURMnbChDeLNwuwkFRRVe1fA&part=snippet&maxResults=5&alt=json&pageToken=EAAaBlBUOkNBOA
[2022-11-29 02:43:41,154] DEBUG - Next page request URL: list_next https://youtube.googleapis.com/youtube/v3/playlistItems?playlistId=UURMnbChDeLNwuwkFRRVe1fA&part=snippet&maxResults=5&alt=json&pageToken=EAAaBlBUOkNBOA
[2022-11-29 02:43:41,155] DEBUG - Next page request URL: list_next https://youtube.googleapis.com/youtube/v3/playlistItems?playlistId=UURMnbChDeLNwuwkFRRVe1fA&part=snippet&maxResults=5&alt=json&pageToken=EAAaBlBUOkNBOA
[2022-11-29 02:43:41,157] DEBUG - Next page request URL: list_next https://youtube.googleapis.com/youtube/v3/playlistItems?playlistId=UURMnbChDeLNwuwkFRRVe1fA&part=snippet&maxResults=5&alt=json&pageToken=EAAaBlBUOkNBOA
[2022-11-29 02:43:41,310] DEBUG - Next page request URL: list_next https://youtube.googleapis.com/youtube/v3/playlistItems?playlistId=UURMnbChDeLNwuwkFRRVe1fA&part=snippet&maxResults=5&alt=json&pageToken=EAAaBlBUOkNCUQ
[2022-11-29 02:43:41,310] DEBUG - Next page request URL: list_next https://youtube.googleapis.com/youtube/v3/playlistItems?playlistId=UURMnbChDeLNwuwkFRRVe1fA&part=snippet&maxResults=5&alt=json&pageToken=EAAaBlBUOkNCUQ
[2022-11-29 02:43:41,311] DEBUG - Next page request URL: list_next https://youtube.googleapis.com/youtube/v3/playlistItems?playlistId=UURMnbChDeLNwuwkFRRVe1fA&part=snippet&maxResults=5&alt=json&pageToken=EAAaBlBUOkNCUQ
[2022-11-29 02:43:41,311] DEBUG - Next page request URL: list_next https://youtube.googleapis.com/youtube/v3/playlistItems?playlistId=UURMnbChDeLNwuwkFRRVe1fA&part=snippet&maxResults=5&alt=json&pageToken=EAAaBlBUOkNCUQ
[2022-11-29 02:43:41,312] DEBUG - Next page request URL: list_next https://youtube.googleapis.com/youtube/v3/playlistItems?playlistId=UURMnbChDeLNwuwkFRRVe1fA&part=snippet&maxResults=5&alt=json&pageToken=EAAaBlBUOkNCUQ
