[2022-11-29 02:44:01,514] INFO - file_cache is only supported with oauth2client<4.0.0
[2022-11-29 02:44:01,519] DEBUG - URL being requested: GET https://youtube.googleapis.com/youtube/v3/channels?mine=true&part=contentDetails&alt=json
[2022-11-29 02:44:01,617] DEBUG - URL being requested: GET https://youtube.googleapis.com/youtube/v3/playlistItems?playlistId=UURMnbChDeLNwuwkFRRVe1fA&part=snippet&maxResults=5&alt=json
[2022-11-29 02:44:01,791] DEBUG - Next page request URL: list_next https://youtube.googleapis.com/youtube/v3/playlistItems?playlistId=UURMnbChDeLNwuwkFRRVe1fA&part=snippet&maxResults=5&alt=json&pageToken=EAAaBlBUOkNBVQ
[2022-11-29 02:44:01,807] DEBUG - Next page request URL: list_next https://youtube.googleapis.com/youtube/v3/playlistItems?playlistId=UURMnbChDeLNwuwkFRRVe1fA&part=snippet&maxResults=5&alt=json&pageToken=EAAaBlBUOkNBVQ
[2022-11-29 02:44:01,808] DEBUG - Next page request URL: list_next https://youtube.googleapis.com/youtube/v3/playlistItems?playlistId=UURMnbChDeLNwuwkFRRVe1fA&part=snippet&maxResults=5&alt=json&pageToken=EAAaBlBUOkNBVQ
[2022-11-29 02:44:01,809] DEBUG - Next page request URL: list_next https://youtube.googleapis.com/youtube/v3/playlistItems?playlistId=UURMnbChDeLNwuwkFRRVe1fA&part=snippet&maxResults=5&alt=json&pageToken=EAAaBlBUOkNBVQ
[2022-11-29 02:44:01,810] DEBUG - Next page request URL: list_next https://youtube.googleapis.com/youtube/v3/playlistItems?playlistId=UURMnbChDeLNwuwkFRRVe1fA&part=snippet&maxResults=5&alt=json&pageToken=EAAaBlBUOkNBVQ
[2022-11-29 02:44:01,984] DEBUG - Next page request URL: list_next https://youtube.googleapis.com/youtube/v3/playlistItems?playlistId=UURMnbChDeLNwuwkFRRVe1fA&part=snippet&maxResults=5&alt=json&pageToken=EAAaBlBUOkNBbw
[2022-11-29 02:44:01,985] DEBUG - Next page request URL: list_next https://youtube.googleapis.com/youtube/v3/playlistItems?playlistId=UURMnbChDeLNwuwkFRRVe1fA&part=snippet&maxResults=5&alt=json&pageToken=EAAaBlBUOkNBbw
[2022-11-29 02:44:01,986] DEBUG - Next page request URL: list_next https://youtube.googleapis.com/youtube/v3/playlistItems?playlistId=UURMnbChDeLNwuwkFRRVe1fA&part=snippet&maxResults=5&alt=json&pageToken=EAAaBlBUOkNBbw
[2022-11-29 02:44:01,987] DEBUG - Next page request URL: list_next https://youtube.googleapis.com/youtube/v3/playlistItems?playlistId=UURMnbChDeLNwuwkFRRVe1fA&part=snippet&maxResults=5&alt=json&pageToken=EAAaBlBUOkNBbw
[2022-11-29 02:44:01,988] DEBUG - Next page request URL: list_next https://youtube.googleapis.com/youtube/v3/playlistItems?playlistId=UURMnbChDeLNwuwkFRRVe1fA&part=snippet&maxResults=5&alt=json&pageToken=EAAaBlBUOkNBbw
[2022-11-29 02:44:02,171] DEBUG - Next page request URL: list_next https://youtube.googleapis.com/youtube/v3/playlistItems?playlistId=UURMnbChDeLNwuwkFRRVe1fA&part=snippet&maxResults=5&alt=json&pageToken=EAAaBlBUOkNBOA
[2022-11-29 02:44:02,172] DEBUG - Next page request URL: list_next https://youtube.googleapis.com/youtube/v3/playlistItems?playlistId=UURMnbChDeLNwuwkFRRVe1fA&part=snippet&maxResults=5&alt=json&pageToken=EAAaBlBUOkNBOA
[2022-11-29 02:44:02,172] DEBUG - Next page request URL: list_next https://youtube.googleapis.com/youtube/v3/playlistItems?playlistId=UURMnbChDeLNwuwkFRRVe1fA&part=snippet&maxResults=5&alt=json&pageToken=EAAaBlBUOkNBOA
[2022-11-29 02:44:02,173] DEBUG - Next page request URL: list_next https://youtube.googleapis.com/youtube/v3/playlistItems?playlistId=UURMnbChDeLNwuwkFRRVe1fA&part=snippet&maxResults=5&alt=json&pageToken=EAAaBlBUOkNBOA
[2022-11-29 02:44:02,174] DEBUG - Next page request URL: list_next https://youtube.googleapis.com/youtube/v3/playlistItems?playlistId=UURMnbChDeLNwuwkFRRVe1fA&part=snippet&maxResults=5&alt=json&pageToken=EAAaBlBUOkNBOA
[2022-11-29 02:44:02,335] DEBUG - Next page request URL: list_next https://youtube.googleapis.com/youtube/v3/playlistItems?playlistId=UURMnbChDeLNwuwkFRRVe1fA&part=snippet&maxResults=5&alt=json&pageToken=EAAaBlBUOkNCUQ
[2022-11-29 02:44:02,336] DEBUG - Next page request URL: list_next https://youtube.googleapis.com/youtube/v3/playlistItems?playlistId=UURMnbChDeLNwuwkFRRVe1fA&part=snippet&maxResults=5&alt=json&pageToken=EAAaBlBUOkNCUQ
[2022-11-29 02:44:02,336] DEBUG - Next page request URL: list_next https://youtube.googleapis.com/youtube/v3/playlistItems?playlistId=UURMnbChDeLNwuwkFRRVe1fA&part=snippet&maxResults=5&alt=json&pageToken=EAAaBlBUOkNCUQ
[2022-11-29 02:44:02,337] DEBUG - Next page request URL: list_next https://youtube.googleapis.com/youtube/v3/playlistItems?playlistId=UURMnbChDeLNwuwkFRRVe1fA&part=snippet&maxResults=5&alt=json&pageToken=EAAaBlBUOkNCUQ
[2022-11-29 02:44:02,337] DEBUG - Next page request URL: list_next https://youtube.googleapis.com/youtube/v3/playlistItems?playlistId=UURMnbChDeLNwuwkFRRVe1fA&part=snippet&maxResults=5&alt=json&pageToken=EAAaBlBUOkNCUQ
