[2022-11-29 02:43:18,904] INFO - file_cache is only supported with oauth2client<4.0.0
[2022-11-29 02:43:18,908] DEBUG - URL being requested: GET https://youtube.googleapis.com/youtube/v3/channels?mine=true&part=contentDetails&alt=json
[2022-11-29 02:43:18,999] DEBUG - URL being requested: GET https://youtube.googleapis.com/youtube/v3/playlistItems?playlistId=UURMnbChDeLNwuwkFRRVe1fA&part=snippet&maxResults=5&alt=json
[2022-11-29 02:43:19,169] DEBUG - Next page request URL: list_next https://youtube.googleapis.com/youtube/v3/playlistItems?playlistId=UURMnbChDeLNwuwkFRRVe1fA&part=snippet&maxResults=5&alt=json&pageToken=EAAaBlBUOkNBVQ
[2022-11-29 02:43:19,171] DEBUG - Next page request URL: list_next https://youtube.googleapis.com/youtube/v3/playlistItems?playlistId=UURMnbChDeLNwuwkFRRVe1fA&part=snippet&maxResults=5&alt=json&pageToken=EAAaBlBUOkNBVQ
[2022-11-29 02:43:19,171] DEBUG - Next page request URL: list_next https://youtube.googleapis.com/youtube/v3/playlistItems?playlistId=UURMnbChDeLNwuwkFRRVe1fA&part=snippet&maxResults=5&alt=json&pageToken=EAAaBlBUOkNBVQ
[2022-11-29 02:43:19,172] DEBUG - Next page request URL: list_next https://youtube.googleapis.com/youtube/v3/playlistItems?playlistId=UURMnbChDeLNwuwkFRRVe1fA&part=snippet&maxResults=5&alt=json&pageToken=EAAaBlBUOkNBVQ
[2022-11-29 02:43:19,173] DEBUG - Next page request URL: list_next https://youtube.googleapis.com/youtube/v3/playlistItems?playlistId=UURMnbChDeLNwuwkFRRVe1fA&part=snippet&maxResults=5&alt=json&pageToken=EAAaBlBUOkNBVQ
[2022-11-29 02:43:19,340] DEBUG - Next page request URL: list_next https://youtube.googleapis.com/youtube/v3/playlistItems?playlistId=UURMnbChDeLNwuwkFRRVe1fA&part=snippet&maxResults=5&alt=json&pageToken=EAAaBlBUOkNBbw
[2022-11-29 02:43:19,340] DEBUG - Next page request URL: list_next https://youtube.googleapis.com/youtube/v3/playlistItems?playlistId=UURMnbChDeLNwuwkFRRVe1fA&part=snippet&maxResults=5&alt=json&pageToken=EAAaBlBUOkNBbw
[2022-11-29 02:43:19,341] DEBUG - Next page request URL: list_next https://youtube.googleapis.com/youtube/v3/playlistItems?playlistId=UURMnbChDeLNwuwkFRRVe1fA&part=snippet&maxResults=5&alt=json&pageToken=EAAaBlBUOkNBbw
[2022-11-29 02:43:19,341] DEBUG - Next page request URL: list_next https://youtube.googleapis.com/youtube/v3/playlistItems?playlistId=UURMnbChDeLNwuwkFRRVe1fA&part=snippet&maxResults=5&alt=json&pageToken=EAAaBlBUOkNBbw
[2022-11-29 02:43:19,341] DEBUG - Next page request URL: list_next https://youtube.googleapis.com/youtube/v3/playlistItems?playlistId=UURMnbChDeLNwuwkFRRVe1fA&part=snippet&maxResults=5&alt=json&pageToken=EAAaBlBUOkNBbw
[2022-11-29 02:43:19,530] DEBUG - Next page request URL: list_next https://youtube.googleapis.com/youtube/v3/playlistItems?playlistId=UURMnbChDeLNwuwkFRRVe1fA&part=snippet&maxResults=5&alt=json&pageToken=EAAaBlBUOkNBOA
[2022-11-29 02:43:19,531] DEBUG - Next page request URL: list_next https://youtube.googleapis.com/youtube/v3/playlistItems?playlistId=UURMnbChDeLNwuwkFRRVe1fA&part=snippet&maxResults=5&alt=json&pageToken=EAAaBlBUOkNBOA
[2022-11-29 02:43:19,532] DEBUG - Next page request URL: list_next https://youtube.googleapis.com/youtube/v3/playlistItems?playlistId=UURMnbChDeLNwuwkFRRVe1fA&part=snippet&maxResults=5&alt=json&pageToken=EAAaBlBUOkNBOA
[2022-11-29 02:43:19,532] DEBUG - Next page request URL: list_next https://youtube.googleapis.com/youtube/v3/playlistItems?playlistId=UURMnbChDeLNwuwkFRRVe1fA&part=snippet&maxResults=5&alt=json&pageToken=EAAaBlBUOkNBOA
[2022-11-29 02:43:19,533] DEBUG - Next page request URL: list_next https://youtube.googleapis.com/youtube/v3/playlistItems?playlistId=UURMnbChDeLNwuwkFRRVe1fA&part=snippet&maxResults=5&alt=json&pageToken=EAAaBlBUOkNBOA
[2022-11-29 02:43:19,702] DEBUG - Next page request URL: list_next https://youtube.googleapis.com/youtube/v3/playlistItems?playlistId=UURMnbChDeLNwuwkFRRVe1fA&part=snippet&maxResults=5&alt=json&pageToken=EAAaBlBUOkNCUQ
[2022-11-29 02:43:19,703] DEBUG - Next page request URL: list_next https://youtube.googleapis.com/youtube/v3/playlistItems?playlistId=UURMnbChDeLNwuwkFRRVe1fA&part=snippet&maxResults=5&alt=json&pageToken=EAAaBlBUOkNCUQ
[2022-11-29 02:43:19,703] DEBUG - Next page request URL: list_next https://youtube.googleapis.com/youtube/v3/playlistItems?playlistId=UURMnbChDeLNwuwkFRRVe1fA&part=snippet&maxResults=5&alt=json&pageToken=EAAaBlBUOkNCUQ
[2022-11-29 02:43:19,704] DEBUG - Next page request URL: list_next https://youtube.googleapis.com/youtube/v3/playlistItems?playlistId=UURMnbChDeLNwuwkFRRVe1fA&part=snippet&maxResults=5&alt=json&pageToken=EAAaBlBUOkNCUQ
[2022-11-29 02:43:19,704] DEBUG - Next page request URL: list_next https://youtube.googleapis.com/youtube/v3/playlistItems?playlistId=UURMnbChDeLNwuwkFRRVe1fA&part=snippet&maxResults=5&alt=json&pageToken=EAAaBlBUOkNCUQ
