[2022-11-29 02:47:14,403] INFO - file_cache is only supported with oauth2client<4.0.0
[2022-11-29 02:47:14,409] DEBUG - URL being requested: GET https://youtube.googleapis.com/youtube/v3/channels?mine=true&part=contentDetails&alt=json
[2022-11-29 02:47:14,495] DEBUG - URL being requested: GET https://youtube.googleapis.com/youtube/v3/playlistItems?playlistId=UURMnbChDeLNwuwkFRRVe1fA&part=snippet&maxResults=5&alt=json
[2022-11-29 02:47:14,648] DEBUG - Next page request URL: list_next https://youtube.googleapis.com/youtube/v3/playlistItems?playlistId=UURMnbChDeLNwuwkFRRVe1fA&part=snippet&maxResults=5&alt=json&pageToken=EAAaBlBUOkNBVQ
[2022-11-29 02:47:14,650] DEBUG - Next page request URL: list_next https://youtube.googleapis.com/youtube/v3/playlistItems?playlistId=UURMnbChDeLNwuwkFRRVe1fA&part=snippet&maxResults=5&alt=json&pageToken=EAAaBlBUOkNBVQ
[2022-11-29 02:47:14,651] DEBUG - Next page request URL: list_next https://youtube.googleapis.com/youtube/v3/playlistItems?playlistId=UURMnbChDeLNwuwkFRRVe1fA&part=snippet&maxResults=5&alt=json&pageToken=EAAaBlBUOkNBVQ
[2022-11-29 02:47:14,652] DEBUG - Next page request URL: list_next https://youtube.googleapis.com/youtube/v3/playlistItems?playlistId=UURMnbChDeLNwuwkFRRVe1fA&part=snippet&maxResults=5&alt=json&pageToken=EAAaBlBUOkNBVQ
[2022-11-29 02:47:14,653] DEBUG - Next page request URL: list_next https://youtube.googleapis.com/youtube/v3/playlistItems?playlistId=UURMnbChDeLNwuwkFRRVe1fA&part=snippet&maxResults=5&alt=json&pageToken=EAAaBlBUOkNBVQ
[2022-11-29 02:47:14,806] DEBUG - Next page request URL: list_next https://youtube.googleapis.com/youtube/v3/playlistItems?playlistId=UURMnbChDeLNwuwkFRRVe1fA&part=snippet&maxResults=5&alt=json&pageToken=EAAaBlBUOkNBbw
[2022-11-29 02:47:14,807] DEBUG - Next page request URL: list_next https://youtube.googleapis.com/youtube/v3/playlistItems?playlistId=UURMnbChDeLNwuwkFRRVe1fA&part=snippet&maxResults=5&alt=json&pageToken=EAAaBlBUOkNBbw
[2022-11-29 02:47:14,807] DEBUG - Next page request URL: list_next https://youtube.googleapis.com/youtube/v3/playlistItems?playlistId=UURMnbChDeLNwuwkFRRVe1fA&part=snippet&maxResults=5&alt=json&pageToken=EAAaBlBUOkNBbw
[2022-11-29 02:47:14,808] DEBUG - Next page request URL: list_next https://youtube.googleapis.com/youtube/v3/playlistItems?playlistId=UURMnbChDeLNwuwkFRRVe1fA&part=snippet&maxResults=5&alt=json&pageToken=EAAaBlBUOkNBbw
[2022-11-29 02:47:14,808] DEBUG - Next page request URL: list_next https://youtube.googleapis.com/youtube/v3/playlistItems?playlistId=UURMnbChDeLNwuwkFRRVe1fA&part=snippet&maxResults=5&alt=json&pageToken=EAAaBlBUOkNBbw
[2022-11-29 02:47:14,960] DEBUG - Next page request URL: list_next https://youtube.googleapis.com/youtube/v3/playlistItems?playlistId=UURMnbChDeLNwuwkFRRVe1fA&part=snippet&maxResults=5&alt=json&pageToken=EAAaBlBUOkNBOA
[2022-11-29 02:47:14,961] DEBUG - Next page request URL: list_next https://youtube.googleapis.com/youtube/v3/playlistItems?playlistId=UURMnbChDeLNwuwkFRRVe1fA&part=snippet&maxResults=5&alt=json&pageToken=EAAaBlBUOkNBOA
[2022-11-29 02:47:14,961] DEBUG - Next page request URL: list_next https://youtube.googleapis.com/youtube/v3/playlistItems?playlistId=UURMnbChDeLNwuwkFRRVe1fA&part=snippet&maxResults=5&alt=json&pageToken=EAAaBlBUOkNBOA
[2022-11-29 02:47:14,962] DEBUG - Next page request URL: list_next https://youtube.googleapis.com/youtube/v3/playlistItems?playlistId=UURMnbChDeLNwuwkFRRVe1fA&part=snippet&maxResults=5&alt=json&pageToken=EAAaBlBUOkNBOA
[2022-11-29 02:47:14,962] DEBUG - Next page request URL: list_next https://youtube.googleapis.com/youtube/v3/playlistItems?playlistId=UURMnbChDeLNwuwkFRRVe1fA&part=snippet&maxResults=5&alt=json&pageToken=EAAaBlBUOkNBOA
[2022-11-29 02:47:15,148] DEBUG - Next page request URL: list_next https://youtube.googleapis.com/youtube/v3/playlistItems?playlistId=UURMnbChDeLNwuwkFRRVe1fA&part=snippet&maxResults=5&alt=json&pageToken=EAAaBlBUOkNCUQ
[2022-11-29 02:47:15,149] DEBUG - Next page request URL: list_next https://youtube.googleapis.com/youtube/v3/playlistItems?playlistId=UURMnbChDeLNwuwkFRRVe1fA&part=snippet&maxResults=5&alt=json&pageToken=EAAaBlBUOkNCUQ
[2022-11-29 02:47:15,150] DEBUG - Next page request URL: list_next https://youtube.googleapis.com/youtube/v3/playlistItems?playlistId=UURMnbChDeLNwuwkFRRVe1fA&part=snippet&maxResults=5&alt=json&pageToken=EAAaBlBUOkNCUQ
[2022-11-29 02:47:15,151] DEBUG - Next page request URL: list_next https://youtube.googleapis.com/youtube/v3/playlistItems?playlistId=UURMnbChDeLNwuwkFRRVe1fA&part=snippet&maxResults=5&alt=json&pageToken=EAAaBlBUOkNCUQ
[2022-11-29 02:47:15,152] DEBUG - Next page request URL: list_next https://youtube.googleapis.com/youtube/v3/playlistItems?playlistId=UURMnbChDeLNwuwkFRRVe1fA&part=snippet&maxResults=5&alt=json&pageToken=EAAaBlBUOkNCUQ
