[2022-11-29 02:45:42,817] INFO - file_cache is only supported with oauth2client<4.0.0
[2022-11-29 02:45:42,822] DEBUG - URL being requested: GET https://youtube.googleapis.com/youtube/v3/channels?mine=true&part=contentDetails&alt=json
[2022-11-29 02:45:42,974] DEBUG - URL being requested: GET https://youtube.googleapis.com/youtube/v3/playlistItems?playlistId=UURMnbChDeLNwuwkFRRVe1fA&part=snippet&maxResults=5&alt=json
[2022-11-29 02:45:43,121] DEBUG - Next page request URL: list_next https://youtube.googleapis.com/youtube/v3/playlistItems?playlistId=UURMnbChDeLNwuwkFRRVe1fA&part=snippet&maxResults=5&alt=json&pageToken=EAAaBlBUOkNBVQ
[2022-11-29 02:45:43,131] DEBUG - Next page request URL: list_next https://youtube.googleapis.com/youtube/v3/playlistItems?playlistId=UURMnbChDeLNwuwkFRRVe1fA&part=snippet&maxResults=5&alt=json&pageToken=EAAaBlBUOkNBVQ
[2022-11-29 02:45:43,132] DEBUG - Next page request URL: list_next https://youtube.googleapis.com/youtube/v3/playlistItems?playlistId=UURMnbChDeLNwuwkFRRVe1fA&part=snippet&maxResults=5&alt=json&pageToken=EAAaBlBUOkNBVQ
[2022-11-29 02:45:43,133] DEBUG - Next page request URL: list_next https://youtube.googleapis.com/youtube/v3/playlistItems?playlistId=UURMnbChDeLNwuwkFRRVe1fA&part=snippet&maxResults=5&alt=json&pageToken=EAAaBlBUOkNBVQ
[2022-11-29 02:45:43,134] DEBUG - Next page request URL: list_next https://youtube.googleapis.com/youtube/v3/playlistItems?playlistId=UURMnbChDeLNwuwkFRRVe1fA&part=snippet&maxResults=5&alt=json&pageToken=EAAaBlBUOkNBVQ
[2022-11-29 02:45:43,318] DEBUG - Next page request URL: list_next https://youtube.googleapis.com/youtube/v3/playlistItems?playlistId=UURMnbChDeLNwuwkFRRVe1fA&part=snippet&maxResults=5&alt=json&pageToken=EAAaBlBUOkNBbw
[2022-11-29 02:45:43,319] DEBUG - Next page request URL: list_next https://youtube.googleapis.com/youtube/v3/playlistItems?playlistId=UURMnbChDeLNwuwkFRRVe1fA&part=snippet&maxResults=5&alt=json&pageToken=EAAaBlBUOkNBbw
[2022-11-29 02:45:43,320] DEBUG - Next page request URL: list_next https://youtube.googleapis.com/youtube/v3/playlistItems?playlistId=UURMnbChDeLNwuwkFRRVe1fA&part=snippet&maxResults=5&alt=json&pageToken=EAAaBlBUOkNBbw
[2022-11-29 02:45:43,321] DEBUG - Next page request URL: list_next https://youtube.googleapis.com/youtube/v3/playlistItems?playlistId=UURMnbChDeLNwuwkFRRVe1fA&part=snippet&maxResults=5&alt=json&pageToken=EAAaBlBUOkNBbw
[2022-11-29 02:45:43,322] DEBUG - Next page request URL: list_next https://youtube.googleapis.com/youtube/v3/playlistItems?playlistId=UURMnbChDeLNwuwkFRRVe1fA&part=snippet&maxResults=5&alt=json&pageToken=EAAaBlBUOkNBbw
[2022-11-29 02:45:43,484] DEBUG - Next page request URL: list_next https://youtube.googleapis.com/youtube/v3/playlistItems?playlistId=UURMnbChDeLNwuwkFRRVe1fA&part=snippet&maxResults=5&alt=json&pageToken=EAAaBlBUOkNBOA
[2022-11-29 02:45:43,484] DEBUG - Next page request URL: list_next https://youtube.googleapis.com/youtube/v3/playlistItems?playlistId=UURMnbChDeLNwuwkFRRVe1fA&part=snippet&maxResults=5&alt=json&pageToken=EAAaBlBUOkNBOA
[2022-11-29 02:45:43,485] DEBUG - Next page request URL: list_next https://youtube.googleapis.com/youtube/v3/playlistItems?playlistId=UURMnbChDeLNwuwkFRRVe1fA&part=snippet&maxResults=5&alt=json&pageToken=EAAaBlBUOkNBOA
[2022-11-29 02:45:43,485] DEBUG - Next page request URL: list_next https://youtube.googleapis.com/youtube/v3/playlistItems?playlistId=UURMnbChDeLNwuwkFRRVe1fA&part=snippet&maxResults=5&alt=json&pageToken=EAAaBlBUOkNBOA
[2022-11-29 02:45:43,487] DEBUG - Next page request URL: list_next https://youtube.googleapis.com/youtube/v3/playlistItems?playlistId=UURMnbChDeLNwuwkFRRVe1fA&part=snippet&maxResults=5&alt=json&pageToken=EAAaBlBUOkNBOA
[2022-11-29 02:45:43,643] DEBUG - Next page request URL: list_next https://youtube.googleapis.com/youtube/v3/playlistItems?playlistId=UURMnbChDeLNwuwkFRRVe1fA&part=snippet&maxResults=5&alt=json&pageToken=EAAaBlBUOkNCUQ
[2022-11-29 02:45:43,643] DEBUG - Next page request URL: list_next https://youtube.googleapis.com/youtube/v3/playlistItems?playlistId=UURMnbChDeLNwuwkFRRVe1fA&part=snippet&maxResults=5&alt=json&pageToken=EAAaBlBUOkNCUQ
[2022-11-29 02:45:43,644] DEBUG - Next page request URL: list_next https://youtube.googleapis.com/youtube/v3/playlistItems?playlistId=UURMnbChDeLNwuwkFRRVe1fA&part=snippet&maxResults=5&alt=json&pageToken=EAAaBlBUOkNCUQ
[2022-11-29 02:45:43,644] DEBUG - Next page request URL: list_next https://youtube.googleapis.com/youtube/v3/playlistItems?playlistId=UURMnbChDeLNwuwkFRRVe1fA&part=snippet&maxResults=5&alt=json&pageToken=EAAaBlBUOkNCUQ
[2022-11-29 02:45:43,645] DEBUG - Next page request URL: list_next https://youtube.googleapis.com/youtube/v3/playlistItems?playlistId=UURMnbChDeLNwuwkFRRVe1fA&part=snippet&maxResults=5&alt=json&pageToken=EAAaBlBUOkNCUQ
